Line 94: Class MSMask.MaskEdBox of control txtDateReleased was not a loaded control class.
Line 119: Class MSMask.MaskEdBox of control txtDateReceived was not a loaded control class.
Line 144: Class MSMask.MaskEdBox of control txtPullOutDate was not a loaded control class.
Line 1881: Class MSMask.MaskEdBox of control txtPurchPrice was not a loaded control class.
Line 1904: Class MSMask.MaskEdBox of control txtSubTotalCost was not a loaded control class.
Line 1929: Class MSMask.MaskEdBox of control txtSubisidy was not a loaded control class.
Line 1952: Class MSMask.MaskEdBox of control txtAccSummation was not a loaded control class.
Line 1976: Class MSMask.MaskEdBox of control txtFBBody was not a loaded control class.
Line 1999: Class MSMask.MaskEdBox of control txtAircon was not a loaded control class.
Line 2022: Class MSMask.MaskEdBox of control txtStereo was not a loaded control class.
Line 2045: Class MSMask.MaskEdBox of control txtCodeAlarm was not a loaded control class.
Line 2068: Class MSMask.MaskEdBox of control txtPullOut was not a loaded control class.
Line 2091: Class MSMask.MaskEdBox of control txtLto was not a loaded control class.
Line 2114: Class MSMask.MaskEdBox of control txtTint was not a loaded control class.
Line 2137: Class MSMask.MaskEdBox of control txtSeatCover was not a loaded control class.
Line 2160: Class MSMask.MaskEdBox of control txtMSPlusCard was not a loaded control class.
Line 2183: Class MSMask.MaskEdBox of control txtFloormat was not a loaded control class.
Line 2206: Class MSMask.MaskEdBox of control txtTotalCost was not a loaded control class.
Line 2684: Class Crystal.CrystalReport of control rptMRR was not a loaded control class.
Line 3135: Class XtremeShortcutBar.ShortcutCaption of control ShortcutCaption1 was not a loaded control class.
