Line 38: Class wizButton.cmd of control cmdDebitMemo was not a loaded control class.
Line 62: Class Crystal.CrystalReport of control rptPrint was not a loaded control class.
Line 74: Class wizButton.cmd of control cmdCreditMemo was not a loaded control class.
Line 98: Class wizButton.cmd of control cmdVDR was not a loaded control class.
Line 122: Class wizButton.cmd of control cmdVI was not a loaded control class.
Line 146: Class wizButton.cmd of control cmdExit was not a loaded control class.
Line 170: Class wizButton.cmd of control cmd1 was not a loaded control class.
Line 194: Class wizButton.cmd of control cmdReleaseOrder was not a loaded control class.
Line 218: Class wizButton.cmd of control cmdClearance was not a loaded control class.
Line 243: Class wizButton.cmd of control cmdDR was not a loaded control class.
Line 267: Class wizButton.cmd of control cmd4 was not a loaded control class.
Line 291: Class wizButton.cmd of control cmd6 was not a loaded control class.
Line 315: Class wizButton.cmd of control cmdTransaction was not a loaded control class.
Line 339: Class wizButton.cmd of control cmdjob was not a loaded control class.
Line 404: Class wizButton.cmd of control cmdPrintCreditMemo was not a loaded control class.
Line 427: Class wizButton.cmd of control cmd5 was not a loaded control class.
Line 468: Class XtremeShortcutBar.ShortcutCaption of control ShortcutCaption2 was not a loaded control class.
Line 530: Class wizButton.cmd of control cmdPrintDebitmemo was not a loaded control class.
Line 553: Class wizButton.cmd of control cmd7 was not a loaded control class.
Line 594: Class XtremeShortcutBar.ShortcutCaption of control ShortcutCaption4 was not a loaded control class.
