Line 38: Class Crystal.CrystalReport of control rptPrint was not a loaded control class.
Line 49: Class wizButton.cmd of control cmdCreditMemo was not a loaded control class.
Line 73: Class wizButton.cmd of control cmdDebitMemo was not a loaded control class.
Line 97: Class wizButton.cmd of control cmdVDR was not a loaded control class.
Line 121: Class wizButton.cmd of control cmdVI was not a loaded control class.
Line 145: Class wizButton.cmd of control cmdExit was not a loaded control class.
Line 169: Class wizButton.cmd of control cmd1 was not a loaded control class.
Line 193: Class wizButton.cmd of control cmdReleaseOrder was not a loaded control class.
Line 217: Class wizButton.cmd of control cmdClearance was not a loaded control class.
Line 242: Class wizButton.cmd of control cmdDR was not a loaded control class.
Line 266: Class wizButton.cmd of control cmd4 was not a loaded control class.
Line 290: Class wizButton.cmd of control cmd6 was not a loaded control class.
Line 314: Class wizButton.cmd of control cmdTransaction was not a loaded control class.
Line 338: Class wizButton.cmd of control cmdjob was not a loaded control class.
Line 362: Class wizButton.cmd of control cmdAuthorization was not a loaded control class.
Line 386: Class wizButton.cmd of control cmdPlateEndingRequest was not a loaded control class.
Line 410: Class wizButton.cmd of control cmdRequestVehicleRegistration was not a loaded control class.
Line 474: Class wizButton.cmd of control cmdPrintDebitmemo was not a loaded control class.
Line 497: Class wizButton.cmd of control cmd7 was not a loaded control class.
Line 538: Class XtremeShortcutBar.ShortcutCaption of control ShortcutCaption4 was not a loaded control class.
Line 601: Class wizButton.cmd of control cmdPrintCreditMemo was not a loaded control class.
Line 624: Class wizButton.cmd of control cmd5 was not a loaded control class.
Line 665: Class XtremeShortcutBar.ShortcutCaption of control ShortcutCaption2 was not a loaded control class.
