Line 28: Class XtremeSuiteControls.TabControl of control TabControl3 was not a loaded control class.
Line 65: Class XtremeSuiteControls.TabControlPage of control TabControlPage6 was not a loaded control class.
Line 279: Class XtremeSuiteControls.TabControlPage of control TabControlPage5 was not a loaded control class.
Line 290: Class XtremeSuiteControls.TabControl of control TabControl1 was not a loaded control class.
Line 2016: Class XtremeSuiteControls.TabControlPage of control TabControlPage4 was not a loaded control class.
Line 2028: Class XtremeSuiteControls.TabControlPage of control TabControlPage3 was not a loaded control class.
Line 2039: Class XtremeSuiteControls.TabControl of control TabControl2 was not a loaded control class.
Line 2723: Class XtremeSuiteControls.TabControlPage of control TabControlPage2 was not a loaded control class.
Line 3271: Class XtremeSuiteControls.TabControlPage of control TabControlPage1 was not a loaded control class.
Line 3811: Class Crystal.CrystalReport of control CrystalReport1 was not a loaded control class.
Line 34: The property name _Version in TabControl3 is invalid.
Line 35: The property name _ExtentX in TabControl3 is invalid.
Line 36: The property name _ExtentY in TabControl3 is invalid.
Line 37: The property name _StockProps in TabControl3 is invalid.
Line 38: The property name DrawFocusRect in TabControl3 is invalid.
Line 39: The property name AutoResizeClient in TabControl3 is invalid.
Line 41: The property name Color in TabControl3 is invalid.
Line 42: The property name PaintManager.Layout in TabControl3 is invalid.
Line 43: The property name PaintManager.BoldSelected in TabControl3 is invalid.
Line 44: The property name PaintManager.HotTracking in TabControl3 is invalid.
Line 45: The property name PaintManager.ShowIcons in TabControl3 is invalid.
Line 46: The property name PaintManager.LargeIcons in TabControl3 is invalid.
Line 47: The property name PaintManager.FixedTabWidth in TabControl3 is invalid.
Line 48: The property name ItemCount in TabControl3 is invalid.
Line 49: The property name Item(0).Caption in TabControl3 is invalid.
Line 50: The property name Item(0).ControlCount in TabControl3 is invalid.
Line 51: The property name Item(0).Control(0) in TabControl3 is invalid.
Line 52: The property name Item(1).Caption in TabControl3 is invalid.
Line 53: The property name Item(1).ControlCount in TabControl3 is invalid.
Line 54: The property name Item(1).Control(0) in TabControl3 is invalid.
Line 55: The property name Item(2).Caption in TabControl3 is invalid.
Line 56: The property name Item(2).ControlCount in TabControl3 is invalid.
Line 57: The property name Item(2).Control(0) in TabControl3 is invalid.
Line 58: The property name Item(3).Caption in TabControl3 is invalid.
Line 59: The property name Item(3).ControlCount in TabControl3 is invalid.
Line 60: The property name Item(3).Control(0) in TabControl3 is invalid.
Line 61: The property name Item(3).Control(1) in TabControl3 is invalid.
Line 62: The property name Item(4).Caption in TabControl3 is invalid.
Line 63: The property name Item(4).ControlCount in TabControl3 is invalid.
Line 64: The property name Item(4).Control(0) in TabControl3 is invalid.
Line 28: Property Appearance in TabControl3 could not be set.
Line 72: The property name _Version in TabControlPage6 is invalid.
Line 73: The property name _ExtentX in TabControlPage6 is invalid.
Line 74: The property name _ExtentY in TabControlPage6 is invalid.
Line 75: The property name _StockProps in TabControlPage6 is invalid.
Line 286: The property name _Version in TabControlPage5 is invalid.
Line 287: The property name _ExtentX in TabControlPage5 is invalid.
Line 288: The property name _ExtentY in TabControlPage5 is invalid.
Line 289: The property name _StockProps in TabControlPage5 is invalid.
Line 296: The property name _Version in TabControl1 is invalid.
Line 297: The property name _ExtentX in TabControl1 is invalid.
Line 298: The property name _ExtentY in TabControl1 is invalid.
Line 299: The property name _StockProps in TabControl1 is invalid.
Line 300: The property name AutoResizeClient in TabControl1 is invalid.
Line 302: The property name Color in TabControl1 is invalid.
Line 303: The property name PaintManager.BoldSelected in TabControl1 is invalid.
Line 304: The property name PaintManager.HotTracking in TabControl1 is invalid.
Line 305: The property name PaintManager.ShowIcons in TabControl1 is invalid.
Line 306: The property name PaintManager.LargeIcons in TabControl1 is invalid.
Line 307: The property name PaintManager.FixedTabWidth in TabControl1 is invalid.
Line 308: The property name PaintManager.MinTabWidth in TabControl1 is invalid.
Line 309: The property name ItemCount in TabControl1 is invalid.
Line 310: The property name SelectedItem in TabControl1 is invalid.
Line 311: The property name Item(0).Caption in TabControl1 is invalid.
Line 312: The property name Item(0).ControlCount in TabControl1 is invalid.
Line 313: The property name Item(0).Control(0) in TabControl1 is invalid.
Line 314: The property name Item(0).Control(1) in TabControl1 is invalid.
Line 315: The property name Item(0).Control(2) in TabControl1 is invalid.
Line 316: The property name Item(0).Control(3) in TabControl1 is invalid.
Line 317: The property name Item(0).Control(4) in TabControl1 is invalid.
Line 318: The property name Item(0).Control(5) in TabControl1 is invalid.
Line 319: The property name Item(0).Control(6) in TabControl1 is invalid.
Line 320: The property name Item(0).Control(7) in TabControl1 is invalid.
Line 321: The property name Item(0).Control(8) in TabControl1 is invalid.
Line 322: The property name Item(0).Control(9) in TabControl1 is invalid.
Line 323: The property name Item(0).Control(10) in TabControl1 is invalid.
Line 324: The property name Item(0).Control(11) in TabControl1 is invalid.
Line 325: The property name Item(0).Control(12) in TabControl1 is invalid.
Line 326: The property name Item(0).Control(13) in TabControl1 is invalid.
Line 327: The property name Item(0).Control(14) in TabControl1 is invalid.
Line 328: The property name Item(0).Control(15) in TabControl1 is invalid.
Line 329: The property name Item(0).Control(16) in TabControl1 is invalid.
Line 330: The property name Item(0).Control(17) in TabControl1 is invalid.
Line 331: The property name Item(0).Control(18) in TabControl1 is invalid.
Line 332: The property name Item(0).Control(19) in TabControl1 is invalid.
Line 333: The property name Item(1).Caption in TabControl1 is invalid.
Line 334: The property name Item(1).ControlCount in TabControl1 is invalid.
Line 335: The property name Item(1).Control(0) in TabControl1 is invalid.
Line 336: The property name Item(1).Control(1) in TabControl1 is invalid.
Line 337: The property name Item(1).Control(2) in TabControl1 is invalid.
Line 338: The property name Item(1).Control(3) in TabControl1 is invalid.
Line 339: The property name Item(1).Control(4) in TabControl1 is invalid.
Line 340: The property name Item(1).Control(5) in TabControl1 is invalid.
Line 341: The property name Item(1).Control(6) in TabControl1 is invalid.
Line 342: The property name Item(1).Control(7) in TabControl1 is invalid.
Line 343: The property name Item(1).Control(8) in TabControl1 is invalid.
Line 344: The property name Item(1).Control(9) in TabControl1 is invalid.
Line 345: The property name Item(1).Control(10) in TabControl1 is invalid.
Line 346: The property name Item(1).Control(11) in TabControl1 is invalid.
Line 347: The property name Item(1).Control(12) in TabControl1 is invalid.
Line 348: The property name Item(1).Control(13) in TabControl1 is invalid.
Line 349: The property name Item(1).Control(14) in TabControl1 is invalid.
Line 350: The property name Item(1).Control(15) in TabControl1 is invalid.
Line 351: The property name Item(1).Control(16) in TabControl1 is invalid.
Line 352: The property name Item(1).Control(17) in TabControl1 is invalid.
Line 353: The property name Item(1).Control(18) in TabControl1 is invalid.
Line 354: The property name Item(1).Control(19) in TabControl1 is invalid.
Line 355: The property name Item(1).Control(20) in TabControl1 is invalid.
Line 356: The property name Item(1).Control(21) in TabControl1 is invalid.
Line 357: The property name Item(1).Control(22) in TabControl1 is invalid.
Line 358: The property name Item(1).Control(23) in TabControl1 is invalid.
Line 359: The property name Item(2).Caption in TabControl1 is invalid.
Line 360: The property name Item(2).ControlCount in TabControl1 is invalid.
Line 361: The property name Item(2).Control(0) in TabControl1 is invalid.
Line 362: The property name Item(2).Control(1) in TabControl1 is invalid.
Line 363: The property name Item(2).Control(2) in TabControl1 is invalid.
Line 364: The property name Item(2).Control(3) in TabControl1 is invalid.
Line 365: The property name Item(2).Control(4) in TabControl1 is invalid.
Line 366: The property name Item(2).Control(5) in TabControl1 is invalid.
Line 367: The property name Item(2).Control(6) in TabControl1 is invalid.
Line 368: The property name Item(2).Control(7) in TabControl1 is invalid.
Line 369: The property name Item(2).Control(8) in TabControl1 is invalid.
Line 370: The property name Item(2).Control(9) in TabControl1 is invalid.
Line 371: The property name Item(2).Control(10) in TabControl1 is invalid.
Line 372: The property name Item(2).Control(11) in TabControl1 is invalid.
Line 373: The property name Item(2).Control(12) in TabControl1 is invalid.
Line 374: The property name Item(2).Control(13) in TabControl1 is invalid.
Line 375: The property name Item(2).Control(14) in TabControl1 is invalid.
Line 376: The property name Item(2).Control(15) in TabControl1 is invalid.
Line 377: The property name Item(2).Control(16) in TabControl1 is invalid.
Line 378: The property name Item(2).Control(17) in TabControl1 is invalid.
Line 379: The property name Item(2).Control(18) in TabControl1 is invalid.
Line 380: The property name Item(2).Control(19) in TabControl1 is invalid.
Line 381: The property name Item(3).Caption in TabControl1 is invalid.
Line 382: The property name Item(3).ControlCount in TabControl1 is invalid.
Line 383: The property name Item(3).Control(0) in TabControl1 is invalid.
Line 384: The property name Item(3).Control(1) in TabControl1 is invalid.
Line 385: The property name Item(3).Control(2) in TabControl1 is invalid.
Line 386: The property name Item(3).Control(3) in TabControl1 is invalid.
Line 387: The property name Item(3).Control(4) in TabControl1 is invalid.
Line 388: The property name Item(3).Control(5) in TabControl1 is invalid.
Line 389: The property name Item(3).Control(6) in TabControl1 is invalid.
Line 390: The property name Item(3).Control(7) in TabControl1 is invalid.
Line 391: The property name Item(3).Control(8) in TabControl1 is invalid.
Line 392: The property name Item(3).Control(9) in TabControl1 is invalid.
Line 393: The property name Item(3).Control(10) in TabControl1 is invalid.
Line 394: The property name Item(3).Control(11) in TabControl1 is invalid.
Line 395: The property name Item(3).Control(12) in TabControl1 is invalid.
Line 396: The property name Item(3).Control(13) in TabControl1 is invalid.
Line 397: The property name Item(3).Control(14) in TabControl1 is invalid.
Line 398: The property name Item(3).Control(15) in TabControl1 is invalid.
Line 399: The property name Item(3).Control(16) in TabControl1 is invalid.
Line 400: The property name Item(3).Control(17) in TabControl1 is invalid.
Line 401: The property name Item(3).Control(18) in TabControl1 is invalid.
Line 402: The property name Item(3).Control(19) in TabControl1 is invalid.
Line 403: The property name Item(3).Control(20) in TabControl1 is invalid.
Line 404: The property name Item(3).Control(21) in TabControl1 is invalid.
Line 405: The property name Item(3).Control(22) in TabControl1 is invalid.
Line 406: The property name Item(3).Control(23) in TabControl1 is invalid.
Line 407: The property name Item(3).Control(24) in TabControl1 is invalid.
Line 408: The property name Item(3).Control(25) in TabControl1 is invalid.
Line 409: The property name Item(3).Control(26) in TabControl1 is invalid.
Line 410: The property name Item(3).Control(27) in TabControl1 is invalid.
Line 411: The property name Item(3).Control(28) in TabControl1 is invalid.
Line 412: The property name Item(3).Control(29) in TabControl1 is invalid.
Line 290: Property Appearance in TabControl1 could not be set.
Line 2023: The property name _Version in TabControlPage4 is invalid.
Line 2024: The property name _ExtentX in TabControlPage4 is invalid.
Line 2025: The property name _ExtentY in TabControlPage4 is invalid.
Line 2026: The property name _StockProps in TabControlPage4 is invalid.
Line 2035: The property name _Version in TabControlPage3 is invalid.
Line 2036: The property name _ExtentX in TabControlPage3 is invalid.
Line 2037: The property name _ExtentY in TabControlPage3 is invalid.
Line 2038: The property name _StockProps in TabControlPage3 is invalid.
Line 2045: The property name _Version in TabControl2 is invalid.
Line 2046: The property name _ExtentX in TabControl2 is invalid.
Line 2047: The property name _ExtentY in TabControl2 is invalid.
Line 2048: The property name _StockProps in TabControl2 is invalid.
Line 2050: The property name Color in TabControl2 is invalid.
Line 2051: The property name PaintManager.BoldSelected in TabControl2 is invalid.
Line 2052: The property name PaintManager.ShowIcons in TabControl2 is invalid.
Line 2053: The property name PaintManager.LargeIcons in TabControl2 is invalid.
Line 2054: The property name PaintManager.FixedTabWidth in TabControl2 is invalid.
Line 2055: The property name PaintManager.MinTabWidth in TabControl2 is invalid.
Line 2056: The property name ItemCount in TabControl2 is invalid.
Line 2057: The property name Item(0).Caption in TabControl2 is invalid.
Line 2058: The property name Item(0).ControlCount in TabControl2 is invalid.
Line 2059: The property name Item(0).Control(0) in TabControl2 is invalid.
Line 2060: The property name Item(0).Control(1) in TabControl2 is invalid.
Line 2061: The property name Item(0).Control(2) in TabControl2 is invalid.
Line 2062: The property name Item(0).Control(3) in TabControl2 is invalid.
Line 2063: The property name Item(0).Control(4) in TabControl2 is invalid.
Line 2064: The property name Item(0).Control(5) in TabControl2 is invalid.
Line 2065: The property name Item(0).Control(6) in TabControl2 is invalid.
Line 2066: The property name Item(0).Control(7) in TabControl2 is invalid.
Line 2067: The property name Item(1).Caption in TabControl2 is invalid.
Line 2068: The property name Item(1).ControlCount in TabControl2 is invalid.
Line 2069: The property name Item(1).Control(0) in TabControl2 is invalid.
Line 2070: The property name Item(1).Control(1) in TabControl2 is invalid.
Line 2071: The property name Item(1).Control(2) in TabControl2 is invalid.
Line 2072: The property name Item(1).Control(3) in TabControl2 is invalid.
Line 2073: The property name Item(1).Control(4) in TabControl2 is invalid.
Line 2074: The property name Item(1).Control(5) in TabControl2 is invalid.
Line 2075: The property name Item(1).Control(6) in TabControl2 is invalid.
Line 2076: The property name Item(1).Control(7) in TabControl2 is invalid.
Line 2077: The property name Item(1).Control(8) in TabControl2 is invalid.
Line 2078: The property name Item(1).Control(9) in TabControl2 is invalid.
Line 2079: The property name Item(1).Control(10) in TabControl2 is invalid.
Line 2080: The property name Item(1).Control(11) in TabControl2 is invalid.
Line 2081: The property name Item(1).Control(12) in TabControl2 is invalid.
Line 2082: The property name Item(1).Control(13) in TabControl2 is invalid.
Line 2083: The property name Item(1).Control(14) in TabControl2 is invalid.
Line 2084: The property name Item(1).Control(15) in TabControl2 is invalid.
Line 2085: The property name Item(2).Caption in TabControl2 is invalid.
Line 2086: The property name Item(2).ControlCount in TabControl2 is invalid.
Line 2087: The property name Item(2).Control(0) in TabControl2 is invalid.
Line 2088: The property name Item(2).Control(1) in TabControl2 is invalid.
Line 2089: The property name Item(2).Control(2) in TabControl2 is invalid.
Line 2090: The property name Item(2).Control(3) in TabControl2 is invalid.
Line 2091: The property name Item(2).Control(4) in TabControl2 is invalid.
Line 2092: The property name Item(2).Control(5) in TabControl2 is invalid.
Line 2093: The property name Item(2).Control(6) in TabControl2 is invalid.
Line 2094: The property name Item(2).Control(7) in TabControl2 is invalid.
Line 2095: The property name Item(2).Control(8) in TabControl2 is invalid.
Line 2096: The property name Item(2).Control(9) in TabControl2 is invalid.
Line 2097: The property name Item(2).Control(10) in TabControl2 is invalid.
Line 2098: The property name Item(2).Control(11) in TabControl2 is invalid.
Line 2039: Property Appearance in TabControl2 could not be set.
Line 2730: The property name _Version in TabControlPage2 is invalid.
Line 2731: The property name _ExtentX in TabControlPage2 is invalid.
Line 2732: The property name _ExtentY in TabControlPage2 is invalid.
Line 2733: The property name _StockProps in TabControlPage2 is invalid.
Line 3277: The property name _Version in TabControlPage1 is invalid.
Line 3278: The property name _ExtentX in TabControlPage1 is invalid.
Line 3279: The property name _ExtentY in TabControlPage1 is invalid.
Line 3280: The property name _StockProps in TabControlPage1 is invalid.
Line 3814: The property name _ExtentX in CrystalReport1 is invalid.
Line 3815: The property name _ExtentY in CrystalReport1 is invalid.
Line 3816: The property name _Version in CrystalReport1 is invalid.
Line 3817: The property name PrintFileLinesPerPage in CrystalReport1 is invalid.
