01/20/10, 15:34:45, 4, 0, \\SERVER\DMIS\MANILA\HAI\REPORTS\PMIS\printparts.rpt:Server has not yet been opened.
01/20/10, 15:35:01, 4, 0, \\server\DMIS\MANILA\HAI\REPORTS\AMIS\Files\Suppliers.rpt:Server has not yet been opened.
3/14/2010, 5:50:45 PM, 4, 0, :File not found.
3/14/2010, 5:50:45 PM, 4, 0, :File not found.
3/14/2010, 5:51:56 PM, 4, 0, :File not found.
3/14/2010, 5:51:56 PM, 4, 0, :File not found.
3/14/2010, 5:52:10 PM, 4, 0, :File not found.
3/14/2010, 5:52:20 PM, 4, 0, :File not found.
3/14/2010, 5:52:20 PM, 4, 0, :File not found.
3/14/2010, 6:02:44 PM, 4, 0, :File not found.
3/14/2010, 6:02:44 PM, 4, 0, :File not found.
3/14/2010, 6:16:38 PM, 4, 0, :File not found.
3/14/2010, 6:16:38 PM, 4, 0, :File not found.
1/26/2011, 7:43:44 PM, 4, 0, D:\MANILA\MITSU\PMIS\CHG.RPT:A number, currency amount, boolean, date, time, date-time, or string is expected here.
1/26/2011, 7:43:44 PM, 4, 0, D:\MANILA\MITSU\PMIS\CHG.RPT:A number, currency amount, boolean, date, time, date-time, or string is expected here.
1/26/2011, 7:45:25 PM, 4, 0, D:\MANILA\MITSU\PMIS\CHG.RPT:A number, currency amount, boolean, date, time, date-time, or string is expected here.
1/26/2011, 7:45:25 PM, 4, 0, D:\MANILA\MITSU\PMIS\CHG.RPT:A number, currency amount, boolean, date, time, date-time, or string is expected here.
1/26/2011, 7:48:23 PM, 4, 0, D:\MANILA\MITSU\PMIS\CHG.RPT:A number, currency amount, boolean, date, time, date-time, or string is expected here.
1/26/2011, 7:48:23 PM, 4, 0, D:\MANILA\MITSU\PMIS\CHG.RPT:A number, currency amount, boolean, date, time, date-time, or string is expected here.
2/29/2012, 1:24:14 PM, 4, 0, D:\MANILA\HPC\REPORTS\PMIS\PO_Hist.RPT:This field name is not known.
2/29/2012, 1:24:15 PM, 4, 0, D:\MANILA\HPC\REPORTS\PMIS\PO_Hist.RPT:This field name is not known.
2/29/2012, 1:24:33 PM, 4, 0, D:\MANILA\HPC\REPORTS\PMIS\PO_Hist.RPT:This field name is not known.
2/29/2012, 1:24:33 PM, 4, 0, D:\MANILA\HPC\REPORTS\PMIS\PO_Hist.RPT:This field name is not known.
3/18/2011, 1:50:15 PM, 4, 0, D:\MANILA\HCI\PMIS\printunservedboth.rpt:The matching ' for this string is missing.
3/18/2011, 2:45:03 PM, 4, 0, D:\MANILA\HCI\PMIS\printunservedboth.rpt:The remaining text does not appear to be part of the formula.
3/18/2011, 2:51:20 PM, 4, 0, D:\MANILA\HCI\PMIS\printunservedboth.rpt:The remaining text does not appear to be part of the formula.
3/21/2011, 10:19:04 AM, 4, 0, D:\MANILA\HCI\PMIS\printunservedboth.rpt:The remaining text does not appear to be part of the formula.
3/22/2011, 11:32:06 AM, 4, 0, :File not found.
3/22/2011, 11:32:06 AM, 4, 0, :File not found.
3/22/2011, 11:32:37 AM, 4, 0, :File not found.
3/25/2011, 3:57:30 PM, 4, 0, :File not found.
3/25/2011, 3:57:30 PM, 4, 0, :File not found.
3/28/2011, 10:04:25 AM, 4, 0, :File not found.
3/28/2011, 10:04:25 AM, 4, 0, :File not found.
3/28/2011, 10:05:42 AM, 4, 0, :File not found.
3/28/2011, 11:46:02 AM, 4, 0, :File not found.
3/28/2011, 11:46:02 AM, 4, 0, :File not found.
04/11/11, 12:48:30, 4, 0, D:\MANILA\HGC\REPORTS\PMIS\PO_Hist.RPT:This field name is not known.
04/11/11, 12:48:30, 4, 0, D:\MANILA\HGC\REPORTS\PMIS\PO_Hist.RPT:This field name is not known.
04/11/11, 12:48:46, 4, 0, D:\MANILA\HGC\REPORTS\PMIS\PO_Hist.RPT:This field name is not known.
04/11/11, 12:48:46, 4, 0, D:\MANILA\HGC\REPORTS\PMIS\PO_Hist.RPT:This field name is not known.
04/11/11, 12:53:32, 4, 0, D:\MANILA\HGC\REPORTS\PMIS\PO_Hist.RPT:This field name is not known.
04/11/11, 12:53:32, 4, 0, D:\MANILA\HGC\REPORTS\PMIS\PO_Hist.RPT:This field name is not known.
04/11/11, 12:54:35, 4, 0, D:\MANILA\HGC\REPORTS\PMIS\PO_Hist.RPT:This field name is not known.
04/11/11, 12:54:35, 4, 0, D:\MANILA\HGC\REPORTS\PMIS\PO_Hist.RPT:This field name is not known.
04/11/11, 12:55:16, 4, 0, D:\MANILA\HGC\REPORTS\PMIS\PO_Hist.RPT:This field name is not known.
04/11/11, 12:55:16, 4, 0, D:\MANILA\HGC\REPORTS\PMIS\PO_Hist.RPT:This field name is not known.
05/27/11, 10:53:02, 4, 0, \\NSISERVER\DMIS\MANILA\HGC\REPORTS\PMIS\PO_Hist.rpt:This field name is not known.
05/27/11, 10:53:02, 4, 0, \\NSISERVER\DMIS\MANILA\HGC\REPORTS\PMIS\PO_Hist.rpt:This field name is not known.
05/27/11, 10:55:21, 4, 0, \\NSISERVER\DMIS\MANILA\HGC\REPORTS\PMIS\PO_Hist.rpt:This field name is not known.
05/27/11, 10:55:21, 4, 0, \\NSISERVER\DMIS\MANILA\HGC\REPORTS\PMIS\PO_Hist.rpt:This field name is not known.
05/27/11, 10:55:34, 4, 0, \\NSISERVER\DMIS\MANILA\HGC\REPORTS\PMIS\PO_Hist.rpt:This field name is not known.
05/27/11, 10:55:34, 4, 0, \\NSISERVER\DMIS\MANILA\HGC\REPORTS\PMIS\PO_Hist.rpt:This field name is not known.
05/27/11, 10:55:46, 4, 0, \\NSISERVER\DMIS\MANILA\HGC\REPORTS\PMIS\PO_Hist.rpt:This field name is not known.
05/27/11, 10:55:46, 4, 0, \\NSISERVER\DMIS\MANILA\HGC\REPORTS\PMIS\PO_Hist.rpt:This field name is not known.
05/27/11, 10:58:09, 4, 0, \\NSISERVER\DMIS\MANILA\HGC\REPORTS\PMIS\PO_Hist.rpt:This field name is not known.
05/27/11, 10:58:09, 4, 0, \\NSISERVER\DMIS\MANILA\HGC\REPORTS\PMIS\PO_Hist.rpt:This field name is not known.
05/27/11, 11:00:30, 4, 0, D:\DIAMOND\REPORTS\PMIS\PO_Hist.rpt:The remaining text does not appear to be part of the formula.
05/27/11, 11:00:30, 4, 0, D:\DIAMOND\REPORTS\PMIS\PO_Hist.rpt:The remaining text does not appear to be part of the formula.
6/9/2011, 3:39:02 PM, 4, 0, \\NSISERVER\MITSUBISHI DMIS\REPORTS\PMIS\PO.RPT:Error starting print job. Please check your printer or network connection.
6/9/2011, 3:41:03 PM, 4, 0, \\NSISERVER\MITSUBISHI DMIS\REPORTS\PMIS\PO.RPT:Error starting print job. Please check your printer or network connection.
12/2/2011, 11:27:51 AM, 4, 0, \\NSISERVER\MITSUBISHI DMIS\REPORTS\PMIS\PO_Hist.rpt:This field name is not known.
12/2/2011, 11:27:51 AM, 4, 0, \\NSISERVER\MITSUBISHI DMIS\REPORTS\PMIS\PO_Hist.rpt:This field name is not known.
12/2/2011, 11:31:53 AM, 4, 0, \\NSISERVER\MITSUBISHI DMIS\REPORTS\PMIS\PO_Hist.rpt:This field name is not known.
12/2/2011, 11:31:53 AM, 4, 0, \\NSISERVER\MITSUBISHI DMIS\REPORTS\PMIS\PO_Hist.rpt:This field name is not known.
12/2/2011, 11:36:01 AM, 4, 0, \\NSISERVER\MITSUBISHI DMIS\REPORTS\PMIS\PO_Hist.rpt:Server has not yet been opened.
12/2/2011, 11:36:10 AM, 4, 0, \\NSISERVER\MITSUBISHI DMIS\REPORTS\PMIS\PO_Hist.rpt:Server has not yet been opened.
