8/20/2009, 3:18:26 PM, 4, 0, \\SERVER\DMIS\MANILA\HGC\REPORTS\CSMS\TechnicianPerformance.rpt:Division by zero.
9/3/2009, 4:28:30 PM, 4, 0, :File not found.
9/3/2009, 4:28:30 PM, 4, 0, :File not found.
9/1/2009, 12:53:03 PM, 4, 0, :File not found.
9/1/2009, 12:53:03 PM, 4, 0, :File not found.
9/5/2009, 3:11:04 PM, 4, 0, :File not found.
9/5/2009, 3:11:04 PM, 4, 0, :File not found.
9/5/2009, 5:14:49 PM, 4, 0, :File not found.
9/5/2009, 5:14:49 PM, 4, 0, :File not found.
9/11/2009, 5:51:50 PM, 4, 0, :Invalid directory.
9/11/2009, 5:51:50 PM, 4, 0, :Invalid directory.
9/30/2009, 12:53:45 PM, 4, 0, :Dos error.
9/30/2009, 12:54:06 PM, 4, 0, :Dos error.
10/5/2009, 11:48:46 PM, 4, 0, :File not found.
10/5/2009, 11:48:46 PM, 4, 0, :File not found.
10/6/2009, 10:26:00 PM, 4, 0, :File not found.
10/6/2009, 10:26:00 PM, 4, 0, :File not found.
10/6/2009, 10:26:04 PM, 4, 0, :File not found.
10/22/09, 15:06:01, 4, 0, \\SERVER\DMIS\PROVINCE\HPI\REPORTS\CSMS\ContractorPerformance_vendor.rpt:This field name is not known.
10/22/09, 15:06:01, 4, 0, \\SERVER\DMIS\PROVINCE\HPI\REPORTS\CSMS\ContractorPerformance_vendor.rpt:This field name is not known.
11/10/09, 10:24:46, 4, 0, :File not found.
11/10/09, 10:24:46, 4, 0, :File not found.
11/10/09, 10:24:50, 4, 0, :File not found.
11/10/09, 10:24:58, 4, 0, :File not found.
11/11/09, 15:53:39, 4, 0, :File not found.
11/11/09, 15:53:39, 4, 0, :File not found.
11/11/2009, 3:57:59 PM, 4, 0, :File not found.
11/11/2009, 3:57:59 PM, 4, 0, :File not found.
03/30/10, 11:58:00, 4, 0, \\SERVER\DMIS\MANILA\HGC\REPORTS\CSMS\Work_In_Progress_Monitoring.rpt:Server has not yet been opened.
4/22/2010, 4:48:17 PM, 4, 0, :File not found.
4/22/2010, 4:48:17 PM, 4, 0, :File not found.
9/17/2010, 10:09:46 AM, 4, 0, :File not found.
9/17/2010, 10:09:46 AM, 4, 0, :File not found.
9/17/2010, 10:09:58 AM, 4, 0, :File not found.
9/17/2010, 10:11:54 AM, 4, 0, :File not found.
9/17/2010, 10:11:54 AM, 4, 0, :File not found.
9/17/2010, 10:12:09 AM, 4, 0, :File not found.
10/5/2010, 4:25:07 PM, 4, 0, :File not found.
10/5/2010, 4:25:07 PM, 4, 0, :File not found.
12/6/2010, 11:32:25 AM, 4, 0, D:\MANILA\HAI\REPORTS\CSMS\MPR_Schedule_CustomerTraffic_TotalUnitsServiced.rpt:Server has not yet been opened.
3/17/2012, 1:20:52 AM, 4, 0, D:\MANILA\HGC\REPORTS\CSMS\repairorder.rpt:Page Header plus Page Footer is too large for the page.
3/17/2012, 1:56:54 AM, 4, 0, D:\MANILA\HGC\REPORTS\CSMS\repairorder.rpt:Page Header plus Page Footer is too large for the page.
3/10/2011, 2:19:24 PM, 4, 0, :Invalid directory.
3/10/2011, 2:19:24 PM, 4, 0, :Invalid directory.
3/10/2011, 2:19:41 PM, 4, 0, :Invalid directory.
3/10/2011, 6:12:22 PM, 4, 0, :File not found.
3/10/2011, 6:12:22 PM, 4, 0, :File not found.
3/11/2011, 11:49:15 AM, 4, 0, :File not found.
3/11/2011, 11:49:15 AM, 4, 0, :File not found.
3/11/2011, 11:57:15 AM, 4, 0, :File not found.
3/11/2011, 11:57:15 AM, 4, 0, :File not found.
3/11/2011, 11:58:09 AM, 4, 0, :File not found.
3/11/2011, 11:58:09 AM, 4, 0, :File not found.
3/11/2011, 11:59:31 AM, 4, 0, :File not found.
3/11/2011, 11:59:31 AM, 4, 0, :File not found.
3/11/2011, 12:00:46 PM, 4, 0, :File not found.
3/11/2011, 12:00:46 PM, 4, 0, :File not found.
3/11/2011, 1:13:12 PM, 4, 0, :File not found.
3/11/2011, 1:13:12 PM, 4, 0, :File not found.
3/11/2011, 1:16:45 PM, 4, 0, :File not found.
3/11/2011, 1:16:45 PM, 4, 0, :File not found.
3/11/2011, 1:19:02 PM, 4, 0, :File not found.
3/11/2011, 1:19:02 PM, 4, 0, :File not found.
3/11/2011, 1:20:18 PM, 4, 0, :File not found.
3/11/2011, 1:20:18 PM, 4, 0, :File not found.
3/11/2011, 1:23:29 PM, 4, 0, :File not found.
3/11/2011, 1:23:29 PM, 4, 0, :File not found.
3/11/2011, 1:25:39 PM, 4, 0, :File not found.
3/11/2011, 1:25:39 PM, 4, 0, :File not found.
3/11/2011, 1:28:35 PM, 4, 0, :File not found.
3/11/2011, 1:28:35 PM, 4, 0, :File not found.
3/11/2011, 1:30:24 PM, 4, 0, :File not found.
3/11/2011, 1:30:24 PM, 4, 0, :File not found.
3/11/2011, 1:32:49 PM, 4, 0, :File not found.
3/11/2011, 1:32:49 PM, 4, 0, :File not found.
3/11/2011, 1:34:18 PM, 4, 0, :File not found.
3/11/2011, 1:34:18 PM, 4, 0, :File not found.
3/25/2011, 9:55:56 AM, 4, 0, :File not found.
3/25/2011, 9:55:56 AM, 4, 0, :File not found.
3/25/2011, 9:56:19 AM, 4, 0, :File not found.
3/25/2011, 9:56:19 AM, 4, 0, :File not found.
3/25/2011, 9:57:32 AM, 4, 0, :File not found.
3/25/2011, 9:57:32 AM, 4, 0, :File not found.
3/25/2011, 1:25:22 PM, 4, 0, :File not found.
3/25/2011, 1:25:22 PM, 4, 0, :File not found.
03/28/11, 13:38:40, 4, 0, D:\MANILA\HGC\REPORTS\CSMS\DAILYSALESSUM.RPT:This field name is not known.
03/28/11, 13:38:40, 4, 0, D:\MANILA\HGC\REPORTS\CSMS\DAILYSALESSUM.RPT:This field name is not known.
03/28/11, 13:39:02, 4, 0, D:\MANILA\HGC\REPORTS\CSMS\DAILYSALESSUM.RPT:This field name is not known.
03/28/11, 13:39:02, 4, 0, D:\MANILA\HGC\REPORTS\CSMS\DAILYSALESSUM.RPT:This field name is not known.
03/28/11, 13:41:08, 4, 0, D:\MANILA\HGC\REPORTS\CSMS\DAILYSALESSUM.RPT:This field name is not known.
03/28/11, 13:41:08, 4, 0, D:\MANILA\HGC\REPORTS\CSMS\DAILYSALESSUM.RPT:This field name is not known.
3/28/2011, 2:11:16 PM, 4, 0, D:\MANILA\HGC\REPORTS\CSMS\DAILYSALESSUM.RPT:This field name is not known.
3/28/2011, 2:11:16 PM, 4, 0, D:\MANILA\HGC\REPORTS\CSMS\DAILYSALESSUM.RPT:This field name is not known.
3/28/2011, 2:15:15 PM, 4, 0, D:\MANILA\HGC\REPORTS\CSMS\DAILYSALESSUM.RPT:This field name is not known.
3/28/2011, 2:15:15 PM, 4, 0, D:\MANILA\HGC\REPORTS\CSMS\DAILYSALESSUM.RPT:This field name is not known.
