05/15/09, 09:36:33, 4, 0, \\SERVER\DMIS\PROVINCE\HCI\REPORTS\CMIS\BankDeposit.rpt:A number, currency amount, boolean, date, time, date-time, or string is expected here.
06/05/09, 19:24:20, 4, 0, :File not found.
06/05/09, 19:24:20, 4, 0, :File not found.
08/27/09, 15:45:19, 4, 0, :Invalid directory.
08/27/09, 15:45:19, 4, 0, :Invalid directory.
08/27/09, 15:45:56, 4, 0, :Invalid directory.
08/27/09, 15:45:56, 4, 0, :Invalid directory.
08/27/09, 15:46:02, 4, 0, :Invalid directory.
08/27/09, 15:46:02, 4, 0, :Invalid directory.
08/27/09, 15:47:42, 4, 0, :Invalid directory.
08/27/09, 15:47:42, 4, 0, :Invalid directory.
01/28/10, 13:01:43, 4, 0, :File not found.
01/28/10, 13:01:43, 4, 0, :File not found.
1/30/2010, 3:04:51 PM, 4, 0, :File not found.
1/30/2010, 3:04:51 PM, 4, 0, :File not found.
1/30/2010, 3:05:15 PM, 4, 0, :File not found.
1/30/2010, 3:05:15 PM, 4, 0, :File not found.
02/03/10, 11:49:30, 4, 0, :File not found.
02/03/10, 11:49:30, 4, 0, :File not found.
02/17/10, 13:41:52, 4, 0, D:\DMIS\HAI\REPORTS\CMIS\Petty_Cash_Replenishment_Detailed.rpt:Server has not yet been opened.
02/17/10, 13:43:06, 4, 0, D:\DMIS\HAI\REPORTS\CMIS\Petty_Cash_Replenishment_Summary.rpt:Server has not yet been opened.
02/17/10, 13:44:11, 4, 0, D:\DMIS\HAI\REPORTS\CMIS\Petty_Cash_Replenishment_Detailed.rpt:Server has not yet been opened.
02/17/10, 13:45:27, 4, 0, D:\DMIS\HAI\REPORTS\CMIS\Petty_Cash_Replenishment_Summary.rpt:Server has not yet been opened.
02/17/10, 13:47:58, 4, 0, D:\DMIS\HAI\REPORTS\CMIS\Petty_Cash_Replenishment_Detailed.rpt:Server has not yet been opened.
02/17/10, 13:49:12, 4, 0, D:\DMIS\HAI\REPORTS\CMIS\Petty_Cash_Replenishment_Summary.rpt:Server has not yet been opened.
02/17/10, 14:21:09, 4, 0, D:\DMIS\HAI\REPORTS\CMIS\Petty_Cash_Replenishment_Detailed.rpt:Server has not yet been opened.
02/17/10, 14:22:25, 4, 0, D:\DMIS\HAI\REPORTS\CMIS\Petty_Cash_Replenishment_Summary.rpt:Server has not yet been opened.
02/17/10, 14:32:11, 4, 0, D:\DMIS\HAI\REPORTS\CMIS\Petty_Cash_Replenishment_Detailed.rpt:Server has not yet been opened.
3/18/2010, 8:04:30 PM, 4, 0, D:\DMIS\HMH\CMIS\OfficialReceipt.rpt:Server has not yet been opened.
04/19/11, 10:13:24, 4, 0, :File not found.
04/19/11, 10:13:24, 4, 0, :File not found.
04/19/11, 10:13:27, 4, 0, :File not found.
04/19/11, 10:13:27, 4, 0, :File not found.
7/4/2011, 11:32:56 AM, 4, 0, D:\DMIS\DGI\REPORTS\CMIS\OfficialReceiptGoods.rpt:This field name is not known.
7/4/2011, 11:32:56 AM, 4, 0, D:\DMIS\DGI\REPORTS\CMIS\OfficialReceiptGoods.rpt:This field name is not known.
