Line 134: Class Crystal.CrystalReport of control rptHPC was not a loaded control class.
Line 153: Class XtremeShortcutBar.ShortcutCaption of control capInfo was not a loaded control class.
Line 218: Class XtremeShortcutBar.ShortcutCaption of control capSUG was not a loaded control class.
Line 301: Class XtremeShortcutBar.ShortcutCaption of control ShortcutCaption4 was not a loaded control class.
Line 581: Class XtremeShortcutBar.ShortcutCaption of control ShortcutCaption3 was not a loaded control class.
Line 673: Class XtremeShortcutBar.ShortcutCaption of control capFollow was not a loaded control class.
Line 761: Class Crystal.CrystalReport of control rptRepairOrder was not a loaded control class.
Line 779: Class Crystal.CrystalReport of control rptDET was not a loaded control class.
Line 1910: Class XtremeSuiteControls.TabControl of control SSTab1 was not a loaded control class.
Line 4134: Class XtremeShortcutBar.ShortcutCaption of control ShortcutCaption2 was not a loaded control class.
Line 4243: Class wizButton.cmd of control cmdOkDisc was not a loaded control class.
Line 4266: Class wizButton.cmd of control cmdCancelDisk was not a loaded control class.
Line 4289: Class XtremeShortcutBar.ShortcutCaption of control ShortcutCaption5 was not a loaded control class.
Line 5856: Class wizButton.cmd of control cmdCancelRel was not a loaded control class.
Line 5879: Class wizButton.cmd of control cmdOkRel was not a loaded control class.
Line 5903: Class XtremeShortcutBar.ShortcutCaption of control ShortcutCaption1 was not a loaded control class.
Line 6063: Class wizButton.cmd of control cmdCancelBill was not a loaded control class.
Line 6087: Class wizButton.cmd of control cmdOkBill was not a loaded control class.
Line 6226: Class XtremeShortcutBar.ShortcutCaption of control ShortcutCaption1 was not a loaded control class.
Line 6254: Class XtremeShortcutBar.ShortcutCaption of control ShortcutCaption1 was not a loaded control class.
Line 6349: Class XtremeShortcutBar.ShortcutCaption of control ShortcutCaption was not a loaded control class.
Line 6665: Class XtremeReportControl.ReportControl of control rptRO was not a loaded control class.
Line 7041: Class XtremeShortcutBar.ShortcutCaption of control ShortcutCaption was not a loaded control class.
