Line 98: Class wizButton.cmd of control cmdReUpdateTranDetails was not a loaded control class.
Line 121: Class wizButton.cmd of control cmdSetGenuineNonGenuine was not a loaded control class.
Line 144: Class wizButton.cmd of control cmdUploadMaterials was not a loaded control class.
Line 167: Class wizButton.cmd of control cmdUploadParts was not a loaded control class.
Line 190: Class wizButton.cmd of control cmdProcessPartsCost was not a loaded control class.
Line 213: Class wizButton.cmd of control cmdMatCost was not a loaded control class.
Line 236: Class wizButton.cmd of control cmdAccCost was not a loaded control class.
Line 259: Class wizButton.cmd of control cmdSetStockMasHARINONHARI was not a loaded control class.
Line 282: Class wizButton.cmd of control cmdReUpdateTranType was not a loaded control class.
Line 305: Class wizButton.cmd of control cmdReUpdateTranCost was not a loaded control class.
Line 328: Class wizButton.cmd of control cmdStorePartsBegBal was not a loaded control class.
Line 351: Class wizButton.cmd of control cmd1 was not a loaded control class.
Line 374: Class wizButton.cmd of control cmdUploadAccessories was not a loaded control class.
Line 407: Class wizButton.cmd of control cmdSetCustCodeInCusVeh was not a loaded control class.
Line 450: Class wizButton.cmd of control cmdRefreshVendorCode was not a loaded control class.
Line 473: Class wizButton.cmd of control cmdRefreshCustCode was not a loaded control class.
Line 496: Class wizButton.cmd of control cmdCheckLostEntries was not a loaded control class.
Line 519: Class wizButton.cmd of control cmdCheckUnBalEntries was not a loaded control class.
Line 542: Class wizButton.cmd of control cmdInvalidCustCode was not a loaded control class.
Line 565: Class wizButton.cmd of control cmdInvalidJournalEntry was not a loaded control class.
Line 588: Class wizButton.cmd of control cmdInvalidJournalStatus was not a loaded control class.
Line 633: Class wizMacForm.wizMacApp of control wizMacApp1 was not a loaded control class.
