11/20/08, 13:39:35, 4, 0, D:\dmis_UP\HGC\REPORTS\AMIS\DueReports\APDueReport.Rpt:This field name is not known.
11/20/08, 13:39:35, 4, 0, D:\dmis_UP\HGC\REPORTS\AMIS\DueReports\APDueReport.Rpt:This field name is not known.
11/20/08, 13:39:39, 4, 0, D:\dmis_UP\HGC\REPORTS\AMIS\DueReports\APDueReport.Rpt:This field name is not known.
11/20/08, 13:39:39, 4, 0, D:\dmis_UP\HGC\REPORTS\AMIS\DueReports\APDueReport.Rpt:This field name is not known.
11/20/08, 13:39:44, 4, 0, D:\dmis_UP\HGC\REPORTS\AMIS\DueReports\APDueReport.Rpt:This field name is not known.
11/20/08, 13:39:44, 4, 0, D:\dmis_UP\HGC\REPORTS\AMIS\DueReports\APDueReport.Rpt:This field name is not known.
11/20/08, 13:40:29, 4, 0, D:\dmis_UP\HGC\REPORTS\AMIS\DueReports\APDueReport.Rpt:This field name is not known.
11/20/08, 13:40:29, 4, 0, D:\dmis_UP\HGC\REPORTS\AMIS\DueReports\APDueReport.Rpt:This field name is not known.
11/20/08, 13:40:32, 4, 0, D:\dmis_UP\HGC\REPORTS\AMIS\DueReports\APDueReport.Rpt:This field name is not known.
11/20/08, 13:40:32, 4, 0, D:\dmis_UP\HGC\REPORTS\AMIS\DueReports\APDueReport.Rpt:This field name is not known.
11/20/08, 13:45:48, 4, 0, D:\dmis_UP\HGC\REPORTS\AMIS\DueReports\APDueReportPeriod.Rpt:This field name is not known.
11/20/08, 13:46:24, 4, 0, D:\dmis_UP\HGC\REPORTS\AMIS\DueReports\APDueReportPeriod.Rpt:This field name is not known.
11/20/08, 13:47:17, 4, 0, D:\dmis_UP\HGC\REPORTS\AMIS\DueReports\APAgingReport.rpt:This field name is not known.
11/20/08, 13:47:17, 4, 0, D:\dmis_UP\HGC\REPORTS\AMIS\DueReports\APAgingReport.rpt:This field name is not known.
11/20/2008, 2:52:21 PM, 4, 0, D:\dmis_UP\HGC\REPORTS\AMIS\DueReports\ARAgingReport.Rpt:This field name is not known.
11/20/2008, 2:52:21 PM, 4, 0, D:\dmis_UP\HGC\REPORTS\AMIS\DueReports\ARAgingReport.Rpt:This field name is not known.
11/20/2008, 2:53:23 PM, 4, 0, \\server\DMIS\HGC\REPORTS\AMIS\DueReports\ARAgingReport.Rpt:This field name is not known.
11/20/2008, 2:53:23 PM, 4, 0, \\server\DMIS\HGC\REPORTS\AMIS\DueReports\ARAgingReport.Rpt:This field name is not known.
11/20/2008, 2:53:35 PM, 4, 0, \\server\DMIS\HGC\REPORTS\AMIS\DueReports\ARAgingReport.Rpt:This field name is not known.
11/20/2008, 2:53:35 PM, 4, 0, \\server\DMIS\HGC\REPORTS\AMIS\DueReports\ARAgingReport.Rpt:This field name is not known.
11/20/2008, 2:56:34 PM, 4, 0, \\server\DMIS\HGC\REPORTS\AMIS\DueReports\ARAgingReport.Rpt:This field name is not known.
11/20/2008, 2:56:34 PM, 4, 0, \\server\DMIS\HGC\REPORTS\AMIS\DueReports\ARAgingReport.Rpt:This field name is not known.
11/20/2008, 2:57:49 PM, 4, 0, \\server\DMIS\HGC\REPORTS\AMIS\DueReports\ARAgingReport.Rpt:This field name is not known.
11/20/2008, 2:57:49 PM, 4, 0, \\server\DMIS\HGC\REPORTS\AMIS\DueReports\ARAgingReport.Rpt:This field name is not known.
11/20/2008, 2:58:10 PM, 4, 0, \\server\DMIS\HGC\REPORTS\AMIS\DueReports\ARAgingReport.Rpt:This field name is not known.
11/20/2008, 2:58:10 PM, 4, 0, \\server\DMIS\HGC\REPORTS\AMIS\DueReports\ARAgingReport.Rpt:This field name is not known.
11/20/2008, 3:27:35 PM, 4, 0, \\server\DMIS\HGC\REPORTS\AMIS\DueReports\ARAgingReport.Rpt:This field name is not known.
11/20/2008, 3:27:35 PM, 4, 0, \\server\DMIS\HGC\REPORTS\AMIS\DueReports\ARAgingReport.Rpt:This field name is not known.
12/08/08, 12:07:59, 4, 0, :Dos error.
12/08/08, 12:07:59, 4, 0, :Dos error.
12/08/08, 12:09:23, 4, 0, \\server\DMIS\HAI\REPORTS\AMIS\DueReports\ARAgingReport.Rpt:Server has not yet been opened.
12/08/08, 12:10:05, 4, 0, \\server\DMIS\HAI\REPORTS\AMIS\DueReports\ARAgingReport.Rpt:Server has not yet been opened.
12/08/08, 12:11:35, 4, 0, \\server\DMIS\HAI\REPORTS\AMIS\DueReports\ARAgingReport.Rpt:Server has not yet been opened.
12/08/08, 12:11:36, 4, 0, \\server\DMIS\HAI\REPORTS\AMIS\DueReports\ARAgingReport.Rpt:Server has not yet been opened.
12/08/08, 12:15:47, 4, 0, \\server\DMIS\HAI\REPORTS\AMIS\DueReports\ARAgingReport.Rpt:Server has not yet been opened.
12/08/08, 13:29:24, 4, 0, \\server\DMIS\HAI\REPORTS\AMIS\DueReports\ARAgingReport.Rpt:Server has not yet been opened.
12/13/08, 10:59:37, 4, 0, \\server\DMIS\HAI\REPORTS\AMIS\DueReports\ARAgingReport.Rpt:Server has not yet been opened.
12/16/2008, 5:26:41 PM, 4, 0, \\server\DMIS\HAI\REPORTS\AMIS\DueReports\ARAgingReport.Rpt:The remaining text does not appear to be part of the formula.
12/16/2008, 5:26:41 PM, 4, 0, \\server\DMIS\HAI\REPORTS\AMIS\DueReports\ARAgingReport.Rpt:The remaining text does not appear to be part of the formula.
12/16/08, 18:11:12, 4, 0, \\Server\DMIS\HAI\REPORTS\AMIS\DueReports\ARAgingReport.Rpt:The remaining text does not appear to be part of the formula.
12/16/08, 18:11:12, 4, 0, \\Server\DMIS\HAI\REPORTS\AMIS\DueReports\ARAgingReport.Rpt:The remaining text does not appear to be part of the formula.
12/22/08, 17:20:22, 4, 0, \\SERVER\DMIS\HGC\REPORTS\AMIS\DueReports\ARAgingReport.Rpt:This field name is not known.
12/22/08, 17:20:22, 4, 0, \\SERVER\DMIS\HGC\REPORTS\AMIS\DueReports\ARAgingReport.Rpt:There is an error in this formula.  Please edit it for more details.
12/22/08, 17:20:22, 4, 0, \\SERVER\DMIS\HGC\REPORTS\AMIS\DueReports\ARAgingReport.Rpt:This field name is not known.
12/22/08, 19:35:23, 4, 0, \\SERVER\DMIS\HGC\REPORTS\AMIS\DueReports\ARAgingReport.Rpt:A date-time is required here.
12/22/08, 19:35:23, 4, 0, \\SERVER\DMIS\HGC\REPORTS\AMIS\DueReports\ARAgingReport.Rpt:A date-time is required here.
01/08/09, 13:44:12, 4, 0, \\server\DMIS\HGC\REPORTS\AMIS\DueReports\ARAGINGREPORT.Rpt:This field name is not known.
01/08/09, 13:44:12, 4, 0, \\server\DMIS\HGC\REPORTS\AMIS\DueReports\ARAGINGREPORT.Rpt:This field name is not known.
01/09/09, 09:53:06, 4, 0, \\server\DMIS\HGC\REPORTS\AMIS\DueReports\ARAGINGREPORT.Rpt:Server has not yet been opened.
01/22/09, 14:36:38, 4, 0, \\Server\DMIS\HMH\REPORTS\AMIS\DueReports\ARAGINGREPORT.Rpt:Error detected by database DLL.
1/22/2009, 5:20:11 PM, 4, 0, :Invalid directory.
1/22/2009, 5:20:11 PM, 4, 0, :Invalid directory.
01/23/09, 16:48:34, 4, 0, :Dos error.
01/23/09, 16:48:34, 4, 0, :Dos error.
01/23/09, 17:00:47, 4, 0, :Dos error.
01/23/09, 17:00:47, 4, 0, :Dos error.
01/23/09, 17:02:08, 4, 0, :Dos error.
01/27/09, 17:44:58, 4, 0, :Invalid directory.
01/27/09, 17:44:58, 4, 0, :Invalid directory.
01/27/09, 17:45:14, 4, 0, :Invalid directory.
01/27/09, 17:47:26, 4, 0, :Invalid directory.
01/27/09, 17:47:26, 4, 0, :Invalid directory.
01/27/09, 17:47:41, 4, 0, :Invalid directory.
01/27/09, 17:47:41, 4, 0, :Invalid directory.
01/27/09, 17:48:11, 4, 0, :Invalid directory.
01/27/09, 17:48:11, 4, 0, :Invalid directory.
01/27/09, 17:48:42, 4, 0, :Invalid directory.
01/27/09, 17:48:42, 4, 0, :Invalid directory.
01/27/09, 17:48:52, 4, 0, :Invalid directory.
01/28/09, 11:41:24, 4, 0, :Dos error.
03/02/09, 09:33:19, 4, 0, :Invalid directory.
03/02/09, 09:33:19, 4, 0, :Invalid directory.
03/04/09, 10:33:46, 4, 0, \\server\DMIS\HGC\REPORTS\AMIS\Ledgers\CustomersSubsidiaryLedger.rpt:The remaining text does not appear to be part of the formula.
03/04/09, 10:33:46, 4, 0, \\server\DMIS\HGC\REPORTS\AMIS\Ledgers\CustomersSubsidiaryLedger.rpt:The remaining text does not appear to be part of the formula.
03/04/09, 10:33:51, 4, 0, \\server\DMIS\HGC\REPORTS\AMIS\Ledgers\CustomersSubsidiaryLedger.rpt:The remaining text does not appear to be part of the formula.
03/04/09, 10:33:51, 4, 0, \\server\DMIS\HGC\REPORTS\AMIS\Ledgers\CustomersSubsidiaryLedger.rpt:The remaining text does not appear to be part of the formula.
03/04/09, 10:41:22, 4, 0, \\server\DMIS\HGC\REPORTS\AMIS\Ledgers\CustomersSubsidiaryLedger.rpt:The matching " for this string is missing.
03/04/09, 10:41:22, 4, 0, \\server\DMIS\HGC\REPORTS\AMIS\Ledgers\CustomersSubsidiaryLedger.rpt:The matching " for this string is missing.
03/04/09, 10:41:25, 4, 0, \\server\DMIS\HGC\REPORTS\AMIS\Ledgers\CustomersSubsidiaryLedger.rpt:The matching " for this string is missing.
03/04/09, 10:41:25, 4, 0, \\server\DMIS\HGC\REPORTS\AMIS\Ledgers\CustomersSubsidiaryLedger.rpt:The matching " for this string is missing.
03/04/09, 10:42:38, 4, 0, \\server\DMIS\HGC\REPORTS\AMIS\Ledgers\CustomersSubsidiaryLedger.rpt:The matching " for this string is missing.
03/04/09, 10:42:38, 4, 0, \\server\DMIS\HGC\REPORTS\AMIS\Ledgers\CustomersSubsidiaryLedger.rpt:The matching " for this string is missing.
03/04/09, 10:42:44, 4, 0, \\server\DMIS\HGC\REPORTS\AMIS\Ledgers\CustomersSubsidiaryLedger.rpt:The matching " for this string is missing.
03/04/09, 10:42:44, 4, 0, \\server\DMIS\HGC\REPORTS\AMIS\Ledgers\CustomersSubsidiaryLedger.rpt:The matching " for this string is missing.
03/04/09, 10:43:31, 4, 0, \\server\DMIS\HGC\REPORTS\AMIS\Ledgers\CustomersSubsidiaryLedger.rpt:The matching " for this string is missing.
03/04/09, 10:43:31, 4, 0, \\server\DMIS\HGC\REPORTS\AMIS\Ledgers\CustomersSubsidiaryLedger.rpt:The matching " for this string is missing.
03/04/09, 10:43:52, 4, 0, \\server\DMIS\HGC\REPORTS\AMIS\Ledgers\CustomersSubsidiaryLedger.rpt:The matching " for this string is missing.
03/04/09, 10:43:52, 4, 0, \\server\DMIS\HGC\REPORTS\AMIS\Ledgers\CustomersSubsidiaryLedger.rpt:The matching " for this string is missing.
03/04/09, 10:54:59, 4, 0, \\server\DMIS\HGC\REPORTS\AMIS\Ledgers\CustomersSubsidiaryLedger.rpt:The matching " for this string is missing.
03/04/09, 10:54:59, 4, 0, \\server\DMIS\HGC\REPORTS\AMIS\Ledgers\CustomersSubsidiaryLedger.rpt:The matching " for this string is missing.
03/04/09, 10:58:02, 4, 0, \\server\DMIS\HGC\REPORTS\AMIS\Ledgers\CustomersSubsidiaryLedger.rpt:The matching " for this string is missing.
03/04/09, 10:58:02, 4, 0, \\server\DMIS\HGC\REPORTS\AMIS\Ledgers\CustomersSubsidiaryLedger.rpt:The matching " for this string is missing.
03/11/09, 16:32:36, 4, 0, :Invalid directory.
03/11/09, 16:32:36, 4, 0, :Invalid directory.
03/11/09, 16:32:39, 4, 0, :Invalid directory.
03/11/09, 16:32:39, 4, 0, :Invalid directory.
03/12/09, 10:15:12, 4, 0, :Invalid directory.
03/12/09, 10:15:12, 4, 0, :Invalid directory.
03/16/09, 09:08:15, 4, 0, :Invalid directory.
03/16/09, 09:08:15, 4, 0, :Invalid directory.
03/20/09, 10:04:11, 4, 0, :File not found.
03/24/09, 11:51:27, 4, 0, \\server\DMIS\MANILA\HGC\REPORTS\AMIS\DueReports\ARAGINGREPORTGROUP.Rpt:Error detected by database DLL.
03/24/09, 11:51:37, 4, 0, \\server\DMIS\MANILA\HGC\REPORTS\AMIS\DueReports\ARAGINGREPORTGROUP.Rpt:Error detected by database DLL.
05/08/09, 11:03:46, 4, 0, \\server\DMIS\MANILA\HGC\REPORTS\AMIS\DueReports\AP_AgingReport.Rpt:Error detected by database DLL.
05/08/09, 11:09:09, 4, 0, :File not found.
05/08/09, 11:09:10, 4, 0, :File not found.
05/08/09, 11:11:48, 4, 0, \\server\DMIS\MANILA\HBK\REPORTS\AMIS\DueReports\APAgingReport.Rpt:Error detected by database DLL.
05/08/09, 11:14:28, 4, 0, \\server\DMIS\MANILA\HBK\REPORTS\AMIS\DueReports\APAgingReport.Rpt:Error detected by database DLL.
05/08/09, 11:37:43, 4, 0, \\server\DMIS\MANILA\HGC\REPORTS\AMIS\DueReports\APAgingReport.Rpt:Error detected by database DLL.
05/08/09, 11:45:20, 4, 0, \\server\DMIS\MANILA\HGC\REPORTS\AMIS\DueReports\APAgingReport.Rpt:Error detected by database DLL.
05/08/09, 11:50:30, 4, 0, \\server\DMIS\MANILA\HGC\REPORTS\AMIS\DueReports\APAgingReport.Rpt:Error detected by database DLL.
05/08/09, 13:11:47, 4, 0, \\server\DMIS\MANILA\HGC\REPORTS\AMIS\DueReports\AP_AgingReport.Rpt:Error detected by database DLL.
05/08/09, 13:21:41, 4, 0, \\server\DMIS\MANILA\HBK\REPORTS\AMIS\DueReports\AP_AgingReport.Rpt:Error detected by database DLL.
05/08/09, 13:57:43, 4, 0, \\server\DMIS\MANILA\HGC\REPORTS\AMIS\DueReports\AP_AgingReport.Rpt:Error detected by database DLL.
5/11/2009, 5:09:11 PM, 4, 0, \\server\DMIS\MANILA\HGC\REPORTS\AMIS\FinancialStatement\FinancialStatements\BalanceSheet.rpt:The summary / running total field could not be created.
05/12/09, 11:51:43, 4, 0, :File not found.
05/12/09, 11:51:43, 4, 0, :File not found.
05/12/09, 11:51:46, 4, 0, :File not found.
05/12/09, 11:51:48, 4, 0, \\server\DMIS\MANILA\Hbk\REPORTS\AMIS\DueReports\ARAGINGREPORT.Rpt:A number is required here.
05/12/09, 11:51:48, 4, 0, \\server\DMIS\MANILA\Hbk\REPORTS\AMIS\DueReports\ARAGINGREPORT.Rpt:A number is required here.
5/12/2009, 11:59:32 AM, 4, 0, :File not found.
5/12/2009, 11:59:32 AM, 4, 0, :File not found.
5/12/2009, 11:59:35 AM, 4, 0, \\server\DMIS\MANILA\HBK\REPORTS\AMIS\DueReports\ARAGINGREPORT.Rpt:A number is required here.
5/12/2009, 11:59:35 AM, 4, 0, \\server\DMIS\MANILA\HBK\REPORTS\AMIS\DueReports\ARAGINGREPORT.Rpt:A number is required here.
5/12/2009, 11:59:46 AM, 4, 0, :File not found.
5/12/2009, 11:59:46 AM, 4, 0, :File not found.
5/12/2009, 11:59:49 AM, 4, 0, \\server\DMIS\MANILA\HBK\REPORTS\AMIS\DueReports\ARAGINGREPORT.Rpt:A number is required here.
5/12/2009, 11:59:49 AM, 4, 0, \\server\DMIS\MANILA\HBK\REPORTS\AMIS\DueReports\ARAGINGREPORT.Rpt:A number is required here.
5/12/2009, 12:00:17 PM, 4, 0, \\server\DMIS\MANILA\HBK\REPORTS\AMIS\DueReports\ARAGINGREPORT.Rpt:A number is required here.
5/12/2009, 12:00:17 PM, 4, 0, \\server\DMIS\MANILA\HBK\REPORTS\AMIS\DueReports\ARAGINGREPORT.Rpt:A number is required here.
5/12/2009, 12:00:24 PM, 4, 0, \\server\DMIS\MANILA\HBK\REPORTS\AMIS\DueReports\ARAGINGREPORT.Rpt:A number is required here.
5/12/2009, 12:00:24 PM, 4, 0, \\server\DMIS\MANILA\HBK\REPORTS\AMIS\DueReports\ARAGINGREPORT.Rpt:A number is required here.
5/12/2009, 12:02:01 PM, 4, 0, \\server\DMIS\MANILA\HBK\REPORTS\AMIS\DueReports\ARAGINGREPORT.Rpt:A number is required here.
5/12/2009, 12:02:01 PM, 4, 0, \\server\DMIS\MANILA\HBK\REPORTS\AMIS\DueReports\ARAGINGREPORT.Rpt:A number is required here.
5/12/2009, 12:08:50 PM, 4, 0, \\server\DMIS\MANILA\HBK\REPORTS\AMIS\DueReports\ARAGINGREPORT.Rpt:A number is required here.
5/12/2009, 12:08:50 PM, 4, 0, \\server\DMIS\MANILA\HBK\REPORTS\AMIS\DueReports\ARAGINGREPORT.Rpt:A number is required here.
6/30/2008, 1:27:49 PM, 4, 0, :Dos error.
05/21/09, 15:37:11, 4, 0, \\Server\DMIS\MANILA\HGC\REPORTS\AMIS\DueReports\ARAGINGREPORT.Rpt:Error detected by database DLL.
05/21/09, 17:39:31, 4, 0, :File not found.
05/21/09, 17:39:31, 4, 0, :File not found.
6/11/2009, 9:57:14 AM, 4, 0, D:\DMIS\DMIS ALL\HGC\REPORTS\AMIS\Ledgers\CustomersSubsidiaryLedger.rpt:The remaining text does not appear to be part of the formula.
6/11/2009, 9:57:14 AM, 4, 0, D:\DMIS\DMIS ALL\HGC\REPORTS\AMIS\Ledgers\CustomersSubsidiaryLedger.rpt:The remaining text does not appear to be part of the formula.
6/11/2009, 9:57:53 AM, 4, 0, D:\DMIS\DMIS ALL\HGC\REPORTS\AMIS\Ledgers\CustomersSubsidiaryLedger.rpt:The remaining text does not appear to be part of the formula.
6/11/2009, 9:57:53 AM, 4, 0, D:\DMIS\DMIS ALL\HGC\REPORTS\AMIS\Ledgers\CustomersSubsidiaryLedger.rpt:The remaining text does not appear to be part of the formula.
6/11/2009, 9:59:05 AM, 4, 0, D:\DMIS\DMIS ALL\HGC\REPORTS\AMIS\Ledgers\CustomersSubsidiaryLedger.rpt:The remaining text does not appear to be part of the formula.
6/11/2009, 9:59:05 AM, 4, 0, D:\DMIS\DMIS ALL\HGC\REPORTS\AMIS\Ledgers\CustomersSubsidiaryLedger.rpt:The remaining text does not appear to be part of the formula.
6/11/2009, 10:17:07 AM, 4, 0, D:\DMIS\DMIS ALL\HGC\REPORTS\AMIS\Ledgers\CustomersSubsidiaryLedger.rpt:The remaining text does not appear to be part of the formula.
6/11/2009, 10:17:07 AM, 4, 0, D:\DMIS\DMIS ALL\HGC\REPORTS\AMIS\Ledgers\CustomersSubsidiaryLedger.rpt:The remaining text does not appear to be part of the formula.
6/11/2009, 10:31:13 AM, 4, 0, D:\DMIS\DMIS ALL\HGC\REPORTS\AMIS\Ledgers\CustomersSubsidiaryLedger.rpt:A string is required here.
07/09/09, 15:12:51, 4, 0, :Dos error.
07/09/09, 15:12:51, 4, 0, :Dos error.
07/21/09, 13:09:09, 4, 0, :Dos error.
07/21/09, 13:09:09, 4, 0, :Dos error.
07/21/09, 13:09:53, 4, 0, :Dos error.
07/21/09, 13:09:53, 4, 0, :Dos error.
09/08/09, 21:48:17, 4, 0, :Invalid directory.
09/08/09, 21:48:17, 4, 0, :Invalid directory.
09/08/09, 21:49:01, 4, 0, :Invalid directory.
09/08/09, 21:49:01, 4, 0, :Invalid directory.
09/08/09, 21:49:03, 4, 0, :Invalid directory.
