1/22/2009, 4:44:06 PM, 4, 0, :Invalid directory.
1/22/2009, 4:44:06 PM, 4, 0, :Invalid directory.
1/22/2009, 4:44:08 PM, 4, 0, :Invalid directory.
01/27/09, 16:52:27, 4, 0, \\SERVER\DMIS\HAS\REPORTS\PMIS\PORange_Parts.rpt:This field name is not known.
01/27/09, 16:52:27, 4, 0, \\SERVER\DMIS\HAS\REPORTS\PMIS\PORange_Parts.rpt:This field name is not known.
01/27/09, 16:54:24, 4, 0, \\SERVER\DMIS\HAS\REPORTS\PMIS\PORange_Parts.rpt:This field name is not known.
01/27/09, 16:54:24, 4, 0, \\SERVER\DMIS\HAS\REPORTS\PMIS\PORange_Parts.rpt:This field name is not known.
01/27/09, 16:59:53, 4, 0, \\SERVER\DMIS\HAS\REPORTS\PMIS\PORange_Parts.rpt:This field name is not known.
01/27/09, 16:59:53, 4, 0, \\SERVER\DMIS\HAS\REPORTS\PMIS\PORange_Parts.rpt:This field name is not known.
2/2/2009, 11:32:45 AM, 4, 0, \\SERVER\DMIS\HGC\REPORTS\PMIS\PORange_Parts.rpt:This field name is not known.
2/2/2009, 11:32:45 AM, 4, 0, \\SERVER\DMIS\HGC\REPORTS\PMIS\PORange_Parts.rpt:This field name is not known.
02/02/09, 18:17:08, 4, 0, \\SERVER\DMIS\HGC\REPORTS\PMIS\RequisitionSlip_Parts_OTC.rpt:Page Header plus Page Footer is too large for the page.
02/05/09, 15:23:21, 4, 0, \\SERVER\DMIS\HBK\REPORTS\PMIS\PO_Hist.rpt:This field name is not known.
02/05/09, 15:23:21, 4, 0, \\SERVER\DMIS\HBK\REPORTS\PMIS\PO_Hist.rpt:This field name is not known.
02/05/09, 15:41:31, 4, 0, \\SERVER\DMIS\HBK\REPORTS\PMIS\PO_Hist.rpt:This field name is not known.
02/05/09, 15:41:31, 4, 0, \\SERVER\DMIS\HBK\REPORTS\PMIS\PO_Hist.rpt:This field name is not known.
02/05/09, 15:42:14, 4, 0, \\SERVER\DMIS\HBK\REPORTS\PMIS\PO_Hist.rpt:This field name is not known.
02/05/09, 15:42:14, 4, 0, \\SERVER\DMIS\HBK\REPORTS\PMIS\PO_Hist.rpt:This field name is not known.
02/06/09, 11:11:18, 4, 0, \\SERVER\DMIS\HBK\REPORTS\PMIS\PO_Hist.rpt:This field name is not known.
02/06/09, 11:11:18, 4, 0, \\SERVER\DMIS\HBK\REPORTS\PMIS\PO_Hist.rpt:This field name is not known.
02/06/09, 15:46:17, 4, 0, \\SERVER\DMIS\HAI\REPORTS\PMIS\PO.RPT:Server has not yet been opened.
2/6/2009, 3:48:25 PM, 4, 0, \\SERVER\DMIS\HAI\REPORTS\PMIS\PO.RPT:Server has not yet been opened.
2/6/2009, 3:48:46 PM, 4, 0, \\SERVER\DMIS\HAI\REPORTS\PMIS\PO.RPT:Server has not yet been opened.
2/6/2009, 3:54:02 PM, 4, 0, \\SERVER\DMIS\HAI\REPORTS\PMIS\PO.RPT:Server has not yet been opened.
02/12/09, 01:25:41, 4, 0, \\SERVER\DMIS\HBK\REPORTS\PMIS\PORange_Parts_Hist.rpt:This field name is not known.
02/12/09, 01:25:41, 4, 0, \\SERVER\DMIS\HBK\REPORTS\PMIS\PORange_Parts_Hist.rpt:This field name is not known.
02/01/09, 10:31:29, 4, 0, \\SERVER\DMIS\HAI\REPORTS\PMIS\PO.RPT:The remaining text does not appear to be part of the formula.
02/01/09, 10:31:29, 4, 0, \\SERVER\DMIS\HAI\REPORTS\PMIS\PO.RPT:The remaining text does not appear to be part of the formula.
02/01/09, 10:33:25, 4, 0, \\SERVER\DMIS\HAI\REPORTS\PMIS\PO.RPT:The remaining text does not appear to be part of the formula.
02/01/09, 10:33:25, 4, 0, \\SERVER\DMIS\HAI\REPORTS\PMIS\PO.RPT:The remaining text does not appear to be part of the formula.
02/01/09, 10:53:17, 4, 0, \\SERVER\DMIS\HAI\REPORTS\PMIS\PO.RPT:The remaining text does not appear to be part of the formula.
02/01/09, 10:53:17, 4, 0, \\SERVER\DMIS\HAI\REPORTS\PMIS\PO.RPT:The remaining text does not appear to be part of the formula.
02/14/09, 10:41:58, 4, 0, \\SERVER\DMIS\HBK\REPORTS\PMIS\PO_Hist.RPT:This field name is not known.
02/14/09, 10:41:58, 4, 0, \\SERVER\DMIS\HBK\REPORTS\PMIS\PO_Hist.RPT:This field name is not known.
02/14/09, 10:42:11, 4, 0, \\SERVER\DMIS\HBK\REPORTS\PMIS\PO_Hist.RPT:This field name is not known.
02/14/09, 10:42:11, 4, 0, \\SERVER\DMIS\HBK\REPORTS\PMIS\PO_Hist.RPT:This field name is not known.
2/19/2009, 10:52:27 AM, 4, 0, \\SERVER\DMIS\HAI\REPORTS\PMIS\PORange_Parts.rpt:This field name is not known.
2/19/2009, 10:52:27 AM, 4, 0, \\SERVER\DMIS\HAI\REPORTS\PMIS\PORange_Parts.rpt:This field name is not known.
2/23/2009, 1:12:15 PM, 4, 0, :Dos error.
2/23/2009, 1:12:16 PM, 4, 0, :Dos error.
2/23/2009, 1:44:56 PM, 4, 0, :Dos error.
2/23/2009, 1:44:57 PM, 4, 0, :Dos error.
03/10/09, 17:19:10, 4, 0, :Dos error.
03/10/09, 17:19:10, 4, 0, :Dos error.
03/10/09, 17:46:45, 4, 0, :Dos error.
03/10/09, 17:46:45, 4, 0, :Dos error.
03/10/09, 18:16:59, 4, 0, :Dos error.
03/10/09, 18:16:59, 4, 0, :Dos error.
03/11/09, 16:57:10, 4, 0, :Dos error.
03/11/09, 16:57:10, 4, 0, :Dos error.
03/11/09, 17:00:48, 4, 0, :Dos error.
03/11/09, 17:00:48, 4, 0, :Dos error.
05/08/09, 10:20:56, 4, 0, \\SERVER\DMIS\PROVINCE\HCI\REPORTS\PMIS\PORange_Parts_Hist.rpt:This field name is not known.
05/08/09, 10:20:56, 4, 0, \\SERVER\DMIS\PROVINCE\HCI\REPORTS\PMIS\PORange_Parts_Hist.rpt:This field name is not known.
05/08/09, 10:21:18, 4, 0, \\SERVER\DMIS\PROVINCE\HCI\REPORTS\PMIS\PORange_Parts_Hist.rpt:This field name is not known.
05/08/09, 10:21:18, 4, 0, \\SERVER\DMIS\PROVINCE\HCI\REPORTS\PMIS\PORange_Parts_Hist.rpt:This field name is not known.
07/21/09, 09:42:12, 4, 0, \\SERVER\DMIS\MANILA\HAS\REPORTS\PMIS\PO_Hist.rpt:This field name is not known.
07/21/09, 09:42:12, 4, 0, \\SERVER\DMIS\MANILA\HAS\REPORTS\PMIS\PO_Hist.rpt:This field name is not known.
07/21/09, 09:42:43, 4, 0, \\SERVER\DMIS\MANILA\HAS\REPORTS\PMIS\PO_Hist.rpt:This field name is not known.
07/21/09, 09:42:43, 4, 0, \\SERVER\DMIS\MANILA\HAS\REPORTS\PMIS\PO_Hist.rpt:This field name is not known.
07/21/09, 09:47:31, 4, 0, \\SERVER\DMIS\MANILA\HAS\REPORTS\PMIS\PO_Hist.rpt:This field name is not known.
07/21/09, 09:47:31, 4, 0, \\SERVER\DMIS\MANILA\HAS\REPORTS\PMIS\PO_Hist.rpt:This field name is not known.
08/06/09, 11:33:58, 4, 0, \\SERVER\DMIS\MANILA\HPC\REPORTS\PMIS\stock1.rpt:The remaining text does not appear to be part of the formula.
08/06/09, 11:33:58, 4, 0, \\SERVER\DMIS\MANILA\HPC\REPORTS\PMIS\stock1.rpt:The remaining text does not appear to be part of the formula.
08/06/09, 11:34:20, 4, 0, \\SERVER\DMIS\MANILA\HPC\REPORTS\PMIS\stock1.rpt:The remaining text does not appear to be part of the formula.
08/06/09, 11:34:20, 4, 0, \\SERVER\DMIS\MANILA\HPC\REPORTS\PMIS\stock1.rpt:The remaining text does not appear to be part of the formula.
08/10/09, 11:23:40, 4, 0, :File not found.
08/10/09, 11:23:40, 4, 0, :File not found.
08/10/09, 11:23:47, 4, 0, :File not found.
08/10/09, 11:24:10, 4, 0, :File not found.
08/10/09, 11:24:41, 4, 0, :File not found.
08/10/09, 11:25:25, 4, 0, :File not found.
08/10/09, 11:25:25, 4, 0, :File not found.
08/10/09, 11:25:27, 4, 0, :File not found.
08/10/09, 11:26:03, 4, 0, :File not found.
9/4/2009, 4:32:22 PM, 4, 0, :Invalid directory.
9/4/2009, 4:32:23 PM, 4, 0, :Invalid directory.
9/4/2009, 4:32:33 PM, 4, 0, :Invalid directory.
9/4/2009, 4:32:38 PM, 4, 0, :Invalid directory.
