12/3/2008, 2:56:18 PM, 4, 0, \\SERVER\DMIS\HSB\REPORTS\SMIS\CREDITMEMO.rpt:This field name is not known.
12/3/2008, 2:56:18 PM, 4, 0, \\SERVER\DMIS\HSB\REPORTS\SMIS\CREDITMEMO.rpt:This field name is not known.
1/9/2009, 10:04:49 AM, 4, 0, :File not found.
1/9/2009, 10:04:49 AM, 4, 0, :File not found.
1/9/2009, 10:04:50 AM, 4, 0, :File not found.
1/9/2009, 10:04:50 AM, 4, 0, :File not found.
1/16/2009, 3:32:32 PM, 4, 0, \\SERVER\DMIS\HBK\REPORTS\SMIS\vi_fin.rpt:Error detected by database DLL.
01/29/09, 15:04:22, 4, 0, \\SERVER\DMIS\HGC\REPORTS\SMIS\unitinventory.rpt:The remaining text does not appear to be part of the formula.
01/29/09, 15:04:22, 4, 0, \\SERVER\DMIS\HGC\REPORTS\SMIS\unitinventory.rpt:The remaining text does not appear to be part of the formula.
01/29/09, 15:21:07, 4, 0, \\SERVER\DMIS\HGC\REPORTS\SMIS\unitinventory.rpt:The remaining text does not appear to be part of the formula.
01/29/09, 15:21:07, 4, 0, \\SERVER\DMIS\HGC\REPORTS\SMIS\unitinventory.rpt:The remaining text does not appear to be part of the formula.
01/29/09, 15:22:32, 4, 0, \\SERVER\DMIS\HGC\REPORTS\SMIS\unitinventory.rpt:The remaining text does not appear to be part of the formula.
01/29/09, 15:22:32, 4, 0, \\SERVER\DMIS\HGC\REPORTS\SMIS\unitinventory.rpt:The remaining text does not appear to be part of the formula.
01/29/09, 15:23:14, 4, 0, \\SERVER\DMIS\HGC\REPORTS\SMIS\unitinventory.rpt:The remaining text does not appear to be part of the formula.
01/29/09, 15:23:14, 4, 0, \\SERVER\DMIS\HGC\REPORTS\SMIS\unitinventory.rpt:The remaining text does not appear to be part of the formula.
01/29/09, 15:30:35, 4, 0, \\SERVER\DMIS\HGC\REPORTS\SMIS\unitinventory.rpt:A boolean is required here.
01/29/09, 15:30:35, 4, 0, \\SERVER\DMIS\HGC\REPORTS\SMIS\unitinventory.rpt:A boolean is required here.
01/29/09, 15:36:19, 4, 0, \\SERVER\DMIS\HGC\REPORTS\SMIS\unitinventory.rpt:A date-time is required here.
01/29/09, 15:36:19, 4, 0, \\SERVER\DMIS\HGC\REPORTS\SMIS\unitinventory.rpt:A date-time is required here.
01/29/09, 15:50:16, 4, 0, \\SERVER\DMIS\HGC\REPORTS\SMIS\unitinventory.rpt:The remaining text does not appear to be part of the formula.
01/29/09, 15:50:16, 4, 0, \\SERVER\DMIS\HGC\REPORTS\SMIS\unitinventory.rpt:The remaining text does not appear to be part of the formula.
5/21/2009, 3:12:03 PM, 4, 0, \\SERVER\DMIS\MANILA\HMH\REPORTS\SMIS\VI_FIN.rpt:Error detected by database DLL.
5/21/2009, 3:12:40 PM, 4, 0, \\SERVER\DMIS\MANILA\HMH\REPORTS\SMIS\MRR.rpt:Error detected by database DLL.
9/9/2009, 8:39:21 PM, 4, 0, \\SERVER\DMIS\MANILA\HGC\REPORTS\SMIS\unitinventory.rpt:The ) is missing.
9/9/2009, 8:39:22 PM, 4, 0, \\SERVER\DMIS\MANILA\HGC\REPORTS\SMIS\unitinventory.rpt:The ) is missing.
9/9/2009, 8:41:32 PM, 4, 0, \\SERVER\DMIS\MANILA\HGC\REPORTS\SMIS\unitinventory.rpt:The ) is missing.
9/9/2009, 8:41:32 PM, 4, 0, \\SERVER\DMIS\MANILA\HGC\REPORTS\SMIS\unitinventory.rpt:The ) is missing.
9/9/2009, 8:49:05 PM, 4, 0, \\SERVER\DMIS\MANILA\HGC\REPORTS\SMIS\unitinventory.rpt:The ) is missing.
9/9/2009, 8:49:05 PM, 4, 0, \\SERVER\DMIS\MANILA\HGC\REPORTS\SMIS\unitinventory.rpt:The ) is missing.
9/9/2009, 9:12:04 PM, 4, 0, \\SERVER\DMIS\MANILA\HGC\REPORTS\SMIS\unitinventory.rpt:The ) is missing.
9/9/2009, 9:12:04 PM, 4, 0, \\SERVER\DMIS\MANILA\HGC\REPORTS\SMIS\unitinventory.rpt:The ) is missing.
9/9/2009, 9:12:24 PM, 4, 0, \\SERVER\DMIS\MANILA\HGC\REPORTS\SMIS\unitinventory.rpt:The ) is missing.
9/9/2009, 9:12:24 PM, 4, 0, \\SERVER\DMIS\MANILA\HGC\REPORTS\SMIS\unitinventory.rpt:The ) is missing.
9/9/2009, 9:15:16 PM, 4, 0, \\SERVER\DMIS\MANILA\HGC\REPORTS\SMIS\unitinventory.rpt:A number, currency amount, boolean, date, time, date-time, or string is expected here.
9/9/2009, 9:15:16 PM, 4, 0, \\SERVER\DMIS\MANILA\HGC\REPORTS\SMIS\unitinventory.rpt:A number, currency amount, boolean, date, time, date-time, or string is expected here.
9/9/2009, 9:15:27 PM, 4, 0, \\SERVER\DMIS\MANILA\HGC\REPORTS\SMIS\unitinventory.rpt:A number, currency amount, boolean, date, time, date-time, or string is expected here.
9/9/2009, 9:15:27 PM, 4, 0, \\SERVER\DMIS\MANILA\HGC\REPORTS\SMIS\unitinventory.rpt:A number, currency amount, boolean, date, time, date-time, or string is expected here.
9/9/2009, 9:18:15 PM, 4, 0, \\SERVER\DMIS\MANILA\HGC\REPORTS\SMIS\unitinventory.rpt:A number, currency amount, boolean, date, time, date-time, or string is expected here.
9/9/2009, 9:18:15 PM, 4, 0, \\SERVER\DMIS\MANILA\HGC\REPORTS\SMIS\unitinventory.rpt:A number, currency amount, boolean, date, time, date-time, or string is expected here.
9/9/2009, 9:19:57 PM, 4, 0, \\SERVER\DMIS\MANILA\HGC\REPORTS\SMIS\unitinventory.rpt:A number, currency amount, boolean, date, time, date-time, or string is expected here.
9/9/2009, 9:19:57 PM, 4, 0, \\SERVER\DMIS\MANILA\HGC\REPORTS\SMIS\unitinventory.rpt:A number, currency amount, boolean, date, time, date-time, or string is expected here.
9/9/2009, 9:24:28 PM, 4, 0, \\SERVER\DMIS\MANILA\HGC\REPORTS\SMIS\unitinventory.rpt:The ) is missing.
9/9/2009, 9:24:28 PM, 4, 0, \\SERVER\DMIS\MANILA\HGC\REPORTS\SMIS\unitinventory.rpt:The ) is missing.
9/9/2009, 9:26:07 PM, 4, 0, \\SERVER\DMIS\MANILA\HGC\REPORTS\SMIS\unitinventory.rpt:The ) is missing.
9/9/2009, 9:26:07 PM, 4, 0, \\SERVER\DMIS\MANILA\HGC\REPORTS\SMIS\unitinventory.rpt:The ) is missing.
9/9/2009, 9:26:26 PM, 4, 0, \\SERVER\DMIS\MANILA\HGC\REPORTS\SMIS\unitinventory.rpt:The ) is missing.
9/9/2009, 9:26:26 PM, 4, 0, \\SERVER\DMIS\MANILA\HGC\REPORTS\SMIS\unitinventory.rpt:The ) is missing.
9/9/2009, 9:28:10 PM, 4, 0, \\SERVER\DMIS\MANILA\HGC\REPORTS\SMIS\unitinventory.rpt:The ) is missing.
9/9/2009, 9:28:10 PM, 4, 0, \\SERVER\DMIS\MANILA\HGC\REPORTS\SMIS\unitinventory.rpt:The ) is missing.
9/9/2009, 9:33:24 PM, 4, 0, \\SERVER\DMIS\MANILA\HGC\REPORTS\SMIS\unitinventory.rpt:The ) is missing.
9/9/2009, 9:33:24 PM, 4, 0, \\SERVER\DMIS\MANILA\HGC\REPORTS\SMIS\unitinventory.rpt:The ) is missing.
9/9/2009, 9:36:57 PM, 4, 0, \\SERVER\DMIS\MANILA\HGC\REPORTS\SMIS\unitinventory.rpt:The ) is missing.
9/9/2009, 9:36:57 PM, 4, 0, \\SERVER\DMIS\MANILA\HGC\REPORTS\SMIS\unitinventory.rpt:The ) is missing.
9/9/2009, 9:37:19 PM, 4, 0, \\SERVER\DMIS\MANILA\HGC\REPORTS\SMIS\unitinventory.rpt:The ) is missing.
9/9/2009, 9:37:19 PM, 4, 0, \\SERVER\DMIS\MANILA\HGC\REPORTS\SMIS\unitinventory.rpt:The ) is missing.
9/9/2009, 9:42:06 PM, 4, 0, \\SERVER\DMIS\MANILA\HGC\REPORTS\SMIS\unitinventory.rpt:The ) is missing.
9/9/2009, 9:42:06 PM, 4, 0, \\SERVER\DMIS\MANILA\HGC\REPORTS\SMIS\unitinventory.rpt:The ) is missing.
9/9/2009, 9:44:54 PM, 4, 0, \\SERVER\DMIS\MANILA\HGC\REPORTS\SMIS\unitinventory.rpt:The remaining text does not appear to be part of the formula.
9/9/2009, 9:44:54 PM, 4, 0, \\SERVER\DMIS\MANILA\HGC\REPORTS\SMIS\unitinventory.rpt:The remaining text does not appear to be part of the formula.
9/9/2009, 9:47:06 PM, 4, 0, \\SERVER\DMIS\MANILA\HGC\REPORTS\SMIS\unitinventory.rpt:The remaining text does not appear to be part of the formula.
9/9/2009, 9:47:06 PM, 4, 0, \\SERVER\DMIS\MANILA\HGC\REPORTS\SMIS\unitinventory.rpt:The remaining text does not appear to be part of the formula.
9/9/2009, 9:55:31 PM, 4, 0, \\SERVER\DMIS\MANILA\HGC\REPORTS\SMIS\unitinventory.rpt:The remaining text does not appear to be part of the formula.
9/9/2009, 9:55:31 PM, 4, 0, \\SERVER\DMIS\MANILA\HGC\REPORTS\SMIS\unitinventory.rpt:The remaining text does not appear to be part of the formula.
9/9/2009, 9:58:13 PM, 4, 0, \\SERVER\DMIS\MANILA\HGC\REPORTS\SMIS\unitinventory.rpt:The remaining text does not appear to be part of the formula.
9/9/2009, 9:58:13 PM, 4, 0, \\SERVER\DMIS\MANILA\HGC\REPORTS\SMIS\unitinventory.rpt:The remaining text does not appear to be part of the formula.
9/9/2009, 10:00:25 PM, 4, 0, \\SERVER\DMIS\MANILA\HGC\REPORTS\SMIS\unitinventory.rpt:The ) is missing.
9/9/2009, 10:00:25 PM, 4, 0, \\SERVER\DMIS\MANILA\HGC\REPORTS\SMIS\unitinventory.rpt:The ) is missing.
9/9/2009, 10:01:05 PM, 4, 0, \\SERVER\DMIS\MANILA\HGC\REPORTS\SMIS\unitinventory.rpt:The ) is missing.
9/9/2009, 10:01:05 PM, 4, 0, \\SERVER\DMIS\MANILA\HGC\REPORTS\SMIS\unitinventory.rpt:The ) is missing.
9/9/2009, 10:30:32 PM, 4, 0, \\SERVER\DMIS\MANILA\HGC\REPORTS\SMIS\vehstock.rpt:The ) is missing.
9/9/2009, 10:30:32 PM, 4, 0, \\SERVER\DMIS\MANILA\HGC\REPORTS\SMIS\vehstock.rpt:The ) is missing.
9/9/2009, 10:45:36 PM, 4, 0, \\SERVER\DMIS\MANILA\HGC\REPORTS\SMIS\VehiclesGroupList.rpt:This field name is not known.
9/9/2009, 11:35:44 PM, 4, 0, \\SERVER\DMIS\MANILA\HGC\REPORTS\SMIS\INVENTORY\VehiclesAllocated.rpt:The ) is missing.
9/9/2009, 11:40:18 PM, 4, 0, \\SERVER\DMIS\MANILA\HGC\REPORTS\SMIS\INVENTORY\VehiclesAllocated.rpt:The ) is missing.
9/10/2009, 12:05:17 AM, 4, 0, \\SERVER\DMIS\MANILA\HGC\REPORTS\SMIS\INVENTORY\VehiclesReleased.rpt:This field name is not known.
9/10/2009, 12:08:07 AM, 4, 0, \\SERVER\DMIS\MANILA\HGC\REPORTS\SMIS\INVENTORY\VehiclesReleased.rpt:This field name is not known.
9/10/2009, 12:08:15 AM, 4, 0, \\SERVER\DMIS\MANILA\HGC\REPORTS\SMIS\INVENTORY\VehiclesReleased.rpt:This field name is not known.
3/1/2010, 2:30:11 PM, 4, 0, \\SERVER\DMIS\MANILA\HOT\REPORTS\SMIS\VI.RPT:Page Header plus Page Footer is too large for the page.
3/1/2010, 2:30:30 PM, 4, 0, \\SERVER\DMIS\MANILA\HOT\REPORTS\SMIS\VI.RPT:Page Header plus Page Footer is too large for the page.
3/15/2010, 5:18:33 PM, 4, 0, :File not found.
3/15/2010, 5:18:33 PM, 4, 0, :File not found.
9/9/2010, 11:18:14 AM, 4, 0, \\NSISERVER\DMIS\MANILA\HPC\REPORTS\SMIS\VI.RPT:This field name is not known.
9/9/2010, 11:18:14 AM, 4, 0, \\NSISERVER\DMIS\MANILA\HPC\REPORTS\SMIS\VI.RPT:This field name is not known.
10/21/10, 21:35:20, 4, 0, :File not found.
10/21/10, 21:35:20, 4, 0, :File not found.
10/21/10, 21:35:24, 4, 0, :File not found.
12/14/2010, 1:42:23 PM, 4, 0, \\NSISERVER\DMIS\MANILA\HGH\REPORTS\SMIS\QuotationCash.rpt:The remaining text does not appear to be part of the formula.
12/14/2010, 1:42:23 PM, 4, 0, \\NSISERVER\DMIS\MANILA\HGH\REPORTS\SMIS\QuotationCash.rpt:The remaining text does not appear to be part of the formula.
12/14/2010, 1:42:26 PM, 4, 0, \\NSISERVER\DMIS\MANILA\HGH\REPORTS\SMIS\QuotationCash.rpt:The remaining text does not appear to be part of the formula.
12/14/2010, 1:42:26 PM, 4, 0, \\NSISERVER\DMIS\MANILA\HGH\REPORTS\SMIS\QuotationCash.rpt:The remaining text does not appear to be part of the formula.
12/14/2010, 1:43:43 PM, 4, 0, \\NSISERVER\DMIS\MANILA\HGH\REPORTS\SMIS\QuotationCash.rpt:The remaining text does not appear to be part of the formula.
12/14/2010, 1:43:43 PM, 4, 0, \\NSISERVER\DMIS\MANILA\HGH\REPORTS\SMIS\QuotationCash.rpt:The remaining text does not appear to be part of the formula.
1/11/2011, 11:22:59 AM, 4, 0, C:\DOCUMENTS AND SETTINGS\NS04\DESKTOP\DIAMOND\SMIS\QuotationCash.rpt:The remaining text does not appear to be part of the formula.
1/11/2011, 11:22:59 AM, 4, 0, C:\DOCUMENTS AND SETTINGS\NS04\DESKTOP\DIAMOND\SMIS\QuotationCash.rpt:The remaining text does not appear to be part of the formula.
1/11/2011, 11:23:01 AM, 4, 0, C:\DOCUMENTS AND SETTINGS\NS04\DESKTOP\DIAMOND\SMIS\QuotationCash.rpt:The remaining text does not appear to be part of the formula.
1/11/2011, 11:23:01 AM, 4, 0, C:\DOCUMENTS AND SETTINGS\NS04\DESKTOP\DIAMOND\SMIS\QuotationCash.rpt:The remaining text does not appear to be part of the formula.
1/11/2011, 11:24:17 AM, 4, 0, C:\DOCUMENTS AND SETTINGS\NS04\DESKTOP\DIAMOND\SMIS\QuotationCash.rpt:The remaining text does not appear to be part of the formula.
1/11/2011, 11:24:17 AM, 4, 0, C:\DOCUMENTS AND SETTINGS\NS04\DESKTOP\DIAMOND\SMIS\QuotationCash.rpt:The remaining text does not appear to be part of the formula.
1/11/2011, 11:28:49 AM, 4, 0, C:\DOCUMENTS AND SETTINGS\NS04\DESKTOP\DIAMOND\SMIS\QuotationCash.rpt:The remaining text does not appear to be part of the formula.
1/11/2011, 11:28:49 AM, 4, 0, C:\DOCUMENTS AND SETTINGS\NS04\DESKTOP\DIAMOND\SMIS\QuotationCash.rpt:The remaining text does not appear to be part of the formula.
1/11/2011, 11:28:53 AM, 4, 0, C:\DOCUMENTS AND SETTINGS\NS04\DESKTOP\DIAMOND\SMIS\QuotationCash.rpt:The remaining text does not appear to be part of the formula.
1/11/2011, 11:28:53 AM, 4, 0, C:\DOCUMENTS AND SETTINGS\NS04\DESKTOP\DIAMOND\SMIS\QuotationCash.rpt:The remaining text does not appear to be part of the formula.
1/11/2011, 11:28:56 AM, 4, 0, C:\DOCUMENTS AND SETTINGS\NS04\DESKTOP\DIAMOND\SMIS\QuotationCash.rpt:The remaining text does not appear to be part of the formula.
1/11/2011, 11:28:56 AM, 4, 0, C:\DOCUMENTS AND SETTINGS\NS04\DESKTOP\DIAMOND\SMIS\QuotationCash.rpt:The remaining text does not appear to be part of the formula.
1/11/2011, 11:37:16 AM, 4, 0, C:\DOCUMENTS AND SETTINGS\NS04\DESKTOP\DIAMOND\SMIS\QuotationCash.rpt:The remaining text does not appear to be part of the formula.
1/11/2011, 11:37:16 AM, 4, 0, C:\DOCUMENTS AND SETTINGS\NS04\DESKTOP\DIAMOND\SMIS\QuotationCash.rpt:The remaining text does not appear to be part of the formula.
1/11/2011, 11:40:14 AM, 4, 0, C:\DOCUMENTS AND SETTINGS\NS04\DESKTOP\DIAMOND\SMIS\QuotationCash.rpt:The remaining text does not appear to be part of the formula.
1/11/2011, 11:40:14 AM, 4, 0, C:\DOCUMENTS AND SETTINGS\NS04\DESKTOP\DIAMOND\SMIS\QuotationCash.rpt:The remaining text does not appear to be part of the formula.
1/11/2011, 11:41:11 AM, 4, 0, C:\DOCUMENTS AND SETTINGS\NS04\DESKTOP\DIAMOND\SMIS\QuotationCash.rpt:The remaining text does not appear to be part of the formula.
1/11/2011, 11:41:11 AM, 4, 0, C:\DOCUMENTS AND SETTINGS\NS04\DESKTOP\DIAMOND\SMIS\QuotationCash.rpt:The remaining text does not appear to be part of the formula.
3/4/2011, 9:53:35 AM, 4, 0, :File not found.
3/4/2011, 9:53:35 AM, 4, 0, :File not found.
