01/20/10, 15:34:45, 4, 0, \\SERVER\DMIS\MANILA\HAI\REPORTS\PMIS\printparts.rpt:Server has not yet been opened.
01/20/10, 15:35:01, 4, 0, \\server\DMIS\MANILA\HAI\REPORTS\AMIS\Files\Suppliers.rpt:Server has not yet been opened.
3/14/2010, 5:50:45 PM, 4, 0, :File not found.
3/14/2010, 5:50:45 PM, 4, 0, :File not found.
3/14/2010, 5:51:56 PM, 4, 0, :File not found.
3/14/2010, 5:51:56 PM, 4, 0, :File not found.
3/14/2010, 5:52:10 PM, 4, 0, :File not found.
3/14/2010, 5:52:20 PM, 4, 0, :File not found.
3/14/2010, 5:52:20 PM, 4, 0, :File not found.
3/14/2010, 6:02:44 PM, 4, 0, :File not found.
3/14/2010, 6:02:44 PM, 4, 0, :File not found.
3/14/2010, 6:16:38 PM, 4, 0, :File not found.
3/14/2010, 6:16:38 PM, 4, 0, :File not found.
1/26/2011, 7:43:44 PM, 4, 0, D:\MANILA\MITSU\PMIS\CHG.RPT:A number, currency amount, boolean, date, time, date-time, or string is expected here.
1/26/2011, 7:43:44 PM, 4, 0, D:\MANILA\MITSU\PMIS\CHG.RPT:A number, currency amount, boolean, date, time, date-time, or string is expected here.
1/26/2011, 7:45:25 PM, 4, 0, D:\MANILA\MITSU\PMIS\CHG.RPT:A number, currency amount, boolean, date, time, date-time, or string is expected here.
1/26/2011, 7:45:25 PM, 4, 0, D:\MANILA\MITSU\PMIS\CHG.RPT:A number, currency amount, boolean, date, time, date-time, or string is expected here.
1/26/2011, 7:48:23 PM, 4, 0, D:\MANILA\MITSU\PMIS\CHG.RPT:A number, currency amount, boolean, date, time, date-time, or string is expected here.
1/26/2011, 7:48:23 PM, 4, 0, D:\MANILA\MITSU\PMIS\CHG.RPT:A number, currency amount, boolean, date, time, date-time, or string is expected here.
2/29/2012, 1:24:14 PM, 4, 0, D:\MANILA\HPC\REPORTS\PMIS\PO_Hist.RPT:This field name is not known.
2/29/2012, 1:24:15 PM, 4, 0, D:\MANILA\HPC\REPORTS\PMIS\PO_Hist.RPT:This field name is not known.
2/29/2012, 1:24:33 PM, 4, 0, D:\MANILA\HPC\REPORTS\PMIS\PO_Hist.RPT:This field name is not known.
2/29/2012, 1:24:33 PM, 4, 0, D:\MANILA\HPC\REPORTS\PMIS\PO_Hist.RPT:This field name is not known.
3/18/2011, 1:50:15 PM, 4, 0, D:\MANILA\HCI\PMIS\printunservedboth.rpt:The matching ' for this string is missing.
3/18/2011, 2:45:03 PM, 4, 0, D:\MANILA\HCI\PMIS\printunservedboth.rpt:The remaining text does not appear to be part of the formula.
3/18/2011, 2:51:20 PM, 4, 0, D:\MANILA\HCI\PMIS\printunservedboth.rpt:The remaining text does not appear to be part of the formula.
3/21/2011, 10:19:04 AM, 4, 0, D:\MANILA\HCI\PMIS\printunservedboth.rpt:The remaining text does not appear to be part of the formula.
3/22/2011, 11:32:06 AM, 4, 0, :File not found.
3/22/2011, 11:32:06 AM, 4, 0, :File not found.
3/22/2011, 11:32:37 AM, 4, 0, :File not found.
3/25/2011, 3:57:30 PM, 4, 0, :File not found.
3/25/2011, 3:57:30 PM, 4, 0, :File not found.
3/28/2011, 10:04:25 AM, 4, 0, :File not found.
3/28/2011, 10:04:25 AM, 4, 0, :File not found.
3/28/2011, 10:05:42 AM, 4, 0, :File not found.
3/28/2011, 11:46:02 AM, 4, 0, :File not found.
3/28/2011, 11:46:02 AM, 4, 0, :File not found.
4/1/2011, 10:46:53 AM, 4, 0, D:\DMIS\DGI\REPORTS\PMIS\PO_Hist.RPT:This field name is not known.
4/1/2011, 10:46:53 AM, 4, 0, D:\DMIS\DGI\REPORTS\PMIS\PO_Hist.RPT:This field name is not known.
4/1/2011, 10:48:14 AM, 4, 0, D:\DMIS\DGI\REPORTS\PMIS\PO_Hist.RPT:The remaining text does not appear to be part of the formula.
4/1/2011, 10:48:14 AM, 4, 0, D:\DMIS\DGI\REPORTS\PMIS\PO_Hist.RPT:The remaining text does not appear to be part of the formula.
4/1/2011, 10:48:53 AM, 4, 0, D:\DMIS\DGI\REPORTS\PMIS\PO_Hist.RPT:The remaining text does not appear to be part of the formula.
4/1/2011, 10:48:53 AM, 4, 0, D:\DMIS\DGI\REPORTS\PMIS\PO_Hist.RPT:The remaining text does not appear to be part of the formula.
4/1/2011, 10:52:11 AM, 4, 0, D:\DMIS\DGI\REPORTS\PMIS\PO_Hist.RPT:The remaining text does not appear to be part of the formula.
4/1/2011, 10:52:11 AM, 4, 0, D:\DMIS\DGI\REPORTS\PMIS\PO_Hist.RPT:The remaining text does not appear to be part of the formula.
4/1/2011, 10:53:37 AM, 4, 0, D:\DMIS\DGI\REPORTS\PMIS\PO_Hist.RPT:The remaining text does not appear to be part of the formula.
4/1/2011, 10:53:37 AM, 4, 0, D:\DMIS\DGI\REPORTS\PMIS\PO_Hist.RPT:The remaining text does not appear to be part of the formula.
4/1/2011, 11:36:19 AM, 4, 0, D:\DMIS\DGI\REPORTS\PMIS\PO.RPT:This field name is not known.
4/1/2011, 11:36:19 AM, 4, 0, D:\DMIS\DGI\REPORTS\PMIS\PO.RPT:This field name is not known.
4/1/2011, 11:37:32 AM, 4, 0, D:\DMIS\DGI\REPORTS\PMIS\PO_Hist2.RPT:This field name is not known.
4/1/2011, 11:37:32 AM, 4, 0, D:\DMIS\DGI\REPORTS\PMIS\PO_Hist2.RPT:This field name is not known.
