Line 94: Class MSComCtl2.DTPicker of control dtPromised was not a loaded control class.
Line 191: Class MSComctlLib.ListView of control lblJob4Service was not a loaded control class.
Line 298: Class MSComctlLib.ListView of control lstPMSDet was not a loaded control class.
Line 1165: Class MSComctlLib.ListView of control ListView1 was not a loaded control class.
Line 1696: Class MSComCtl2.DTPicker of control txtDte_recd was not a loaded control class.
Line 1967: Class MSComctlLib.ListView of control lstVehicle was not a loaded control class.
Line 2179: Class MSComctlLib.ListView of control lstCustomer was not a loaded control class.
Line 2294: Class MSForms.CommandButton of control CommandButton1 was not a loaded control class.
Line 100: The property name _ExtentX in dtPromised is invalid.
Line 101: The property name _ExtentY in dtPromised is invalid.
Line 102: The property name _Version in dtPromised is invalid.
Line 112: The property name CustomFormat in dtPromised is invalid.
Line 113: The property name Format in dtPromised is invalid.
Line 114: The property name CurrentDate in dtPromised is invalid.
Line 197: The property name _ExtentX in lblJob4Service is invalid.
Line 198: The property name _ExtentY in lblJob4Service is invalid.
Line 199: The property name View in lblJob4Service is invalid.
Line 200: The property name LabelEdit in lblJob4Service is invalid.
Line 201: The property name Sorted in lblJob4Service is invalid.
Line 202: The property name LabelWrap in lblJob4Service is invalid.
Line 203: The property name HideSelection in lblJob4Service is invalid.
Line 204: The property name AllowReorder in lblJob4Service is invalid.
Line 205: The property name FullRowSelect in lblJob4Service is invalid.
Line 206: The property name GridLines in lblJob4Service is invalid.
Line 207: The property name _Version in lblJob4Service is invalid.
Line 223: The property name NumItems in lblJob4Service is invalid.
Line 227: The property name ColumnHeader(1) in lblJob4Service is invalid.
Line 232: The property name ColumnHeader(2) in lblJob4Service is invalid.
Line 237: The property name ColumnHeader(3) in lblJob4Service is invalid.
Line 242: The property name ColumnHeader(4) in lblJob4Service is invalid.
Line 247: The property name ColumnHeader(5) in lblJob4Service is invalid.
Line 252: The property name ColumnHeader(6) in lblJob4Service is invalid.
Line 257: The property name ColumnHeader(7) in lblJob4Service is invalid.
Line 262: The property name ColumnHeader(8) in lblJob4Service is invalid.
Line 191: Property MouseIcon in lblJob4Service could not be set.
Line 304: The property name _ExtentX in lstPMSDet is invalid.
Line 305: The property name _ExtentY in lstPMSDet is invalid.
Line 306: The property name View in lstPMSDet is invalid.
Line 307: The property name LabelEdit in lstPMSDet is invalid.
Line 308: The property name Sorted in lstPMSDet is invalid.
Line 309: The property name LabelWrap in lstPMSDet is invalid.
Line 310: The property name HideSelection in lstPMSDet is invalid.
Line 311: The property name AllowReorder in lstPMSDet is invalid.
Line 312: The property name FullRowSelect in lstPMSDet is invalid.
Line 313: The property name GridLines in lstPMSDet is invalid.
Line 314: The property name _Version in lstPMSDet is invalid.
Line 330: The property name NumItems in lstPMSDet is invalid.
Line 334: The property name ColumnHeader(1) in lstPMSDet is invalid.
Line 339: The property name ColumnHeader(2) in lstPMSDet is invalid.
Line 344: The property name ColumnHeader(3) in lstPMSDet is invalid.
Line 349: The property name ColumnHeader(4) in lstPMSDet is invalid.
Line 298: Property MouseIcon in lstPMSDet could not be set.
Line 1171: The property name _ExtentX in ListView1 is invalid.
Line 1172: The property name _ExtentY in ListView1 is invalid.
Line 1173: The property name View in ListView1 is invalid.
Line 1174: The property name LabelEdit in ListView1 is invalid.
Line 1175: The property name Sorted in ListView1 is invalid.
Line 1176: The property name LabelWrap in ListView1 is invalid.
Line 1177: The property name HideSelection in ListView1 is invalid.
Line 1178: The property name AllowReorder in ListView1 is invalid.
Line 1179: The property name FullRowSelect in ListView1 is invalid.
Line 1180: The property name GridLines in ListView1 is invalid.
Line 1181: The property name HoverSelection in ListView1 is invalid.
Line 1182: The property name _Version in ListView1 is invalid.
Line 1198: The property name NumItems in ListView1 is invalid.
Line 1202: The property name ColumnHeader(1) in ListView1 is invalid.
Line 1207: The property name ColumnHeader(2) in ListView1 is invalid.
Line 1212: The property name ColumnHeader(3) in ListView1 is invalid.
Line 1218: The property name ColumnHeader(4) in ListView1 is invalid.
Line 1224: The property name ColumnHeader(5) in ListView1 is invalid.
Line 1165: Property MouseIcon in ListView1 could not be set.
Line 1702: The property name _ExtentX in txtDte_recd is invalid.
Line 1703: The property name _ExtentY in txtDte_recd is invalid.
Line 1704: The property name _Version in txtDte_recd is invalid.
Line 1714: The property name CustomFormat in txtDte_recd is invalid.
Line 1715: The property name Format in txtDte_recd is invalid.
Line 1716: The property name CurrentDate in txtDte_recd is invalid.
Line 1973: The property name _ExtentX in lstVehicle is invalid.
Line 1974: The property name _ExtentY in lstVehicle is invalid.
Line 1975: The property name View in lstVehicle is invalid.
Line 1976: The property name LabelEdit in lstVehicle is invalid.
Line 1977: The property name Sorted in lstVehicle is invalid.
Line 1978: The property name LabelWrap in lstVehicle is invalid.
Line 1979: The property name HideSelection in lstVehicle is invalid.
Line 1980: The property name AllowReorder in lstVehicle is invalid.
Line 1981: The property name FullRowSelect in lstVehicle is invalid.
Line 1982: The property name GridLines in lstVehicle is invalid.
Line 1983: The property name _Version in lstVehicle is invalid.
Line 1999: The property name NumItems in lstVehicle is invalid.
Line 2003: The property name ColumnHeader(1) in lstVehicle is invalid.
Line 2008: The property name ColumnHeader(2) in lstVehicle is invalid.
Line 2013: The property name ColumnHeader(3) in lstVehicle is invalid.
Line 2018: The property name ColumnHeader(4) in lstVehicle is invalid.
Line 2023: The property name ColumnHeader(5) in lstVehicle is invalid.
Line 1967: Property MouseIcon in lstVehicle could not be set.
Line 2185: The property name _ExtentX in lstCustomer is invalid.
Line 2186: The property name _ExtentY in lstCustomer is invalid.
Line 2187: The property name View in lstCustomer is invalid.
Line 2188: The property name LabelEdit in lstCustomer is invalid.
Line 2189: The property name Sorted in lstCustomer is invalid.
Line 2190: The property name LabelWrap in lstCustomer is invalid.
Line 2191: The property name HideSelection in lstCustomer is invalid.
Line 2192: The property name AllowReorder in lstCustomer is invalid.
Line 2193: The property name FullRowSelect in lstCustomer is invalid.
Line 2194: The property name GridLines in lstCustomer is invalid.
Line 2195: The property name _Version in lstCustomer is invalid.
Line 2211: The property name NumItems in lstCustomer is invalid.
Line 2215: The property name ColumnHeader(1) in lstCustomer is invalid.
Line 2220: The property name ColumnHeader(2) in lstCustomer is invalid.
Line 2225: The property name ColumnHeader(3) in lstCustomer is invalid.
Line 2230: The property name ColumnHeader(4) in lstCustomer is invalid.
Line 2235: The property name ColumnHeader(5) in lstCustomer is invalid.
Line 2240: The property name ColumnHeader(6) in lstCustomer is invalid.
Line 2245: The property name ColumnHeader(7) in lstCustomer is invalid.
Line 2179: Property MouseIcon in lstCustomer could not be set.
Line 2301: The property name Size in CommandButton1 is invalid.
Line 2302: The property name FontHeight in CommandButton1 is invalid.
Line 2303: The property name FontCharSet in CommandButton1 is invalid.
Line 2304: The property name FontPitchAndFamily in CommandButton1 is invalid.
Line 2305: The property name ParagraphAlign in CommandButton1 is invalid.
