10/08/15, 14:14:44, 4, 0, :File not found.
10/08/15, 14:14:44, 4, 0, :File not found.
10/09/15, 15:05:24, 4, 0, :Invalid directory.
10/09/15, 15:05:24, 4, 0, :Invalid directory.
10/09/15, 15:05:40, 4, 0, :Invalid directory.
10/09/15, 15:05:40, 4, 0, :Invalid directory.
10/09/15, 15:06:00, 4, 0, :Invalid directory.
10/09/15, 15:06:00, 4, 0, :Invalid directory.
10/09/15, 15:07:49, 4, 0, :Invalid directory.
10/26/15, 09:34:20, 4, 0, :File not found.
10/26/15, 09:34:20, 4, 0, :File not found.
10/26/15, 09:39:54, 4, 0, :File not found.
10/27/15, 14:26:25, 4, 0, D:\REPORT\JMC\REPORTS\AMIS\FinancialStatement\FinancialStatements\BalanceSheet.rpt:The summary / running total field could not be created.
10/27/15, 16:22:59, 4, 0, D:\REPORT\JMC\REPORTS\AMIS\FinancialStatement\FinancialStatements\BalanceSheet.rpt:The summary / running total field could not be created.
10/27/15, 16:39:40, 4, 0, D:\REPORT\JMC\REPORTS\AMIS\FinancialStatement\FinancialStatements\BalanceSheet.rpt:The summary / running total field could not be created.
10/27/15, 17:18:24, 4, 0, D:\REPORT\JMC\REPORTS\AMIS\FinancialStatement\FinancialStatements\BalanceSheet.rpt:The summary / running total field could not be created.
10/27/15, 17:20:47, 4, 0, D:\REPORT\JMC\REPORTS\AMIS\FinancialStatement\FinancialStatements\BalanceSheet.rpt:The summary / running total field could not be created.
10/29/15, 14:32:20, 4, 0, :Invalid directory.
10/29/15, 14:32:20, 4, 0, :Invalid directory.
10/29/15, 14:33:26, 4, 0, :Invalid directory.
10/29/15, 14:33:26, 4, 0, :Invalid directory.
10/29/15, 14:35:47, 4, 0, :Invalid directory.
10/29/15, 14:35:47, 4, 0, :Invalid directory.
10/29/15, 14:36:09, 4, 0, :Invalid directory.
10/29/15, 14:36:09, 4, 0, :Invalid directory.
10/30/15, 16:02:23, 4, 0, :File not found.
10/30/15, 16:02:23, 4, 0, :File not found.
11/03/15, 13:53:15, 4, 0, :Invalid directory.
11/03/15, 13:53:15, 4, 0, :Invalid directory.
11/03/15, 14:02:43, 4, 0, :Invalid directory.
11/03/15, 14:02:43, 4, 0, :Invalid directory.
11/03/15, 14:04:40, 4, 0, :Invalid directory.
11/03/15, 14:04:40, 4, 0, :Invalid directory.
11/03/15, 14:06:25, 4, 0, :Invalid directory.
11/03/15, 14:06:25, 4, 0, :Invalid directory.
11/03/15, 14:08:12, 4, 0, :Invalid directory.
11/03/15, 14:08:12, 4, 0, :Invalid directory.
11/03/15, 14:08:43, 4, 0, :Invalid directory.
11/03/15, 14:08:43, 4, 0, :Invalid directory.
11/03/15, 14:10:01, 4, 0, :Invalid directory.
11/03/15, 14:10:01, 4, 0, :Invalid directory.
11/03/15, 14:11:01, 4, 0, :Invalid directory.
11/03/15, 14:11:01, 4, 0, :Invalid directory.
11/03/15, 14:12:07, 4, 0, :Invalid directory.
11/03/15, 14:13:27, 4, 0, :Invalid directory.
11/03/15, 14:13:27, 4, 0, :Invalid directory.
11/03/15, 14:14:53, 4, 0, E:\REPORT\JMC\AMIS\InvoicesReport\Service_Invoices.rpt:This field name is not known.
11/03/15, 14:14:53, 4, 0, E:\REPORT\JMC\AMIS\InvoicesReport\Service_Invoices.rpt:This field name is not known.
11/16/15, 16:04:21, 4, 0, D:\REPORT\JMC\REPORTS\AMIS\FinancialStatement\FinancialStatements\BalanceSheet.rpt:The summary / running total field could not be created.
11/25/2015, 5:15:33 PM, 4, 0, D:\REPORTS\JMC\REPORTS\AMIS\FinancialStatement\FinancialStatements\ScheduleOfSellingExpensePartsSection.rpt:The summary / running total field could not be created.
11/25/2015, 5:23:17 PM, 4, 0, D:\REPORTS\JMC\REPORTS\AMIS\FinancialStatement\FinancialStatements\ScheduleOfSellingExpenseServiceSection.rpt:The summary / running total field could not be created.
11/25/2015, 5:41:37 PM, 4, 0, D:\REPORTS\JMC\REPORTS\AMIS\FinancialStatement\FinancialStatements\ScheduleOfSellingExpenseSalesSection.rpt:The summary / running total field could not be created.
11/25/2015, 5:43:06 PM, 4, 0, D:\REPORTS\JMC\REPORTS\AMIS\FinancialStatement\FinancialStatements\ScheduleOfSellingExpenseServiceSection.rpt:The summary / running total field could not be created.
11/26/2015, 11:25:22 AM, 4, 0, D:\REPORTS\JMC\REPORTS\AMIS\FinancialStatement\FinancialStatements\ScheduleOfSellingExpensesCumulative.rpt:There is an error in this formula.  Please edit it for more details.
11/26/2015, 11:25:23 AM, 4, 0, D:\REPORTS\JMC\REPORTS\AMIS\FinancialStatement\FinancialStatements\ScheduleOfSellingExpensesCumulative.rpt:The summary / running total field could not be created.
11/26/2015, 11:25:23 AM, 4, 0, D:\REPORTS\JMC\REPORTS\AMIS\FinancialStatement\FinancialStatements\ScheduleOfSellingExpensesCumulative.rpt:There is an error in this formula.  Please edit it for more details.
11/26/2015, 11:25:23 AM, 4, 0, D:\REPORTS\JMC\REPORTS\AMIS\FinancialStatement\FinancialStatements\ScheduleOfSellingExpensesCumulative.rpt:The summary / running total field could not be created.
11/26/2015, 11:26:02 AM, 4, 0, D:\REPORTS\JMC\REPORTS\AMIS\FinancialStatement\FinancialStatements\ScheduleOfSellingExpensesCumulative.rpt:There is an error in this formula.  Please edit it for more details.
11/26/2015, 11:26:02 AM, 4, 0, D:\REPORTS\JMC\REPORTS\AMIS\FinancialStatement\FinancialStatements\ScheduleOfSellingExpensesCumulative.rpt:The summary / running total field could not be created.
11/26/2015, 11:26:02 AM, 4, 0, D:\REPORTS\JMC\REPORTS\AMIS\FinancialStatement\FinancialStatements\ScheduleOfSellingExpensesCumulative.rpt:There is an error in this formula.  Please edit it for more details.
11/26/2015, 11:26:02 AM, 4, 0, D:\REPORTS\JMC\REPORTS\AMIS\FinancialStatement\FinancialStatements\ScheduleOfSellingExpensesCumulative.rpt:The summary / running total field could not be created.
11/26/2015, 11:26:13 AM, 4, 0, D:\REPORTS\JMC\REPORTS\AMIS\FinancialStatement\FinancialStatements\ScheduleOfSellingExpensesCumulative.rpt:There is an error in this formula.  Please edit it for more details.
11/26/2015, 11:26:13 AM, 4, 0, D:\REPORTS\JMC\REPORTS\AMIS\FinancialStatement\FinancialStatements\ScheduleOfSellingExpensesCumulative.rpt:The summary / running total field could not be created.
11/26/2015, 11:26:13 AM, 4, 0, D:\REPORTS\JMC\REPORTS\AMIS\FinancialStatement\FinancialStatements\ScheduleOfSellingExpensesCumulative.rpt:There is an error in this formula.  Please edit it for more details.
11/26/2015, 11:26:13 AM, 4, 0, D:\REPORTS\JMC\REPORTS\AMIS\FinancialStatement\FinancialStatements\ScheduleOfSellingExpensesCumulative.rpt:The summary / running total field could not be created.
11/26/2015, 2:39:34 PM, 4, 0, D:\REPORTS\JMC\REPORTS\AMIS\FinancialStatement\FinancialStatements\ScheduleOfSellingExpensesCurrent.rpt:The summary / running total field could not be created.
11/26/2015, 2:39:34 PM, 4, 0, D:\REPORTS\JMC\REPORTS\AMIS\FinancialStatement\FinancialStatements\ScheduleOfSellingExpensesCurrent.rpt:The summary / running total field could not be created.
11/26/2015, 2:39:37 PM, 4, 0, D:\REPORTS\JMC\REPORTS\AMIS\FinancialStatement\FinancialStatements\ScheduleOfSellingExpensesCurrent.rpt:The summary / running total field could not be created.
11/26/2015, 2:39:37 PM, 4, 0, D:\REPORTS\JMC\REPORTS\AMIS\FinancialStatement\FinancialStatements\ScheduleOfSellingExpensesCurrent.rpt:The summary / running total field could not be created.
11/26/2015, 3:28:16 PM, 4, 0, D:\REPORTS\JMC\REPORTS\AMIS\FinancialStatement\FinancialStatements\ScheduleOfAdministrativeExpensesCumulative.rpt:The summary / running total field could not be created.
12/01/15, 13:31:30, 4, 0, :File not found.
12/01/15, 13:31:35, 4, 0, :File not found.
12/03/15, 11:24:03, 4, 0, :File not found.
12/03/15, 11:24:04, 4, 0, :File not found.
12/07/15, 16:40:34, 4, 0, D:\SHARE IT!!!\REPORTS\MITSU\JMC\REPORTS\AMIS\Journals\GJJournals.rpt:

This group section cannot be printed because its condition field is nonexistent or invalid.  Format the section to choose another condition field.
12/07/15, 16:41:43, 4, 0, D:\SHARE IT!!!\REPORTS\MITSU\JMC\REPORTS\AMIS\Journals\GJJournals.rpt:

This group section cannot be printed because its condition field is nonexistent or invalid.  Format the section to choose another condition field.
12/07/15, 16:58:35, 4, 0, D:\SHARE IT!!!\REPORTS\MITSU\JMC\REPORTS\AMIS\Journals\GJJournals.rpt:

This group section cannot be printed because its condition field is nonexistent or invalid.  Format the section to choose another condition field.
12/12/2015, 3:08:56 PM, 4, 0, D:\SHARE IT!!!\REPORTS\MITSU\JMC\REPORTS\AMIS\Summary\AGLSummary.Rpt:This field name is not known.
12/12/15, 16:19:57, 4, 0, :File not found.
12/12/15, 16:19:57, 4, 0, :File not found.
12/12/15, 16:33:00, 4, 0, D:\SHARE IT!!!\REPORTS\MITSU\JMC\REPORTS\AMIS\Summary\AGLSummary.Rpt:This field name is not known.
12/12/15, 16:33:00, 4, 0, D:\SHARE IT!!!\REPORTS\MITSU\JMC\REPORTS\AMIS\Summary\AGLSummary.Rpt:This field name is not known.
12/12/15, 16:33:22, 4, 0, D:\SHARE IT!!!\REPORTS\MITSU\JMC\REPORTS\AMIS\Summary\AGLSummary.Rpt:This field name is not known.
12/12/15, 16:33:22, 4, 0, D:\SHARE IT!!!\REPORTS\MITSU\JMC\REPORTS\AMIS\Summary\AGLSummary.Rpt:This field name is not known.
12/12/15, 16:44:41, 4, 0, D:\SHARE IT!!!\REPORTS\MITSU\JMC\REPORTS\AMIS\Summary\AGLSummary.Rpt:This field name is not known.
12/12/15, 16:44:41, 4, 0, D:\SHARE IT!!!\REPORTS\MITSU\JMC\REPORTS\AMIS\Summary\AGLSummary.Rpt:This field name is not known.
12/12/15, 16:46:15, 4, 0, D:\SHARE IT!!!\REPORTS\MITSU\JMC\REPORTS\AMIS\Summary\AGLSummary.Rpt:This field name is not known.
12/12/15, 16:46:15, 4, 0, D:\SHARE IT!!!\REPORTS\MITSU\JMC\REPORTS\AMIS\Summary\AGLSummary.Rpt:This field name is not known.
12/12/15, 16:48:29, 4, 0, D:\SHARE IT!!!\REPORTS\MITSU\JMC\REPORTS\AMIS\Summary\AGLSummary.Rpt:This field name is not known.
12/12/15, 16:48:29, 4, 0, D:\SHARE IT!!!\REPORTS\MITSU\JMC\REPORTS\AMIS\Summary\AGLSummary.Rpt:This field name is not known.
12/12/15, 16:49:31, 4, 0, D:\SHARE IT!!!\REPORTS\MITSU\JMC\REPORTS\AMIS\Summary\AGLSummary.Rpt:This field name is not known.
12/12/15, 16:49:34, 4, 0, D:\SHARE IT!!!\REPORTS\MITSU\JMC\REPORTS\AMIS\Summary\AGLSummary.Rpt:This field name is not known.
12/12/15, 16:51:41, 4, 0, D:\SHARE IT!!!\REPORTS\MITSU\JMC\REPORTS\AMIS\Summary\AGLSummary.Rpt:This field name is not known.
12/12/15, 16:51:41, 4, 0, D:\SHARE IT!!!\REPORTS\MITSU\JMC\REPORTS\AMIS\Summary\AGLSummary.Rpt:This field name is not known.
12/12/15, 16:52:21, 4, 0, D:\SHARE IT!!!\REPORTS\MITSU\JMC\REPORTS\AMIS\Summary\AGLSummary.Rpt:This field name is not known.
12/12/15, 16:52:21, 4, 0, D:\SHARE IT!!!\REPORTS\MITSU\JMC\REPORTS\AMIS\Summary\AGLSummary.Rpt:This field name is not known.
12/12/15, 16:53:28, 4, 0, D:\SHARE IT!!!\REPORTS\MITSU\JMC\REPORTS\AMIS\Summary\AGLSummary.Rpt:This field name is not known.
12/12/15, 16:53:28, 4, 0, D:\SHARE IT!!!\REPORTS\MITSU\JMC\REPORTS\AMIS\Summary\AGLSummary.Rpt:This field name is not known.
12/14/15, 09:08:38, 4, 0, D:\SHARE IT!!!\REPORTS\MITSU\JMC\REPORTS\AMIS\Summary\AGLSummary.Rpt:This field name is not known.
12/14/15, 09:08:38, 4, 0, D:\SHARE IT!!!\REPORTS\MITSU\JMC\REPORTS\AMIS\Summary\AGLSummary.Rpt:This field name is not known.
12/14/15, 09:15:36, 4, 0, D:\SHARE IT!!!\REPORTS\MITSU\JMC\REPORTS\AMIS\Summary\AGLSummary.Rpt:This field name is not known.
12/14/15, 09:15:36, 4, 0, D:\SHARE IT!!!\REPORTS\MITSU\JMC\REPORTS\AMIS\Summary\AGLSummary.Rpt:This field name is not known.
12/14/15, 09:35:54, 4, 0, D:\SHARE IT!!!\REPORTS\MITSU\JMC\REPORTS\AMIS\Summary\AGLSummary.Rpt:This field name is not known.
12/14/15, 09:35:54, 4, 0, D:\SHARE IT!!!\REPORTS\MITSU\JMC\REPORTS\AMIS\Summary\AGLSummary.Rpt:This field name is not known.
12/14/15, 09:36:47, 4, 0, D:\SHARE IT!!!\REPORTS\MITSU\JMC\REPORTS\AMIS\Summary\AGLSummary.Rpt:This field name is not known.
12/14/15, 09:36:47, 4, 0, D:\SHARE IT!!!\REPORTS\MITSU\JMC\REPORTS\AMIS\Summary\AGLSummary.Rpt:This field name is not known.
12/14/15, 09:38:17, 4, 0, D:\SHARE IT!!!\REPORTS\MITSU\JMC\REPORTS\AMIS\Summary\AGLSummary.Rpt:This field name is not known.
12/14/15, 09:38:17, 4, 0, D:\SHARE IT!!!\REPORTS\MITSU\JMC\REPORTS\AMIS\Summary\AGLSummary.Rpt:This field name is not known.
12/14/15, 09:41:05, 4, 0, D:\SHARE IT!!!\REPORTS\MITSU\JMC\REPORTS\AMIS\Summary\AGLSummary.Rpt:This field name is not known.
12/14/15, 09:41:05, 4, 0, D:\SHARE IT!!!\REPORTS\MITSU\JMC\REPORTS\AMIS\Summary\AGLSummary.Rpt:This field name is not known.
12/14/15, 09:42:07, 4, 0, D:\SHARE IT!!!\REPORTS\MITSU\JMC\REPORTS\AMIS\Summary\AGLSummary.Rpt:This field name is not known.
12/14/15, 09:42:07, 4, 0, D:\SHARE IT!!!\REPORTS\MITSU\JMC\REPORTS\AMIS\Summary\AGLSummary.Rpt:This field name is not known.
12/14/15, 10:18:52, 4, 0, :File not found.
12/14/15, 10:18:52, 4, 0, :File not found.
12/14/15, 10:21:56, 4, 0, :File not found.
12/14/15, 10:21:56, 4, 0, :File not found.
12/14/15, 10:34:27, 4, 0, D:\SHARE IT!!!\REPORTS\MITSU\JMC\REPORTS\AMIS\Summary\AGLSummary.Rpt:This field name is not known.
12/14/15, 10:34:27, 4, 0, D:\SHARE IT!!!\REPORTS\MITSU\JMC\REPORTS\AMIS\Summary\AGLSummary.Rpt:This field name is not known.
12/14/15, 10:34:48, 4, 0, D:\SHARE IT!!!\REPORTS\MITSU\JMC\REPORTS\AMIS\Summary\AGLSummary.Rpt:This field name is not known.
12/14/15, 10:34:48, 4, 0, D:\SHARE IT!!!\REPORTS\MITSU\JMC\REPORTS\AMIS\Summary\AGLSummary.Rpt:This field name is not known.
12/14/15, 10:37:41, 4, 0, D:\SHARE IT!!!\REPORTS\MITSU\JMC\REPORTS\AMIS\Summary\AGLSummary.Rpt:This field name is not known.
12/14/15, 10:37:41, 4, 0, D:\SHARE IT!!!\REPORTS\MITSU\JMC\REPORTS\AMIS\Summary\AGLSummary.Rpt:This field name is not known.
12/14/15, 10:38:46, 4, 0, D:\SHARE IT!!!\REPORTS\MITSU\JMC\REPORTS\AMIS\Summary\AGLSummary.Rpt:This field name is not known.
12/14/15, 10:38:46, 4, 0, D:\SHARE IT!!!\REPORTS\MITSU\JMC\REPORTS\AMIS\Summary\AGLSummary.Rpt:This field name is not known.
12/14/15, 10:39:40, 4, 0, D:\SHARE IT!!!\REPORTS\MITSU\JMC\REPORTS\AMIS\Summary\AGLSummary.Rpt:This field name is not known.
12/14/15, 10:39:40, 4, 0, D:\SHARE IT!!!\REPORTS\MITSU\JMC\REPORTS\AMIS\Summary\AGLSummary.Rpt:This field name is not known.
12/14/15, 10:56:03, 4, 0, D:\SHARE IT!!!\REPORTS\MITSU\JMC\REPORTS\AMIS\Summary\AGLSummary.Rpt:This field name is not known.
12/14/15, 10:56:03, 4, 0, D:\SHARE IT!!!\REPORTS\MITSU\JMC\REPORTS\AMIS\Summary\AGLSummary.Rpt:This field name is not known.
12/14/15, 10:57:00, 4, 0, D:\SHARE IT!!!\REPORTS\MITSU\JMC\REPORTS\AMIS\Summary\AGLSummary.Rpt:This field name is not known.
12/14/15, 10:57:00, 4, 0, D:\SHARE IT!!!\REPORTS\MITSU\JMC\REPORTS\AMIS\Summary\AGLSummary.Rpt:This field name is not known.
12/14/15, 10:58:03, 4, 0, D:\SHARE IT!!!\REPORTS\MITSU\JMC\REPORTS\AMIS\Summary\AGLSummary.Rpt:This field name is not known.
12/14/15, 10:58:03, 4, 0, D:\SHARE IT!!!\REPORTS\MITSU\JMC\REPORTS\AMIS\Summary\AGLSummary.Rpt:This field name is not known.
12/14/15, 11:05:05, 4, 0, D:\SHARE IT!!!\REPORTS\MITSU\JMC\REPORTS\AMIS\Summary\AGLSummary.Rpt:This field name is not known.
12/14/15, 11:05:06, 4, 0, D:\SHARE IT!!!\REPORTS\MITSU\JMC\REPORTS\AMIS\Summary\AGLSummary.Rpt:This field name is not known.
12/14/15, 11:18:51, 4, 0, D:\SHARE IT!!!\REPORTS\MITSU\JMC\REPORTS\AMIS\Summary\AGLSummary.Rpt:This field name is not known.
12/14/15, 11:18:52, 4, 0, D:\SHARE IT!!!\REPORTS\MITSU\JMC\REPORTS\AMIS\Summary\AGLSummary.Rpt:This field name is not known.
12/14/15, 11:20:10, 4, 0, D:\SHARE IT!!!\REPORTS\MITSU\JMC\REPORTS\AMIS\Summary\AGLSummary.Rpt:This field name is not known.
12/14/15, 11:20:10, 4, 0, D:\SHARE IT!!!\REPORTS\MITSU\JMC\REPORTS\AMIS\Summary\AGLSummary.Rpt:This field name is not known.
12/14/15, 13:20:59, 4, 0, :File not found.
12/14/15, 13:20:59, 4, 0, :File not found.
12/14/15, 13:22:59, 4, 0, :File not found.
12/14/15, 13:22:59, 4, 0, :File not found.
12/14/15, 13:24:00, 4, 0, :File not found.
12/14/15, 13:24:00, 4, 0, :File not found.
12/14/15, 13:25:19, 4, 0, :File not found.
12/14/15, 13:25:19, 4, 0, :File not found.
12/14/15, 13:25:54, 4, 0, :File not found.
12/14/15, 13:25:54, 4, 0, :File not found.
12/14/15, 13:26:01, 4, 0, :File not found.
12/14/15, 13:26:01, 4, 0, :File not found.
1/5/2016, 4:44:22 PM, 4, 0, :File not found.
1/5/2016, 4:44:22 PM, 4, 0, :File not found.
01/12/16, 11:12:19, 4, 0, D:\REPORT\JMC\REPORTS\AMIS\FinancialStatement\FinancialStatements\BalanceSheet.rpt:The summary / running total field could not be created.
01/27/16, 16:23:28, 4, 0, :File not found.
01/27/16, 16:23:31, 4, 0, :File not found.
2/13/2016, 10:20:47 AM, 4, 0, D:\REPORTS\JMC\REPORTS\AMIS\FinancialStatement\FinancialStatements\ScheduleOfSellingExpenseSalesSection.rpt:The summary / running total field could not be created.
2/13/2016, 10:22:07 AM, 4, 0, D:\REPORTS\JMC\REPORTS\AMIS\FinancialStatement\FinancialStatements\ScheduleOfSellingExpenseSalesSection.rpt:The summary / running total field could not be created.
2/13/2016, 10:22:51 AM, 4, 0, D:\REPORTS\JMC\REPORTS\AMIS\FinancialStatement\FinancialStatements\ScheduleOfSellingExpensePartsSection.rpt:The summary / running total field could not be created.
2/13/2016, 10:24:04 AM, 4, 0, D:\REPORTS\JMC\REPORTS\AMIS\FinancialStatement\FinancialStatements\ScheduleOfSellingExpensePartsSection.rpt:The summary / running total field could not be created.
2/13/2016, 10:24:35 AM, 4, 0, D:\REPORTS\JMC\REPORTS\AMIS\FinancialStatement\FinancialStatements\ScheduleOfSellingExpenseServiceSection.rpt:The summary / running total field could not be created.
2/13/2016, 10:26:04 AM, 4, 0, D:\REPORTS\JMC\REPORTS\AMIS\FinancialStatement\FinancialStatements\ScheduleOfSellingExpenseServiceSection.rpt:The summary / running total field could not be created.
2/13/2016, 10:34:23 AM, 4, 0, D:\REPORTS\JMC\REPORTS\AMIS\FinancialStatement\FinancialStatements\ScheduleOfAdministrativeExpensesCumulative.rpt:The summary / running total field could not be created.
2/13/2016, 10:35:22 AM, 4, 0, D:\REPORTS\JMC\REPORTS\AMIS\FinancialStatement\FinancialStatements\ScheduleOfAdministrativeExpensesCumulative.rpt:The summary / running total field could not be created.
02/16/16, 15:45:48, 4, 0, D:\REPORTS\DSSC\REPORTS\AMIS\FinancialStatement\FinancialStatements\ScheduleOfAdminAndSellingExpensesCurrent.rpt:This field name is not known.
02/16/16, 15:45:48, 4, 0, D:\REPORTS\DSSC\REPORTS\AMIS\FinancialStatement\FinancialStatements\ScheduleOfAdminAndSellingExpensesCurrent.rpt:This field name is not known.
02/16/16, 15:47:49, 4, 0, D:\REPORTS\HNE\REPORTS\AMIS\FinancialStatement\FinancialStatements\ScheduleOfAdminAndSellingExpensesCurrent.rpt:Error detected by database DLL.
02/16/16, 15:47:54, 4, 0, D:\REPORTS\HNE\REPORTS\AMIS\FinancialStatement\FinancialStatements\ScheduleOfAdminAndSellingExpensesCurrent.rpt:Error detected by database DLL.
02/16/16, 15:51:12, 4, 0, D:\REPORTS\HNE\REPORTS\AMIS\FinancialStatement\FinancialStatements\ScheduleOfAdminAndSellingExpensesCurrent.rpt:Error detected by database DLL.
02/16/16, 15:51:16, 4, 0, D:\REPORTS\HNE\REPORTS\AMIS\FinancialStatement\FinancialStatements\ScheduleOfAdminAndSellingExpensesCurrent.rpt:Error detected by database DLL.
02/16/16, 15:51:22, 4, 0, D:\REPORTS\HNE\REPORTS\AMIS\FinancialStatement\FinancialStatements\ScheduleOfAdminAndSellingExpensesCurrent.rpt:Error detected by database DLL.
02/16/16, 15:53:50, 4, 0, D:\REPORTS\HNE\REPORTS\AMIS\FinancialStatement\FinancialStatements\ScheduleOfAdminAndSellingExpensesCurrent.rpt:Error detected by database DLL.
02/18/16, 16:30:06, 4, 0, D:\REPORTS\JMC\REPORTS\AMIS\FinancialStatement\TrialBalanceOfBalances.rpt:Server has not yet been opened.
02/23/16, 13:47:02, 4, 0, \\Nsiserver\reports\HMH\AMIS\FinancialStatement\FinancialStatements\BalanceSheet.rpt:The summary / running total field could not be created.
05/12/16, 11:59:25, 4, 0, D:\REPORTS\DJM\REPORTS\AMIS\InvoicesReport\UnusedInvoices.rpt:The remaining text does not appear to be part of the formula.
05/12/16, 11:59:25, 4, 0, D:\REPORTS\DJM\REPORTS\AMIS\InvoicesReport\UnusedInvoices.rpt:The remaining text does not appear to be part of the formula.
05/12/16, 12:00:09, 4, 0, D:\REPORTS\DJM\REPORTS\AMIS\InvoicesReport\UnusedInvoices.rpt:The remaining text does not appear to be part of the formula.
05/12/16, 12:00:09, 4, 0, D:\REPORTS\DJM\REPORTS\AMIS\InvoicesReport\UnusedInvoices.rpt:The remaining text does not appear to be part of the formula.
05/12/16, 12:00:31, 4, 0, D:\REPORTS\DJM\REPORTS\AMIS\InvoicesReport\UnusedInvoices.rpt:The remaining text does not appear to be part of the formula.
05/12/16, 12:00:31, 4, 0, D:\REPORTS\DJM\REPORTS\AMIS\InvoicesReport\UnusedInvoices.rpt:The remaining text does not appear to be part of the formula.
08/01/16, 15:24:11, 4, 0, D:\REPORTS\REPORTS\HNE\REPORTS\AMIS\Ledgers\AccountGeneralLedger.Rpt:This field name is not known.
08/01/16, 15:24:11, 4, 0, D:\REPORTS\REPORTS\HNE\REPORTS\AMIS\Ledgers\AccountGeneralLedger.Rpt:The remaining text does not appear to be part of the formula.
08/01/16, 15:24:27, 4, 0, D:\REPORTS\REPORTS\HNE\REPORTS\AMIS\Ledgers\AccountGeneralLedger.Rpt:This field name is not known.
08/01/16, 15:24:27, 4, 0, D:\REPORTS\REPORTS\HNE\REPORTS\AMIS\Ledgers\AccountGeneralLedger.Rpt:The remaining text does not appear to be part of the formula.
08/01/16, 15:25:17, 4, 0, D:\REPORTS\REPORTS\HNE\REPORTS\AMIS\Ledgers\AccountGeneralLedger.Rpt:This field name is not known.
08/01/16, 15:25:17, 4, 0, D:\REPORTS\REPORTS\HNE\REPORTS\AMIS\Ledgers\AccountGeneralLedger.Rpt:The remaining text does not appear to be part of the formula.
08/01/16, 15:25:41, 4, 0, D:\REPORTS\REPORTS\HNE\REPORTS\AMIS\Ledgers\AccountGeneralLedger.Rpt:This field name is not known.
08/01/16, 15:25:41, 4, 0, D:\REPORTS\REPORTS\HNE\REPORTS\AMIS\Ledgers\AccountGeneralLedger.Rpt:The remaining text does not appear to be part of the formula.
08/01/16, 15:26:29, 4, 0, D:\REPORTS\REPORTS\HNE\REPORTS\AMIS\Ledgers\AccountGeneralLedger.Rpt:This field name is not known.
08/01/16, 15:26:29, 4, 0, D:\REPORTS\REPORTS\HNE\REPORTS\AMIS\Ledgers\AccountGeneralLedger.Rpt:The remaining text does not appear to be part of the formula.
08/01/16, 15:27:26, 4, 0, D:\REPORTS\REPORTS\HNE\REPORTS\AMIS\Ledgers\AccountGeneralLedger.Rpt:This field name is not known.
08/01/16, 15:27:26, 4, 0, D:\REPORTS\REPORTS\HNE\REPORTS\AMIS\Ledgers\AccountGeneralLedger.Rpt:The remaining text does not appear to be part of the formula.
08/01/16, 15:28:35, 4, 0, D:\REPORTS\REPORTS\HNE\REPORTS\AMIS\Ledgers\AccountGeneralLedger.Rpt:The remaining text does not appear to be part of the formula.
08/01/16, 15:28:35, 4, 0, D:\REPORTS\REPORTS\HNE\REPORTS\AMIS\Ledgers\AccountGeneralLedger.Rpt:The remaining text does not appear to be part of the formula.
08/01/16, 15:32:01, 4, 0, D:\REPORTS\REPORTS\HNE\REPORTS\AMIS\Ledgers\AccountGeneralLedger.Rpt:The remaining text does not appear to be part of the formula.
08/01/16, 15:32:01, 4, 0, D:\REPORTS\REPORTS\HNE\REPORTS\AMIS\Ledgers\AccountGeneralLedger.Rpt:The remaining text does not appear to be part of the formula.
08/01/16, 15:32:51, 4, 0, D:\REPORTS\REPORTS\HNE\REPORTS\AMIS\Ledgers\AccountGeneralLedger.Rpt:The remaining text does not appear to be part of the formula.
08/01/16, 15:32:51, 4, 0, D:\REPORTS\REPORTS\HNE\REPORTS\AMIS\Ledgers\AccountGeneralLedger.Rpt:The remaining text does not appear to be part of the formula.
08/01/16, 15:48:18, 4, 0, D:\REPORTS\REPORTS\HNE\REPORTS\AMIS\Ledgers\AccountGeneralLedger.Rpt:The remaining text does not appear to be part of the formula.
08/01/16, 15:48:18, 4, 0, D:\REPORTS\REPORTS\HNE\REPORTS\AMIS\Ledgers\AccountGeneralLedger.Rpt:The remaining text does not appear to be part of the formula.
08/01/16, 15:54:45, 4, 0, D:\REPORTS\REPORTS\HNE\REPORTS\AMIS\Ledgers\AccountGeneralLedger.Rpt:The remaining text does not appear to be part of the formula.
08/01/16, 15:54:45, 4, 0, D:\REPORTS\REPORTS\HNE\REPORTS\AMIS\Ledgers\AccountGeneralLedger.Rpt:The remaining text does not appear to be part of the formula.
10/14/16, 17:39:24, 4, 0, \\nsi-norie\REPORTS\HNE\REPORTS\AMIS\Journals\APJournals.rpt:This field name is not known.
10/14/16, 17:39:24, 4, 0, \\nsi-norie\REPORTS\HNE\REPORTS\AMIS\Journals\APJournals.rpt:This field name is not known.
10/14/16, 17:39:57, 4, 0, \\nsi-norie\REPORTS\HNE\REPORTS\AMIS\Journals\APJournals.rpt:This field name is not known.
10/14/16, 17:39:57, 4, 0, \\nsi-norie\REPORTS\HNE\REPORTS\AMIS\Journals\APJournals.rpt:This field name is not known.
10/14/16, 17:41:45, 4, 0, \\nsi-norie\REPORTS\HNE\REPORTS\AMIS\Journals\APJournals.rpt:This field name is not known.
10/14/16, 17:41:45, 4, 0, \\nsi-norie\REPORTS\HNE\REPORTS\AMIS\Journals\APJournals.rpt:This field name is not known.
10/14/16, 17:44:09, 4, 0, \\nsi-norie\REPORTS\HNE\REPORTS\AMIS\Journals\APJournals.rpt:This field name is not known.
10/14/16, 17:44:09, 4, 0, \\nsi-norie\REPORTS\HNE\REPORTS\AMIS\Journals\APJournals.rpt:This field name is not known.
10/14/16, 17:44:32, 4, 0, \\nsi-norie\REPORTS\HNE\REPORTS\AMIS\Journals\APJournals.rpt:Error detected by database DLL.
10/14/16, 17:45:35, 4, 0, \\nsi-norie\REPORTS\HNE\REPORTS\AMIS\Journals\APJournals.rpt:Error detected by database DLL.
10/14/16, 17:46:23, 4, 0, \\nsi-norie\REPORTS\HNE\REPORTS\AMIS\Journals\APJournals.rpt:Error detected by database DLL.
10/20/2016, 2:20:48 PM, 4, 0, \\dmisserver\DMIS 2.0-MITSU\REPORTS\AMIS\Vouchers\ADA.rpt:Error detected by database DLL.
11/14/16, 14:17:06, 4, 0, :Invalid directory.
11/14/16, 14:17:06, 4, 0, :File not found.
11/14/16, 14:17:34, 4, 0, :Invalid directory.
11/14/16, 14:17:34, 4, 0, :File not found.
11/14/16, 14:48:58, 4, 0, :Invalid directory.
11/14/16, 14:48:58, 4, 0, :File not found.
11/14/16, 15:02:52, 4, 0, :Invalid directory.
11/14/16, 15:02:52, 4, 0, :File not found.
11/14/16, 15:04:02, 4, 0, :Invalid directory.
11/14/16, 15:04:02, 4, 0, :File not found.
11/16/2016, 3:03:21 PM, 4, 0, D:\REPORTS\CMC\AMIS\Journals\SJJournals.rpt:Error detected by database DLL.
11/16/2016, 3:05:17 PM, 4, 0, D:\REPORTS\CMC\AMIS\Journals\SJJournals.rpt:Error detected by database DLL.
11/16/2016, 3:05:19 PM, 4, 0, D:\REPORTS\CMC\AMIS\Journals\SJJournals.rpt:Error detected by database DLL.
11/16/2016, 3:05:28 PM, 4, 0, D:\REPORTS\CMC\AMIS\Journals\SJJournals.rpt:Error detected by database DLL.
11/16/2016, 3:05:47 PM, 4, 0, D:\REPORTS\CMC\AMIS\Journals\SJJournals.rpt:Error detected by database DLL.
11/16/2016, 4:43:55 PM, 4, 0, \\dmisserver\DMIS 2.0-MITSU\REPORTS\AMIS\InvoicesReport\PartsCashInvoice.rpt:Error 0x394B
11/17/16, 10:38:29, 4, 0, :File not found.
11/17/16, 10:38:29, 4, 0, :File not found.
11/17/16, 10:38:33, 4, 0, :File not found.
11/17/16, 10:38:33, 4, 0, :File not found.
11/17/16, 10:38:35, 4, 0, :File not found.
11/17/16, 10:38:35, 4, 0, :File not found.
11/17/16, 10:48:42, 4, 0, :Dos error.
11/17/2016, 2:45:24 PM, 4, 0, \\dmisserver\DMIS 2.0-MITSU\REPORTS\AMIS\InvoicesReport\VehicleInvoices.rpt:Error 0x394B
11/22/16, 10:43:37, 4, 0, \\nsiserver\MITSUBISHI DMIS\REPORTS\CMC\reports\AMIS\InvoicesReport\PartsCashInvoice.rpt:The remaining text does not appear to be part of the formula.
11/22/16, 10:43:37, 4, 0, \\nsiserver\MITSUBISHI DMIS\REPORTS\CMC\reports\AMIS\InvoicesReport\PartsCashInvoice.rpt:The remaining text does not appear to be part of the formula.
11/22/16, 10:44:24, 4, 0, \\nsiserver\MITSUBISHI DMIS\REPORTS\CMC\reports\AMIS\InvoicesReport\PartsCashInvoice.rpt:Error detected by database DLL.
11/22/16, 13:12:18, 4, 0, \\nsiserver\MITSUBISHI DMIS\REPORTS\CMC\reports\AMIS\InvoicesReport\PartsCashInvoice.rpt:The summary / running total field could not be created.
11/22/16, 13:12:18, 4, 0, \\nsiserver\MITSUBISHI DMIS\REPORTS\CMC\reports\AMIS\InvoicesReport\PartsCashInvoice.rpt:The summary / running total field could not be created.
11/22/16, 13:13:18, 4, 0, \\nsiserver\MITSUBISHI DMIS\REPORTS\CMC\reports\AMIS\InvoicesReport\PartsCashInvoice.rpt:The summary / running total field could not be created.
11/22/16, 13:13:18, 4, 0, \\nsiserver\MITSUBISHI DMIS\REPORTS\CMC\reports\AMIS\InvoicesReport\PartsCashInvoice.rpt:The summary / running total field could not be created.
11/22/16, 13:14:57, 4, 0, \\nsiserver\MITSUBISHI DMIS\REPORTS\CMC\reports\AMIS\InvoicesReport\PartsCashInvoice.rpt:The summary / running total field could not be created.
11/22/16, 13:14:57, 4, 0, \\nsiserver\MITSUBISHI DMIS\REPORTS\CMC\reports\AMIS\InvoicesReport\PartsCashInvoice.rpt:The summary / running total field could not be created.
11/22/16, 13:22:08, 4, 0, \\nsiserver\MITSUBISHI DMIS\REPORTS\CMC\reports\AMIS\InvoicesReport\PartsCashInvoice.rpt:The summary / running total field could not be created.
11/22/16, 13:22:08, 4, 0, \\nsiserver\MITSUBISHI DMIS\REPORTS\CMC\reports\AMIS\InvoicesReport\PartsCashInvoice.rpt:The summary / running total field could not be created.
11/22/16, 15:41:00, 4, 0, :File not found.
11/22/16, 15:41:00, 4, 0, :File not found.
12/16/16, 13:41:36, 4, 0, \\Nsiserver\mitsubishi dmis\REPORTS\CMC\reports\AMIS\ExpenseReport\ScheduleOfSellingExpensesCumulative.rpt:A date is required here.
12/16/16, 13:41:36, 4, 0, \\Nsiserver\mitsubishi dmis\REPORTS\CMC\reports\AMIS\ExpenseReport\ScheduleOfSellingExpensesCumulative.rpt:A date is required here.
12/16/16, 13:42:37, 4, 0, \\Nsiserver\mitsubishi dmis\REPORTS\CMC\reports\AMIS\ExpenseReport\ScheduleOfSellingExpensesCumulative.rpt:A date is required here.
12/16/16, 13:42:37, 4, 0, \\Nsiserver\mitsubishi dmis\REPORTS\CMC\reports\AMIS\ExpenseReport\ScheduleOfSellingExpensesCumulative.rpt:A date is required here.
