03/02/11, 10:17:13, 4, 0, D:\DMIS\HGC\AMIS\Vouchers\GeneralJournal.rpt:The remaining text does not appear to be part of the formula.
03/02/11, 10:18:18, 4, 0, D:\DMIS\HGC\AMIS\Vouchers\GeneralJournal.rpt:The remaining text does not appear to be part of the formula.
3/3/2011, 10:40:22 AM, 4, 0, :Invalid directory.
3/3/2011, 10:40:22 AM, 4, 0, :Invalid directory.
3/3/2011, 12:10:17 PM, 4, 0, :File not found.
3/3/2011, 12:10:17 PM, 4, 0, :File not found.
3/3/2011, 12:10:40 PM, 4, 0, :File not found.
3/3/2011, 12:10:40 PM, 4, 0, :File not found.
3/3/2011, 12:11:19 PM, 4, 0, D:\DMIS\HMH\SMIS\Customer_ENTRYDATE.rpt:The remaining text does not appear to be part of the formula.
3/3/2011, 12:11:19 PM, 4, 0, D:\DMIS\HMH\SMIS\Customer_ENTRYDATE.rpt:The remaining text does not appear to be part of the formula.
3/3/2011, 12:34:09 PM, 4, 0, D:\DMIS\HMH\SMIS\Customer_ENTRYDATE.rpt:The remaining text does not appear to be part of the formula.
3/3/2011, 12:34:09 PM, 4, 0, D:\DMIS\HMH\SMIS\Customer_ENTRYDATE.rpt:The remaining text does not appear to be part of the formula.
3/3/2011, 12:36:13 PM, 4, 0, D:\DMIS\HMH\SMIS\Customer_ENTRYDATE.rpt:This field name is not known.
3/3/2011, 12:36:13 PM, 4, 0, D:\DMIS\HMH\SMIS\Customer_ENTRYDATE.rpt:This field name is not known.
3/3/2011, 12:36:44 PM, 4, 0, D:\DMIS\HMH\SMIS\Customer_ENTRYDATE.rpt:This field name is not known.
3/3/2011, 12:36:44 PM, 4, 0, D:\DMIS\HMH\SMIS\Customer_ENTRYDATE.rpt:This field name is not known.
3/3/2011, 12:37:54 PM, 4, 0, D:\DMIS\HMH\SMIS\Customer_ENTRYDATE.rpt:This field name is not known.
3/3/2011, 12:37:54 PM, 4, 0, D:\DMIS\HMH\SMIS\Customer_ENTRYDATE.rpt:This field name is not known.
3/3/2011, 12:39:34 PM, 4, 0, D:\DMIS\HMH\SMIS\Customer_ENTRYDATE.rpt:A date is required here.
3/3/2011, 12:39:34 PM, 4, 0, D:\DMIS\HMH\SMIS\Customer_ENTRYDATE.rpt:A date is required here.
3/3/2011, 12:41:08 PM, 4, 0, D:\DMIS\HMH\SMIS\Customer_ENTRYDATE.rpt:A date is required here.
3/3/2011, 12:41:08 PM, 4, 0, D:\DMIS\HMH\SMIS\Customer_ENTRYDATE.rpt:A date is required here.
3/3/2011, 12:41:42 PM, 4, 0, D:\DMIS\HMH\SMIS\Customer_ENTRYDATE.rpt:This date time literal was not understood.
3/3/2011, 12:41:42 PM, 4, 0, D:\DMIS\HMH\SMIS\Customer_ENTRYDATE.rpt:This date time literal was not understood.
3/3/2011, 12:43:45 PM, 4, 0, D:\DMIS\HMH\SMIS\Customer_ENTRYDATE.rpt:A date is required here.
3/3/2011, 12:43:45 PM, 4, 0, D:\DMIS\HMH\SMIS\Customer_ENTRYDATE.rpt:A date is required here.
3/3/2011, 12:44:08 PM, 4, 0, D:\DMIS\HMH\SMIS\Customer_ENTRYDATE.rpt:A date is required here.
3/3/2011, 12:44:08 PM, 4, 0, D:\DMIS\HMH\SMIS\Customer_ENTRYDATE.rpt:A date is required here.
3/3/2011, 12:50:58 PM, 4, 0, D:\DMIS\HMH\SMIS\Customer_ENTRYDATE.rpt:Dates must be between year 1 and year 9999.
3/3/2011, 12:50:58 PM, 4, 0, D:\DMIS\HMH\SMIS\Customer_ENTRYDATE.rpt:Dates must be between year 1 and year 9999.
3/3/2011, 12:51:30 PM, 4, 0, D:\DMIS\HMH\SMIS\Customer_ENTRYDATE.rpt:Dates must be between year 1 and year 9999.
3/3/2011, 12:51:30 PM, 4, 0, D:\DMIS\HMH\SMIS\Customer_ENTRYDATE.rpt:Dates must be between year 1 and year 9999.
3/3/2011, 12:56:37 PM, 4, 0, D:\DMIS\HMH\SMIS\Customer_ENTRYDATE.rpt:A number, currency amount, boolean, date, time, date-time, or string is expected here.
3/3/2011, 12:56:37 PM, 4, 0, D:\DMIS\HMH\SMIS\Customer_ENTRYDATE.rpt:A number, currency amount, boolean, date, time, date-time, or string is expected here.
3/3/2011, 1:01:39 PM, 4, 0, D:\DMIS\HMH\SMIS\Customer_ENTRYDATE.rpt:This date time literal was not understood.
3/3/2011, 1:01:39 PM, 4, 0, D:\DMIS\HMH\SMIS\Customer_ENTRYDATE.rpt:This date time literal was not understood.
3/3/2011, 1:02:21 PM, 4, 0, D:\DMIS\HMH\SMIS\Customer_ENTRYDATE.rpt:A date is required here.
3/3/2011, 1:02:21 PM, 4, 0, D:\DMIS\HMH\SMIS\Customer_ENTRYDATE.rpt:A date is required here.
3/3/2011, 1:02:40 PM, 4, 0, D:\DMIS\HMH\SMIS\Customer_ENTRYDATE.rpt:This date time literal was not understood.
3/3/2011, 1:02:40 PM, 4, 0, D:\DMIS\HMH\SMIS\Customer_ENTRYDATE.rpt:This date time literal was not understood.
3/3/2011, 1:02:56 PM, 4, 0, D:\DMIS\HMH\SMIS\Customer_ENTRYDATE.rpt:A date is required here.
3/3/2011, 1:02:56 PM, 4, 0, D:\DMIS\HMH\SMIS\Customer_ENTRYDATE.rpt:A date is required here.
03/09/11, 11:26:28, 4, 0, D:\DMIS\HMH\AMIS\FinancialStatement\FinancialStatements\BalanceSheet.rpt:The summary / running total field could not be created.
03/09/11, 11:28:32, 4, 0, D:\DMIS\HMH\AMIS\FinancialStatement\FinancialStatements\BalanceSheet.rpt:The summary / running total field could not be created.
03/11/11, 11:49:01, 4, 0, :Dos error.
03/11/11, 11:49:02, 4, 0, :Dos error.
03/11/11, 11:50:00, 4, 0, :Dos error.
03/11/11, 11:50:00, 4, 0, :Dos error.
03/22/11, 09:26:25, 4, 0, :File not found.
03/22/11, 09:26:25, 4, 0, :File not found.
4/13/2011, 9:36:26 AM, 4, 0, :Dos error.
4/13/2011, 9:36:26 AM, 4, 0, :Dos error.
4/13/2011, 9:36:40 AM, 4, 0, :Dos error.
4/13/2011, 9:36:40 AM, 4, 0, :Dos error.
4/13/2011, 9:39:12 AM, 4, 0, :Dos error.
4/18/2011, 8:34:50 PM, 4, 0, \\Dgidmissvr\DMIS 2.0\REPORTS\AMIS\FinancialStatement\FinancialStatements\BalanceSheet.rpt:The summary / running total field could not be created.
