Line 7: Property Icon in frmAMISDATAAssets could not be set.
Line 33: Cannot load control cmd1.
Line 152: Property MouseIcon in cmdExit could not be set.
Line 152: Property Picture in cmdExit could not be set.
Line 174: Property MouseIcon in cmdPrint could not be set.
Line 174: Property Picture in cmdPrint could not be set.
Line 196: Property MouseIcon in cmdDelete could not be set.
Line 196: Property Picture in cmdDelete could not be set.
Line 218: Property MouseIcon in cmdEdit could not be set.
Line 218: Property Picture in cmdEdit could not be set.
Line 240: Property MouseIcon in cmdAdd could not be set.
Line 240: Property Picture in cmdAdd could not be set.
Line 262: Property MouseIcon in cmdFind could not be set.
Line 262: Property Picture in cmdFind could not be set.
Line 284: Property MouseIcon in cmdNext could not be set.
Line 284: Property Picture in cmdNext could not be set.
Line 306: Property MouseIcon in cmdPrevious could not be set.
Line 306: Property Picture in cmdPrevious could not be set.
Line 1038: Property MouseIcon in cmdCancel could not be set.
Line 1038: Property Picture in cmdCancel could not be set.
Line 1060: Property MouseIcon in cmdSave could not be set.
Line 1060: Property Picture in cmdSave could not be set.
