Line 6: Property Icon in frmAMISFinancialStatements could not be set.
Line 118: Property MouseIcon in labOwnersEquity could not be set.
Line 141: Property MouseIcon in labCashFlow could not be set.
Line 164: Property MouseIcon in labIncomeStatementByProductCumulative could not be set.
Line 187: Property MouseIcon in labIncomeStatementByProductCurrent could not be set.
Line 210: Property MouseIcon in labScheduleOAdministrativeExpensesCumulative could not be set.
Line 234: Property MouseIcon in labScheduleOfAdminAndSellingExpensesCurrent could not be set.
Line 257: Property MouseIcon in labScheduleOfAdminAndSellingExpensesCumulative could not be set.
Line 280: Property Picture in Image22 could not be set.
Line 280: Property MouseIcon in Image22 could not be set.
Line 289: Property Picture in Image21 could not be set.
Line 289: Property MouseIcon in Image21 could not be set.
Line 298: Property Picture in Image20 could not be set.
Line 298: Property MouseIcon in Image20 could not be set.
Line 307: Property Picture in Image19 could not be set.
Line 307: Property MouseIcon in Image19 could not be set.
Line 316: Property Picture in Image18 could not be set.
Line 316: Property MouseIcon in Image18 could not be set.
Line 325: Property Picture in Image17 could not be set.
Line 325: Property MouseIcon in Image17 could not be set.
Line 334: Property MouseIcon in labIncomeStatements could not be set.
Line 357: Property MouseIcon in labBalanceSheets could not be set.
Line 380: Property Picture in Image16 could not be set.
Line 380: Property MouseIcon in Image16 could not be set.
Line 390: Property Picture in Image15 could not be set.
Line 390: Property MouseIcon in Image15 could not be set.
Line 400: Property Picture in Image13 could not be set.
Line 400: Property MouseIcon in Image13 could not be set.
Line 410: Property Picture in Image12 could not be set.
Line 410: Property MouseIcon in Image12 could not be set.
Line 420: Property Picture in Image11 could not be set.
Line 420: Property MouseIcon in Image11 could not be set.
Line 430: Property Picture in Image10 could not be set.
Line 430: Property MouseIcon in Image10 could not be set.
Line 440: Property Picture in Image9 could not be set.
Line 440: Property MouseIcon in Image9 could not be set.
Line 450: Property Picture in Image8 could not be set.
Line 450: Property MouseIcon in Image8 could not be set.
Line 460: Property Picture in Image7 could not be set.
Line 460: Property MouseIcon in Image7 could not be set.
Line 470: Property Picture in Image6 could not be set.
Line 470: Property MouseIcon in Image6 could not be set.
Line 480: Property Picture in Image5 could not be set.
Line 480: Property MouseIcon in Image5 could not be set.
Line 490: Property Picture in Image3 could not be set.
Line 490: Property MouseIcon in Image3 could not be set.
Line 500: Property Picture in Image1 could not be set.
Line 500: Property MouseIcon in Image1 could not be set.
Line 510: Property MouseIcon in labScheduleOfAccounts could not be set.
Line 533: Property MouseIcon in labScheduleOfSellingExpensesServiceSection could not be set.
Line 556: Property MouseIcon in labScheduleOfSellingExpensesPartsSection could not be set.
Line 579: Property MouseIcon in labScheduleOfSellingExpensesSalesSection could not be set.
Line 602: Property MouseIcon in labScheduleOfSellingExpenseCumulative could not be set.
Line 625: Property MouseIcon in labIncomeStatementServiceCumulative could not be set.
Line 648: Property MouseIcon in labIncomeStatementPartsCumulative could not be set.
Line 671: Property MouseIcon in labIncomeStatementVehiclesCumulative could not be set.
Line 694: Property Picture in Image4 could not be set.
Line 694: Property MouseIcon in Image4 could not be set.
Line 704: Property Picture in Image14 could not be set.
Line 704: Property MouseIcon in Image14 could not be set.
Line 714: Property MouseIcon in labScheduleOfSellingExpenseCurrent could not be set.
Line 737: Property Picture in Image24 could not be set.
Line 737: Property MouseIcon in Image24 could not be set.
Line 748: Property Picture in Image23 could not be set.
Line 748: Property MouseIcon in Image23 could not be set.
Line 758: Property Picture in Image2 could not be set.
Line 758: Property MouseIcon in Image2 could not be set.
