Line 680: Property MouseIcon in cmdTables_TermsOfPayment could not be set.
Line 680: Property Picture in cmdTables_TermsOfPayment could not be set.
Line 704: Property MouseIcon in cmdTables_InvoiceTypes could not be set.
Line 704: Property Picture in cmdTables_InvoiceTypes could not be set.
Line 728: Property MouseIcon in cmdTable_ATCCode could not be set.
Line 728: Property Picture in cmdTable_ATCCode could not be set.
Line 752: Property MouseIcon in cmdJournal_CashDisburshment could not be set.
Line 752: Property Picture in cmdJournal_CashDisburshment could not be set.
Line 776: Property MouseIcon in cmdLedger_VendorSubisdy could not be set.
Line 776: Property Picture in cmdLedger_VendorSubisdy could not be set.
Line 800: Property MouseIcon in cmdLedger_Customer could not be set.
Line 800: Property Picture in cmdLedger_Customer could not be set.
Line 824: Property MouseIcon in cmdLedger_Account could not be set.
Line 824: Property Picture in cmdLedger_Account could not be set.
Line 848: Property MouseIcon in cmdJournal_CRJ could not be set.
Line 848: Property Picture in cmdJournal_CRJ could not be set.
Line 872: Property MouseIcon in cmdJournal_General could not be set.
Line 872: Property Picture in cmdJournal_General could not be set.
Line 896: Property MouseIcon in cmdJournal_Sales could not be set.
Line 896: Property Picture in cmdJournal_Sales could not be set.
Line 920: Property MouseIcon in cmdJournal_AP could not be set.
Line 920: Property Picture in cmdJournal_AP could not be set.
Line 944: Cannot load control TabControl4.
Line 1027: Property MouseIcon in cmdInvoiceCM could not be set.
Line 1027: Property Picture in cmdInvoiceCM could not be set.
Line 1063: Property MouseIcon in cmdVehicleSales could not be set.
Line 1063: Property Picture in cmdVehicleSales could not be set.
Line 1096: Property MouseIcon in cmdAdjustment_Proposed could not be set.
Line 1096: Property Picture in cmdAdjustment_Proposed could not be set.
Line 1120: Property MouseIcon in cmdAdjustment_Client could not be set.
Line 1120: Property Picture in cmdAdjustment_Client could not be set.
Line 1144: Property MouseIcon in cmdCustomerDebitMemo could not be set.
Line 1144: Property Picture in cmdCustomerDebitMemo could not be set.
Line 1168: Property MouseIcon in cmdAdjustment_ClosingEntries could not be set.
Line 1168: Property Picture in cmdAdjustment_ClosingEntries could not be set.
Line 1192: Property MouseIcon in cmdVendorDebitMemo could not be set.
Line 1192: Property Picture in cmdVendorDebitMemo could not be set.
Line 1216: Property MouseIcon in cmdCustomerCreditMemo could not be set.
Line 1216: Property Picture in cmdCustomerCreditMemo could not be set.
Line 1240: Property MouseIcon in cmdVendorCreditMemo could not be set.
Line 1240: Property Picture in cmdVendorCreditMemo could not be set.
Line 1264: Property MouseIcon in cmdOpeningBalance_Vendor could not be set.
Line 1264: Property Picture in cmdOpeningBalance_Vendor could not be set.
Line 1288: Property MouseIcon in cmdOpeningBalance_Customer could not be set.
Line 1288: Property Picture in cmdOpeningBalance_Customer could not be set.
Line 1312: Property MouseIcon in cmdOpeningBalance_Accounts could not be set.
Line 1312: Property Picture in cmdOpeningBalance_Accounts could not be set.
Line 1336: Property MouseIcon in cmdOpeningReport could not be set.
Line 1336: Property Picture in cmdOpeningReport could not be set.
Line 1360: Property MouseIcon in Command3 could not be set.
Line 1360: Property Picture in Command3 could not be set.
Line 1384: Property MouseIcon in cmdAccount_ChartOfAccounts could not be set.
Line 1384: Property Picture in cmdAccount_ChartOfAccounts could not be set.
Line 1407: Property MouseIcon in cmdAccount_AccountTypes could not be set.
Line 1407: Property Picture in cmdAccount_AccountTypes could not be set.
Line 1430: Property MouseIcon in cmdAccount_AccountClassification could not be set.
Line 1430: Property Picture in cmdAccount_AccountClassification could not be set.
Line 1453: Property MouseIcon in cmdAccount_AccountSubTotals could not be set.
Line 1453: Property Picture in cmdAccount_AccountSubTotals could not be set.
Line 1476: Property MouseIcon in cmdAccount_ExtendedClassification could not be set.
Line 1476: Property Picture in cmdAccount_ExtendedClassification could not be set.
Line 1499: Property MouseIcon in cmdAccount_DeaprtmentCodes could not be set.
Line 1499: Property Picture in cmdAccount_DeaprtmentCodes could not be set.
Line 1522: Property MouseIcon in cmdAccount_AccountEntriesTemplate could not be set.
Line 1522: Property Picture in cmdAccount_AccountEntriesTemplate could not be set.
Line 1958: Cannot load control TabControl2.
Line 1994: Property Picture in cmdWTExpanded could not be set.
Line 2016: Property MouseIcon in cmdScheduleOfAdjustments could not be set.
Line 2016: Property Picture in cmdScheduleOfAdjustments could not be set.
Line 2051: Property MouseIcon in cmdWitholdingTax could not be set.
Line 2051: Property Picture in cmdWitholdingTax could not be set.
Line 2065: Property MouseIcon in cmdFinancialStatements could not be set.
Line 2065: Property Picture in cmdFinancialStatements could not be set.
Line 2079: Property MouseIcon in cmdWork_Sheet could not be set.
Line 2079: Property Picture in cmdWork_Sheet could not be set.
Line 2093: Property MouseIcon in cmdTrialBalance could not be set.
Line 2093: Property Picture in cmdTrialBalance could not be set.
Line 2127: Cannot load control TabControl3.
Line 2203: Property MouseIcon in cmdInvoiceRegister could not be set.
Line 2203: Property Picture in cmdInvoiceRegister could not be set.
Line 2217: Property Picture in cmdSalesAnalysis could not be set.
Line 2230: Property Picture in cmdCollectionForecast could not be set.
Line 2243: Property Picture in cmdBillingDueReport could not be set.
Line 2255: Property MouseIcon in cmdGJLedgerCodeRunningBalance could not be set.
Line 2255: Property Picture in cmdGJLedgerCodeRunningBalance could not be set.
Line 2269: Property MouseIcon in cmdJournalVoucherSummary could not be set.
Line 2269: Property Picture in cmdJournalVoucherSummary could not be set.
Line 2283: Property MouseIcon in cmdCashReceiptsJournal could not be set.
Line 2283: Property Picture in cmdCashReceiptsJournal could not be set.
Line 2297: Property MouseIcon in cmdLedgerCodeRunningBalance_CR could not be set.
Line 2297: Property Picture in cmdLedgerCodeRunningBalance_CR could not be set.
Line 2311: Property MouseIcon in cmdOR_Register could not be set.
Line 2311: Property Picture in cmdOR_Register could not be set.
Line 2325: Property MouseIcon in cmdUnused_OR could not be set.
Line 2325: Property Picture in cmdUnused_OR could not be set.
Line 2339: Property MouseIcon in cmdUnusedInvoices could not be set.
Line 2339: Property Picture in cmdUnusedInvoices could not be set.
Line 2353: Property MouseIcon in cmdSalesbyInvoiceType could not be set.
Line 2353: Property Picture in cmdSalesbyInvoiceType could not be set.
Line 2367: Property MouseIcon in cmdSalesJournal could not be set.
Line 2367: Property Picture in cmdSalesJournal could not be set.
Line 2381: Property MouseIcon in cmdAccountDetailbyCustomer could not be set.
Line 2381: Property Picture in cmdAccountDetailbyCustomer could not be set.
Line 2395: Property MouseIcon in cmdLedgerCodeRunningBalance_LCRB could not be set.
Line 2395: Property Picture in cmdLedgerCodeRunningBalance_LCRB could not be set.
Line 2409: Property MouseIcon in cmdScheduleOfAccountsReceivable could not be set.
Line 2409: Property Picture in cmdScheduleOfAccountsReceivable could not be set.
Line 2423: Property MouseIcon in cmdCashDisbursementJournal could not be set.
Line 2423: Property Picture in cmdCashDisbursementJournal could not be set.
Line 2437: Property MouseIcon in cmdLedgerCodeRunningBalance_CD could not be set.
Line 2437: Property Picture in cmdLedgerCodeRunningBalance_CD could not be set.
Line 2451: Property MouseIcon in cmdCheckRegister could not be set.
Line 2451: Property Picture in cmdCheckRegister could not be set.
Line 2465: Property Picture in cmdReceivingReportRegister could not be set.
Line 2477: Property Picture in cmdAccountsPayableJournal could not be set.
Line 2489: Property Picture in cmdLedgerCodeRunningBalance_AP could not be set.
Line 2501: Property Picture in cmdAccountsPayableAgingReport could not be set.
Line 2513: Property Picture in cmdAccountDetailbySupplier could not be set.
