11/20/08, 13:39:35, 4, 0, D:\dmis_UP\HGC\REPORTS\AMIS\DueReports\APDueReport.Rpt:This field name is not known.
11/20/08, 13:39:35, 4, 0, D:\dmis_UP\HGC\REPORTS\AMIS\DueReports\APDueReport.Rpt:This field name is not known.
11/20/08, 13:39:39, 4, 0, D:\dmis_UP\HGC\REPORTS\AMIS\DueReports\APDueReport.Rpt:This field name is not known.
11/20/08, 13:39:39, 4, 0, D:\dmis_UP\HGC\REPORTS\AMIS\DueReports\APDueReport.Rpt:This field name is not known.
11/20/08, 13:39:44, 4, 0, D:\dmis_UP\HGC\REPORTS\AMIS\DueReports\APDueReport.Rpt:This field name is not known.
11/20/08, 13:39:44, 4, 0, D:\dmis_UP\HGC\REPORTS\AMIS\DueReports\APDueReport.Rpt:This field name is not known.
11/20/08, 13:40:29, 4, 0, D:\dmis_UP\HGC\REPORTS\AMIS\DueReports\APDueReport.Rpt:This field name is not known.
11/20/08, 13:40:29, 4, 0, D:\dmis_UP\HGC\REPORTS\AMIS\DueReports\APDueReport.Rpt:This field name is not known.
11/20/08, 13:40:32, 4, 0, D:\dmis_UP\HGC\REPORTS\AMIS\DueReports\APDueReport.Rpt:This field name is not known.
11/20/08, 13:40:32, 4, 0, D:\dmis_UP\HGC\REPORTS\AMIS\DueReports\APDueReport.Rpt:This field name is not known.
11/20/08, 13:45:48, 4, 0, D:\dmis_UP\HGC\REPORTS\AMIS\DueReports\APDueReportPeriod.Rpt:This field name is not known.
11/20/08, 13:46:24, 4, 0, D:\dmis_UP\HGC\REPORTS\AMIS\DueReports\APDueReportPeriod.Rpt:This field name is not known.
11/20/08, 13:47:17, 4, 0, D:\dmis_UP\HGC\REPORTS\AMIS\DueReports\APAgingReport.rpt:This field name is not known.
11/20/08, 13:47:17, 4, 0, D:\dmis_UP\HGC\REPORTS\AMIS\DueReports\APAgingReport.rpt:This field name is not known.
11/20/2008, 2:52:21 PM, 4, 0, D:\dmis_UP\HGC\REPORTS\AMIS\DueReports\ARAgingReport.Rpt:This field name is not known.
11/20/2008, 2:52:21 PM, 4, 0, D:\dmis_UP\HGC\REPORTS\AMIS\DueReports\ARAgingReport.Rpt:This field name is not known.
11/20/2008, 2:53:23 PM, 4, 0, \\server\DMIS\HGC\REPORTS\AMIS\DueReports\ARAgingReport.Rpt:This field name is not known.
11/20/2008, 2:53:23 PM, 4, 0, \\server\DMIS\HGC\REPORTS\AMIS\DueReports\ARAgingReport.Rpt:This field name is not known.
11/20/2008, 2:53:35 PM, 4, 0, \\server\DMIS\HGC\REPORTS\AMIS\DueReports\ARAgingReport.Rpt:This field name is not known.
11/20/2008, 2:53:35 PM, 4, 0, \\server\DMIS\HGC\REPORTS\AMIS\DueReports\ARAgingReport.Rpt:This field name is not known.
11/20/2008, 2:56:34 PM, 4, 0, \\server\DMIS\HGC\REPORTS\AMIS\DueReports\ARAgingReport.Rpt:This field name is not known.
11/20/2008, 2:56:34 PM, 4, 0, \\server\DMIS\HGC\REPORTS\AMIS\DueReports\ARAgingReport.Rpt:This field name is not known.
11/20/2008, 2:57:49 PM, 4, 0, \\server\DMIS\HGC\REPORTS\AMIS\DueReports\ARAgingReport.Rpt:This field name is not known.
11/20/2008, 2:57:49 PM, 4, 0, \\server\DMIS\HGC\REPORTS\AMIS\DueReports\ARAgingReport.Rpt:This field name is not known.
11/20/2008, 2:58:10 PM, 4, 0, \\server\DMIS\HGC\REPORTS\AMIS\DueReports\ARAgingReport.Rpt:This field name is not known.
11/20/2008, 2:58:10 PM, 4, 0, \\server\DMIS\HGC\REPORTS\AMIS\DueReports\ARAgingReport.Rpt:This field name is not known.
11/20/2008, 3:27:35 PM, 4, 0, \\server\DMIS\HGC\REPORTS\AMIS\DueReports\ARAgingReport.Rpt:This field name is not known.
11/20/2008, 3:27:35 PM, 4, 0, \\server\DMIS\HGC\REPORTS\AMIS\DueReports\ARAgingReport.Rpt:This field name is not known.
12/08/08, 12:07:59, 4, 0, :Dos error.
12/08/08, 12:07:59, 4, 0, :Dos error.
12/08/08, 12:09:23, 4, 0, \\server\DMIS\HAI\REPORTS\AMIS\DueReports\ARAgingReport.Rpt:Server has not yet been opened.
12/08/08, 12:10:05, 4, 0, \\server\DMIS\HAI\REPORTS\AMIS\DueReports\ARAgingReport.Rpt:Server has not yet been opened.
12/08/08, 12:11:35, 4, 0, \\server\DMIS\HAI\REPORTS\AMIS\DueReports\ARAgingReport.Rpt:Server has not yet been opened.
12/08/08, 12:11:36, 4, 0, \\server\DMIS\HAI\REPORTS\AMIS\DueReports\ARAgingReport.Rpt:Server has not yet been opened.
12/08/08, 12:15:47, 4, 0, \\server\DMIS\HAI\REPORTS\AMIS\DueReports\ARAgingReport.Rpt:Server has not yet been opened.
12/08/08, 13:29:24, 4, 0, \\server\DMIS\HAI\REPORTS\AMIS\DueReports\ARAgingReport.Rpt:Server has not yet been opened.
12/13/08, 10:59:37, 4, 0, \\server\DMIS\HAI\REPORTS\AMIS\DueReports\ARAgingReport.Rpt:Server has not yet been opened.
12/16/2008, 5:26:41 PM, 4, 0, \\server\DMIS\HAI\REPORTS\AMIS\DueReports\ARAgingReport.Rpt:The remaining text does not appear to be part of the formula.
12/16/2008, 5:26:41 PM, 4, 0, \\server\DMIS\HAI\REPORTS\AMIS\DueReports\ARAgingReport.Rpt:The remaining text does not appear to be part of the formula.
12/16/08, 18:11:12, 4, 0, \\Server\DMIS\HAI\REPORTS\AMIS\DueReports\ARAgingReport.Rpt:The remaining text does not appear to be part of the formula.
12/16/08, 18:11:12, 4, 0, \\Server\DMIS\HAI\REPORTS\AMIS\DueReports\ARAgingReport.Rpt:The remaining text does not appear to be part of the formula.
12/22/08, 17:20:22, 4, 0, \\SERVER\DMIS\HGC\REPORTS\AMIS\DueReports\ARAgingReport.Rpt:This field name is not known.
12/22/08, 17:20:22, 4, 0, \\SERVER\DMIS\HGC\REPORTS\AMIS\DueReports\ARAgingReport.Rpt:There is an error in this formula.  Please edit it for more details.
12/22/08, 17:20:22, 4, 0, \\SERVER\DMIS\HGC\REPORTS\AMIS\DueReports\ARAgingReport.Rpt:This field name is not known.
12/22/08, 19:35:23, 4, 0, \\SERVER\DMIS\HGC\REPORTS\AMIS\DueReports\ARAgingReport.Rpt:A date-time is required here.
12/22/08, 19:35:23, 4, 0, \\SERVER\DMIS\HGC\REPORTS\AMIS\DueReports\ARAgingReport.Rpt:A date-time is required here.
01/08/09, 13:44:12, 4, 0, \\server\DMIS\HGC\REPORTS\AMIS\DueReports\ARAGINGREPORT.Rpt:This field name is not known.
01/08/09, 13:44:12, 4, 0, \\server\DMIS\HGC\REPORTS\AMIS\DueReports\ARAGINGREPORT.Rpt:This field name is not known.
01/09/09, 09:53:06, 4, 0, \\server\DMIS\HGC\REPORTS\AMIS\DueReports\ARAGINGREPORT.Rpt:Server has not yet been opened.
01/22/09, 14:36:38, 4, 0, \\Server\DMIS\HMH\REPORTS\AMIS\DueReports\ARAGINGREPORT.Rpt:Error detected by database DLL.
1/22/2009, 5:20:11 PM, 4, 0, :Invalid directory.
1/22/2009, 5:20:11 PM, 4, 0, :Invalid directory.
01/23/09, 16:48:34, 4, 0, :Dos error.
01/23/09, 16:48:34, 4, 0, :Dos error.
01/23/09, 17:00:47, 4, 0, :Dos error.
01/23/09, 17:00:47, 4, 0, :Dos error.
01/23/09, 17:02:08, 4, 0, :Dos error.
01/27/09, 17:44:58, 4, 0, :Invalid directory.
01/27/09, 17:44:58, 4, 0, :Invalid directory.
01/27/09, 17:45:14, 4, 0, :Invalid directory.
01/27/09, 17:47:26, 4, 0, :Invalid directory.
01/27/09, 17:47:26, 4, 0, :Invalid directory.
01/27/09, 17:47:41, 4, 0, :Invalid directory.
01/27/09, 17:47:41, 4, 0, :Invalid directory.
01/27/09, 17:48:11, 4, 0, :Invalid directory.
01/27/09, 17:48:11, 4, 0, :Invalid directory.
01/27/09, 17:48:42, 4, 0, :Invalid directory.
01/27/09, 17:48:42, 4, 0, :Invalid directory.
01/27/09, 17:48:52, 4, 0, :Invalid directory.
01/28/09, 11:41:24, 4, 0, :Dos error.
03/02/09, 09:33:19, 4, 0, :Invalid directory.
03/02/09, 09:33:19, 4, 0, :Invalid directory.
03/04/09, 10:33:46, 4, 0, \\server\DMIS\HGC\REPORTS\AMIS\Ledgers\CustomersSubsidiaryLedger.rpt:The remaining text does not appear to be part of the formula.
03/04/09, 10:33:46, 4, 0, \\server\DMIS\HGC\REPORTS\AMIS\Ledgers\CustomersSubsidiaryLedger.rpt:The remaining text does not appear to be part of the formula.
03/04/09, 10:33:51, 4, 0, \\server\DMIS\HGC\REPORTS\AMIS\Ledgers\CustomersSubsidiaryLedger.rpt:The remaining text does not appear to be part of the formula.
03/04/09, 10:33:51, 4, 0, \\server\DMIS\HGC\REPORTS\AMIS\Ledgers\CustomersSubsidiaryLedger.rpt:The remaining text does not appear to be part of the formula.
03/04/09, 10:41:22, 4, 0, \\server\DMIS\HGC\REPORTS\AMIS\Ledgers\CustomersSubsidiaryLedger.rpt:The matching " for this string is missing.
03/04/09, 10:41:22, 4, 0, \\server\DMIS\HGC\REPORTS\AMIS\Ledgers\CustomersSubsidiaryLedger.rpt:The matching " for this string is missing.
03/04/09, 10:41:25, 4, 0, \\server\DMIS\HGC\REPORTS\AMIS\Ledgers\CustomersSubsidiaryLedger.rpt:The matching " for this string is missing.
03/04/09, 10:41:25, 4, 0, \\server\DMIS\HGC\REPORTS\AMIS\Ledgers\CustomersSubsidiaryLedger.rpt:The matching " for this string is missing.
03/04/09, 10:42:38, 4, 0, \\server\DMIS\HGC\REPORTS\AMIS\Ledgers\CustomersSubsidiaryLedger.rpt:The matching " for this string is missing.
03/04/09, 10:42:38, 4, 0, \\server\DMIS\HGC\REPORTS\AMIS\Ledgers\CustomersSubsidiaryLedger.rpt:The matching " for this string is missing.
03/04/09, 10:42:44, 4, 0, \\server\DMIS\HGC\REPORTS\AMIS\Ledgers\CustomersSubsidiaryLedger.rpt:The matching " for this string is missing.
03/04/09, 10:42:44, 4, 0, \\server\DMIS\HGC\REPORTS\AMIS\Ledgers\CustomersSubsidiaryLedger.rpt:The matching " for this string is missing.
03/04/09, 10:43:31, 4, 0, \\server\DMIS\HGC\REPORTS\AMIS\Ledgers\CustomersSubsidiaryLedger.rpt:The matching " for this string is missing.
03/04/09, 10:43:31, 4, 0, \\server\DMIS\HGC\REPORTS\AMIS\Ledgers\CustomersSubsidiaryLedger.rpt:The matching " for this string is missing.
03/04/09, 10:43:52, 4, 0, \\server\DMIS\HGC\REPORTS\AMIS\Ledgers\CustomersSubsidiaryLedger.rpt:The matching " for this string is missing.
03/04/09, 10:43:52, 4, 0, \\server\DMIS\HGC\REPORTS\AMIS\Ledgers\CustomersSubsidiaryLedger.rpt:The matching " for this string is missing.
03/04/09, 10:54:59, 4, 0, \\server\DMIS\HGC\REPORTS\AMIS\Ledgers\CustomersSubsidiaryLedger.rpt:The matching " for this string is missing.
03/04/09, 10:54:59, 4, 0, \\server\DMIS\HGC\REPORTS\AMIS\Ledgers\CustomersSubsidiaryLedger.rpt:The matching " for this string is missing.
03/04/09, 10:58:02, 4, 0, \\server\DMIS\HGC\REPORTS\AMIS\Ledgers\CustomersSubsidiaryLedger.rpt:The matching " for this string is missing.
03/04/09, 10:58:02, 4, 0, \\server\DMIS\HGC\REPORTS\AMIS\Ledgers\CustomersSubsidiaryLedger.rpt:The matching " for this string is missing.
03/11/09, 16:32:36, 4, 0, :Invalid directory.
03/11/09, 16:32:36, 4, 0, :Invalid directory.
03/11/09, 16:32:39, 4, 0, :Invalid directory.
03/11/09, 16:32:39, 4, 0, :Invalid directory.
03/12/09, 10:15:12, 4, 0, :Invalid directory.
03/12/09, 10:15:12, 4, 0, :Invalid directory.
03/16/09, 09:08:15, 4, 0, :Invalid directory.
03/16/09, 09:08:15, 4, 0, :Invalid directory.
03/20/09, 10:04:11, 4, 0, :File not found.
03/24/09, 11:51:27, 4, 0, \\server\DMIS\MANILA\HGC\REPORTS\AMIS\DueReports\ARAGINGREPORTGROUP.Rpt:Error detected by database DLL.
03/24/09, 11:51:37, 4, 0, \\server\DMIS\MANILA\HGC\REPORTS\AMIS\DueReports\ARAGINGREPORTGROUP.Rpt:Error detected by database DLL.
05/08/09, 11:03:46, 4, 0, \\server\DMIS\MANILA\HGC\REPORTS\AMIS\DueReports\AP_AgingReport.Rpt:Error detected by database DLL.
05/08/09, 11:09:09, 4, 0, :File not found.
05/08/09, 11:09:10, 4, 0, :File not found.
05/08/09, 11:11:48, 4, 0, \\server\DMIS\MANILA\HBK\REPORTS\AMIS\DueReports\APAgingReport.Rpt:Error detected by database DLL.
05/08/09, 11:14:28, 4, 0, \\server\DMIS\MANILA\HBK\REPORTS\AMIS\DueReports\APAgingReport.Rpt:Error detected by database DLL.
05/08/09, 11:37:43, 4, 0, \\server\DMIS\MANILA\HGC\REPORTS\AMIS\DueReports\APAgingReport.Rpt:Error detected by database DLL.
05/08/09, 11:45:20, 4, 0, \\server\DMIS\MANILA\HGC\REPORTS\AMIS\DueReports\APAgingReport.Rpt:Error detected by database DLL.
05/08/09, 11:50:30, 4, 0, \\server\DMIS\MANILA\HGC\REPORTS\AMIS\DueReports\APAgingReport.Rpt:Error detected by database DLL.
05/08/09, 13:11:47, 4, 0, \\server\DMIS\MANILA\HGC\REPORTS\AMIS\DueReports\AP_AgingReport.Rpt:Error detected by database DLL.
05/08/09, 13:21:41, 4, 0, \\server\DMIS\MANILA\HBK\REPORTS\AMIS\DueReports\AP_AgingReport.Rpt:Error detected by database DLL.
05/08/09, 13:57:43, 4, 0, \\server\DMIS\MANILA\HGC\REPORTS\AMIS\DueReports\AP_AgingReport.Rpt:Error detected by database DLL.
5/11/2009, 5:09:11 PM, 4, 0, \\server\DMIS\MANILA\HGC\REPORTS\AMIS\FinancialStatement\FinancialStatements\BalanceSheet.rpt:The summary / running total field could not be created.
05/12/09, 11:51:43, 4, 0, :File not found.
05/12/09, 11:51:43, 4, 0, :File not found.
05/12/09, 11:51:46, 4, 0, :File not found.
05/12/09, 11:51:48, 4, 0, \\server\DMIS\MANILA\Hbk\REPORTS\AMIS\DueReports\ARAGINGREPORT.Rpt:A number is required here.
05/12/09, 11:51:48, 4, 0, \\server\DMIS\MANILA\Hbk\REPORTS\AMIS\DueReports\ARAGINGREPORT.Rpt:A number is required here.
5/12/2009, 11:59:32 AM, 4, 0, :File not found.
5/12/2009, 11:59:32 AM, 4, 0, :File not found.
5/12/2009, 11:59:35 AM, 4, 0, \\server\DMIS\MANILA\HBK\REPORTS\AMIS\DueReports\ARAGINGREPORT.Rpt:A number is required here.
5/12/2009, 11:59:35 AM, 4, 0, \\server\DMIS\MANILA\HBK\REPORTS\AMIS\DueReports\ARAGINGREPORT.Rpt:A number is required here.
5/12/2009, 11:59:46 AM, 4, 0, :File not found.
5/12/2009, 11:59:46 AM, 4, 0, :File not found.
5/12/2009, 11:59:49 AM, 4, 0, \\server\DMIS\MANILA\HBK\REPORTS\AMIS\DueReports\ARAGINGREPORT.Rpt:A number is required here.
5/12/2009, 11:59:49 AM, 4, 0, \\server\DMIS\MANILA\HBK\REPORTS\AMIS\DueReports\ARAGINGREPORT.Rpt:A number is required here.
5/12/2009, 12:00:17 PM, 4, 0, \\server\DMIS\MANILA\HBK\REPORTS\AMIS\DueReports\ARAGINGREPORT.Rpt:A number is required here.
5/12/2009, 12:00:17 PM, 4, 0, \\server\DMIS\MANILA\HBK\REPORTS\AMIS\DueReports\ARAGINGREPORT.Rpt:A number is required here.
5/12/2009, 12:00:24 PM, 4, 0, \\server\DMIS\MANILA\HBK\REPORTS\AMIS\DueReports\ARAGINGREPORT.Rpt:A number is required here.
5/12/2009, 12:00:24 PM, 4, 0, \\server\DMIS\MANILA\HBK\REPORTS\AMIS\DueReports\ARAGINGREPORT.Rpt:A number is required here.
5/12/2009, 12:02:01 PM, 4, 0, \\server\DMIS\MANILA\HBK\REPORTS\AMIS\DueReports\ARAGINGREPORT.Rpt:A number is required here.
5/12/2009, 12:02:01 PM, 4, 0, \\server\DMIS\MANILA\HBK\REPORTS\AMIS\DueReports\ARAGINGREPORT.Rpt:A number is required here.
5/12/2009, 12:08:50 PM, 4, 0, \\server\DMIS\MANILA\HBK\REPORTS\AMIS\DueReports\ARAGINGREPORT.Rpt:A number is required here.
5/12/2009, 12:08:50 PM, 4, 0, \\server\DMIS\MANILA\HBK\REPORTS\AMIS\DueReports\ARAGINGREPORT.Rpt:A number is required here.
6/30/2008, 1:27:49 PM, 4, 0, :Dos error.
05/21/09, 15:37:11, 4, 0, \\Server\DMIS\MANILA\HGC\REPORTS\AMIS\DueReports\ARAGINGREPORT.Rpt:Error detected by database DLL.
05/21/09, 17:39:31, 4, 0, :File not found.
05/21/09, 17:39:31, 4, 0, :File not found.
6/11/2009, 9:57:14 AM, 4, 0, D:\DMIS\DMIS ALL\HGC\REPORTS\AMIS\Ledgers\CustomersSubsidiaryLedger.rpt:The remaining text does not appear to be part of the formula.
6/11/2009, 9:57:14 AM, 4, 0, D:\DMIS\DMIS ALL\HGC\REPORTS\AMIS\Ledgers\CustomersSubsidiaryLedger.rpt:The remaining text does not appear to be part of the formula.
6/11/2009, 9:57:53 AM, 4, 0, D:\DMIS\DMIS ALL\HGC\REPORTS\AMIS\Ledgers\CustomersSubsidiaryLedger.rpt:The remaining text does not appear to be part of the formula.
6/11/2009, 9:57:53 AM, 4, 0, D:\DMIS\DMIS ALL\HGC\REPORTS\AMIS\Ledgers\CustomersSubsidiaryLedger.rpt:The remaining text does not appear to be part of the formula.
6/11/2009, 9:59:05 AM, 4, 0, D:\DMIS\DMIS ALL\HGC\REPORTS\AMIS\Ledgers\CustomersSubsidiaryLedger.rpt:The remaining text does not appear to be part of the formula.
6/11/2009, 9:59:05 AM, 4, 0, D:\DMIS\DMIS ALL\HGC\REPORTS\AMIS\Ledgers\CustomersSubsidiaryLedger.rpt:The remaining text does not appear to be part of the formula.
6/11/2009, 10:17:07 AM, 4, 0, D:\DMIS\DMIS ALL\HGC\REPORTS\AMIS\Ledgers\CustomersSubsidiaryLedger.rpt:The remaining text does not appear to be part of the formula.
6/11/2009, 10:17:07 AM, 4, 0, D:\DMIS\DMIS ALL\HGC\REPORTS\AMIS\Ledgers\CustomersSubsidiaryLedger.rpt:The remaining text does not appear to be part of the formula.
6/11/2009, 10:31:13 AM, 4, 0, D:\DMIS\DMIS ALL\HGC\REPORTS\AMIS\Ledgers\CustomersSubsidiaryLedger.rpt:A string is required here.
07/09/09, 15:12:51, 4, 0, :Dos error.
07/09/09, 15:12:51, 4, 0, :Dos error.
07/21/09, 13:09:09, 4, 0, :Dos error.
07/21/09, 13:09:09, 4, 0, :Dos error.
07/21/09, 13:09:53, 4, 0, :Dos error.
07/21/09, 13:09:53, 4, 0, :Dos error.
09/25/09, 16:10:05, 4, 0, :Dos error.
09/25/09, 16:10:05, 4, 0, :Dos error.
09/25/09, 16:10:27, 4, 0, :Dos error.
09/25/09, 16:10:27, 4, 0, :Dos error.
09/25/09, 16:43:07, 4, 0, :Dos error.
09/25/09, 16:43:07, 4, 0, :Dos error.
09/29/09, 14:09:12, 4, 0, :Dos error.
09/29/09, 14:09:13, 4, 0, :Dos error.
09/29/09, 14:09:54, 4, 0, :Dos error.
09/29/09, 14:09:54, 4, 0, :Dos error.
10/08/09, 16:08:55, 4, 0, D:\DMIS\DMIS ALL\HGC\REPORTS\AMIS\Summary\GJSummary.rpt:SQL server error.
10/08/09, 16:11:26, 4, 0, D:\DMIS\DMIS ALL\HGC\REPORTS\AMIS\Summary\GJSummary.rpt:SQL server error.
10/08/09, 16:19:25, 4, 0, D:\DMIS\DMIS ALL\HGC\REPORTS\AMIS\Summary\GJSummary.rpt:SQL server error.
10/08/09, 16:37:56, 4, 0, D:\DMIS\DMIS ALL\HGC\REPORTS\AMIS\Summary\GJSummary.rpt:SQL server error.
10/08/09, 17:09:49, 4, 0, D:\DMIS\DMIS ALL\HGC\REPORTS\AMIS\Summary\GJSummary.rpt:SQL server error.
10/09/09, 11:12:02, 4, 0, :Invalid directory.
10/09/09, 11:12:02, 4, 0, :Invalid directory.
10/9/2009, 4:04:54 PM, 4, 0, D:\DMIS\DMIS ALL\HGC\REPORTS\AMIS\Summary\GJSummary.rpt:SQL server error.
10/23/09, 16:16:43, 4, 0, :Dos error.
10/23/09, 16:17:02, 4, 0, :Dos error.
11/17/09, 11:27:30, 4, 0, :Invalid directory.
11/17/09, 11:27:30, 4, 0, :Invalid directory.
11/17/09, 11:27:33, 4, 0, :Invalid directory.
11/17/09, 11:27:33, 4, 0, :Invalid directory.
12/11/09, 15:49:00, 4, 0, :File not found.
12/11/09, 15:51:03, 4, 0, :File not found.
12/11/09, 15:53:56, 4, 0, :File not found.
12/16/09, 14:22:29, 4, 0, :Dos error.
12/16/09, 14:22:29, 4, 0, :Dos error.
12/22/09, 11:14:21, 4, 0, \\misserver\DMIS 2.0\REPORTS\AMIS\FinancialStatement\FinancialStatements\BalanceSheet.rpt:The summary / running total field could not be created.
12/22/09, 11:20:17, 4, 0, \\misserver\DMIS 2.0\REPORTS\AMIS\FinancialStatement\FinancialStatements\BalanceSheet.rpt:The summary / running total field could not be created.
12/22/09, 11:27:05, 4, 0, \\misserver\DMIS 2.0\REPORTS\AMIS\FinancialStatement\FinancialStatements\BalanceSheet.rpt:The summary / running total field could not be created.
12/22/09, 11:34:55, 4, 0, \\misserver\DMIS 2.0\REPORTS\AMIS\FinancialStatement\FinancialStatements\BalanceSheet.rpt:The summary / running total field could not be created.
12/22/09, 13:40:46, 4, 0, \\misserver\DMIS 2.0\REPORTS\AMIS\FinancialStatement\FinancialStatements\BalanceSheet.rpt:The summary / running total field could not be created.
01/16/10, 10:43:37, 4, 0, :Dos error.
01/16/10, 10:44:43, 4, 0, :Dos error.
01/16/10, 10:45:47, 4, 0, :Dos error.
01/16/10, 10:45:49, 4, 0, :Dos error.
01/16/10, 10:45:49, 4, 0, :Dos error.
01/16/10, 10:46:31, 4, 0, :Dos error.
01/16/10, 10:46:31, 4, 0, :Dos error.
01/16/10, 10:46:33, 4, 0, :Dos error.
01/16/10, 10:46:33, 4, 0, :Dos error.
01/16/10, 10:50:30, 4, 0, :Dos error.
01/16/10, 10:51:06, 4, 0, :Dos error.
01/16/10, 11:04:42, 4, 0, :File not found.
01/16/10, 11:04:42, 4, 0, :File not found.
02/12/10, 09:54:55, 4, 0, :Invalid directory.
02/12/10, 09:54:55, 4, 0, :Invalid directory.
02/12/10, 09:54:59, 4, 0, :Invalid directory.
03/02/10, 11:45:48, 4, 0, D:\DMIS\HGC\AMIS\Vouchers\CashDisbursement.rpt:Server has not yet been opened.
03/02/10, 11:45:49, 4, 0, :File not found.
03/02/10, 11:45:49, 4, 0, :File not found.
03/02/10, 11:47:14, 4, 0, :File not found.
03/02/10, 11:47:14, 4, 0, :File not found.
03/02/10, 11:47:29, 4, 0, :File not found.
03/02/10, 11:47:29, 4, 0, :File not found.
03/02/10, 11:48:33, 4, 0, :File not found.
03/02/10, 11:48:33, 4, 0, :File not found.
03/02/10, 11:49:24, 4, 0, :File not found.
03/02/10, 11:49:24, 4, 0, :File not found.
3/15/2010, 6:50:33 PM, 4, 0, D:\DMIS\HMH\AMIS\Vouchers\AccountsPayable.rpt:Error detected by database DLL.
3/15/2010, 6:51:30 PM, 4, 0, D:\DMIS\HMH\AMIS\Vouchers\AccountsPayable.rpt:Error detected by database DLL.
03/17/10, 14:33:10, 4, 0, :File not found.
03/17/10, 14:33:10, 4, 0, :File not found.
03/18/10, 19:05:42, 4, 0, D:\DMIS\HAI\REPORTS\AMIS\Vouchers\GeneralJournal.rpt:There are too many characters in this string.
03/18/10, 19:06:36, 4, 0, D:\DMIS\HAI\REPORTS\AMIS\Vouchers\GeneralJournal.rpt:There are too many characters in this string.
03/18/10, 19:07:46, 4, 0, D:\DMIS\HAI\REPORTS\AMIS\Vouchers\GeneralJournal.rpt:There are too many characters in this string.
03/18/10, 19:11:24, 4, 0, D:\DMIS\HAI\REPORTS\AMIS\Vouchers\GeneralJournal.rpt:There are too many characters in this string.
03/18/10, 19:11:24, 4, 0, D:\DMIS\HAI\REPORTS\AMIS\Vouchers\GeneralJournal.rpt:There are too many characters in this string.
03/18/10, 19:12:36, 4, 0, D:\DMIS\HAI\REPORTS\AMIS\Vouchers\GeneralJournal.rpt:There are too many characters in this string.
03/18/10, 19:12:36, 4, 0, D:\DMIS\HAI\REPORTS\AMIS\Vouchers\GeneralJournal.rpt:There are too many characters in this string.
03/18/10, 19:14:58, 4, 0, D:\DMIS\HAI\REPORTS\AMIS\Vouchers\GeneralJournal.rpt:There are too many characters in this string.
03/18/10, 19:14:58, 4, 0, D:\DMIS\HAI\REPORTS\AMIS\Vouchers\GeneralJournal.rpt:There are too many characters in this string.
03/18/10, 19:15:36, 4, 0, D:\DMIS\HAI\REPORTS\AMIS\Vouchers\GeneralJournal.rpt:There are too many characters in this string.
03/18/10, 19:15:36, 4, 0, D:\DMIS\HAI\REPORTS\AMIS\Vouchers\GeneralJournal.rpt:There are too many characters in this string.
03/24/10, 13:00:40, 4, 0, D:\DMIS\HMH\AMIS\DueReports\ARScheduleReport.Rpt:This field name is not known.
03/24/10, 13:00:40, 4, 0, D:\DMIS\HMH\AMIS\DueReports\ARScheduleReport.Rpt:This field name is not known.
03/24/10, 13:13:33, 4, 0, D:\DMIS\HMH\AMIS\DueReports\ARScheduleReport.Rpt:This field name is not known.
03/24/10, 13:13:33, 4, 0, D:\DMIS\HMH\AMIS\DueReports\ARScheduleReport.Rpt:This field name is not known.
03/24/10, 13:15:34, 4, 0, D:\DMIS\HMH\AMIS\DueReports\ARScheduleReport.Rpt:This field name is not known.
03/24/10, 13:15:34, 4, 0, D:\DMIS\HMH\AMIS\DueReports\ARScheduleReport.Rpt:This field name is not known.
03/24/10, 13:16:11, 4, 0, D:\DMIS\HMH\AMIS\DueReports\ARScheduleReport.Rpt:This field name is not known.
03/24/10, 13:16:11, 4, 0, D:\DMIS\HMH\AMIS\DueReports\ARScheduleReport.Rpt:This field name is not known.
03/24/10, 13:18:44, 4, 0, D:\DMIS\HMH\AMIS\DueReports\ARScheduleReport.Rpt:This field name is not known.
03/24/10, 13:18:44, 4, 0, D:\DMIS\HMH\AMIS\DueReports\ARScheduleReport.Rpt:This field name is not known.
03/24/10, 13:19:56, 4, 0, D:\DMIS\HMH\AMIS\DueReports\ARScheduleReport.Rpt:This field name is not known.
03/24/10, 13:19:56, 4, 0, D:\DMIS\HMH\AMIS\DueReports\ARScheduleReport.Rpt:This field name is not known.
03/24/10, 13:20:19, 4, 0, D:\DMIS\HMH\AMIS\DueReports\ARScheduleReport.Rpt:This field name is not known.
03/24/10, 13:20:19, 4, 0, D:\DMIS\HMH\AMIS\DueReports\ARScheduleReport.Rpt:This field name is not known.
03/24/10, 13:21:06, 4, 0, D:\DMIS\HMH\AMIS\DueReports\ARScheduleReport.Rpt:This field name is not known.
03/24/10, 13:21:06, 4, 0, D:\DMIS\HMH\AMIS\DueReports\ARScheduleReport.Rpt:This field name is not known.
03/24/10, 13:22:05, 4, 0, D:\DMIS\HMH\AMIS\DueReports\ARScheduleReport.Rpt:This field name is not known.
03/24/10, 13:22:05, 4, 0, D:\DMIS\HMH\AMIS\DueReports\ARScheduleReport.Rpt:This field name is not known.
03/24/10, 13:22:46, 4, 0, D:\DMIS\HMH\AMIS\DueReports\ARScheduleReport.Rpt:This field name is not known.
03/24/10, 13:22:46, 4, 0, D:\DMIS\HMH\AMIS\DueReports\ARScheduleReport.Rpt:This field name is not known.
03/24/10, 13:23:08, 4, 0, D:\DMIS\HMH\AMIS\DueReports\ARScheduleReport.Rpt:This field name is not known.
03/24/10, 13:23:09, 4, 0, D:\DMIS\HMH\AMIS\DueReports\ARScheduleReport.Rpt:This field name is not known.
03/24/10, 13:23:16, 4, 0, D:\DMIS\HMH\AMIS\DueReports\ARScheduleReport.Rpt:This field name is not known.
03/24/10, 13:23:16, 4, 0, D:\DMIS\HMH\AMIS\DueReports\ARScheduleReport.Rpt:This field name is not known.
03/24/10, 13:26:56, 4, 0, D:\DMIS\HMH\AMIS\DueReports\GroupARScheduleReport.Rpt:This field name is not known.
03/24/10, 13:26:57, 4, 0, D:\DMIS\HMH\AMIS\DueReports\GroupARScheduleReport.Rpt:This field name is not known.
03/24/10, 13:27:30, 4, 0, D:\DMIS\HMH\AMIS\DueReports\GroupARScheduleReport.Rpt:This field name is not known.
03/24/10, 13:27:30, 4, 0, D:\DMIS\HMH\AMIS\DueReports\GroupARScheduleReport.Rpt:This field name is not known.
03/24/10, 13:27:36, 4, 0, D:\DMIS\HMH\AMIS\DueReports\ARScheduleReport.Rpt:This field name is not known.
03/24/10, 13:27:36, 4, 0, D:\DMIS\HMH\AMIS\DueReports\ARScheduleReport.Rpt:This field name is not known.
03/24/10, 13:27:41, 4, 0, D:\DMIS\HMH\AMIS\DueReports\GroupARScheduleReport.Rpt:This field name is not known.
03/24/10, 13:27:41, 4, 0, D:\DMIS\HMH\AMIS\DueReports\GroupARScheduleReport.Rpt:This field name is not known.
03/24/10, 13:27:51, 4, 0, D:\DMIS\HMH\AMIS\DueReports\GroupARScheduleReport.Rpt:This field name is not known.
03/24/10, 13:27:51, 4, 0, D:\DMIS\HMH\AMIS\DueReports\GroupARScheduleReport.Rpt:This field name is not known.
03/24/10, 13:27:54, 4, 0, D:\DMIS\HMH\AMIS\DueReports\ARScheduleReport.Rpt:This field name is not known.
03/24/10, 13:27:54, 4, 0, D:\DMIS\HMH\AMIS\DueReports\ARScheduleReport.Rpt:This field name is not known.
03/24/10, 13:28:02, 4, 0, D:\DMIS\HMH\AMIS\DueReports\GroupARScheduleReport.Rpt:This field name is not known.
03/24/10, 13:28:02, 4, 0, D:\DMIS\HMH\AMIS\DueReports\GroupARScheduleReport.Rpt:This field name is not known.
03/24/10, 13:28:06, 4, 0, D:\DMIS\HMH\AMIS\DueReports\ARScheduleReport.Rpt:This field name is not known.
03/24/10, 13:28:06, 4, 0, D:\DMIS\HMH\AMIS\DueReports\ARScheduleReport.Rpt:This field name is not known.
03/24/10, 13:28:54, 4, 0, D:\DMIS\HMH\AMIS\DueReports\ARScheduleReport.Rpt:This field name is not known.
03/24/10, 13:28:54, 4, 0, D:\DMIS\HMH\AMIS\DueReports\ARScheduleReport.Rpt:This field name is not known.
03/24/10, 13:29:05, 4, 0, D:\DMIS\HMH\AMIS\DueReports\GroupARScheduleReport.Rpt:This field name is not known.
03/24/10, 13:29:05, 4, 0, D:\DMIS\HMH\AMIS\DueReports\GroupARScheduleReport.Rpt:This field name is not known.
03/24/10, 13:29:27, 4, 0, D:\DMIS\HMH\AMIS\DueReports\ARScheduleReport.Rpt:This field name is not known.
03/24/10, 13:29:27, 4, 0, D:\DMIS\HMH\AMIS\DueReports\ARScheduleReport.Rpt:This field name is not known.
03/24/10, 13:29:45, 4, 0, D:\DMIS\HMH\AMIS\DueReports\ARScheduleReport.Rpt:This field name is not known.
03/24/10, 13:29:45, 4, 0, D:\DMIS\HMH\AMIS\DueReports\ARScheduleReport.Rpt:This field name is not known.
03/24/10, 13:30:19, 4, 0, D:\DMIS\HMH\AMIS\DueReports\ARScheduleReport.Rpt:This field name is not known.
03/24/10, 13:30:20, 4, 0, D:\DMIS\HMH\AMIS\DueReports\ARScheduleReport.Rpt:This field name is not known.
03/24/10, 13:31:56, 4, 0, D:\DMIS\HMH\AMIS\DueReports\ARScheduleReport.Rpt:This field name is not known.
03/24/10, 13:31:56, 4, 0, D:\DMIS\HMH\AMIS\DueReports\ARScheduleReport.Rpt:This field name is not known.
03/24/10, 13:32:18, 4, 0, D:\DMIS\HMH\AMIS\DueReports\ARScheduleReport.Rpt:This field name is not known.
03/24/10, 13:32:18, 4, 0, D:\DMIS\HMH\AMIS\DueReports\ARScheduleReport.Rpt:This field name is not known.
03/24/10, 13:33:41, 4, 0, D:\DMIS\HMH\AMIS\DueReports\ARScheduleReport.Rpt:This field name is not known.
03/24/10, 13:33:41, 4, 0, D:\DMIS\HMH\AMIS\DueReports\ARScheduleReport.Rpt:This field name is not known.
03/24/10, 13:34:34, 4, 0, D:\DMIS\HMH\AMIS\DueReports\ARScheduleReport.Rpt:This field name is not known.
03/24/10, 13:34:34, 4, 0, D:\DMIS\HMH\AMIS\DueReports\ARScheduleReport.Rpt:This field name is not known.
03/24/10, 13:35:35, 4, 0, D:\DMIS\HMH\AMIS\DueReports\ARScheduleReport.Rpt:This field name is not known.
03/24/10, 13:35:35, 4, 0, D:\DMIS\HMH\AMIS\DueReports\ARScheduleReport.Rpt:This field name is not known.
03/24/10, 13:36:12, 4, 0, D:\DMIS\HMH\AMIS\DueReports\ARScheduleReport.Rpt:This field name is not known.
03/24/10, 13:36:12, 4, 0, D:\DMIS\HMH\AMIS\DueReports\ARScheduleReport.Rpt:This field name is not known.
03/24/10, 13:37:08, 4, 0, D:\DMIS\HMH\AMIS\DueReports\ARScheduleReport.Rpt:This field name is not known.
03/24/10, 13:37:08, 4, 0, D:\DMIS\HMH\AMIS\DueReports\ARScheduleReport.Rpt:This field name is not known.
03/24/10, 13:37:42, 4, 0, D:\DMIS\HMH\AMIS\DueReports\ARScheduleReport.Rpt:This field name is not known.
03/24/10, 13:37:42, 4, 0, D:\DMIS\HMH\AMIS\DueReports\ARScheduleReport.Rpt:This field name is not known.
03/24/10, 13:38:11, 4, 0, D:\DMIS\HMH\AMIS\DueReports\ARScheduleReport.Rpt:This field name is not known.
03/24/10, 13:38:11, 4, 0, D:\DMIS\HMH\AMIS\DueReports\ARScheduleReport.Rpt:This field name is not known.
03/24/10, 13:38:16, 4, 0, D:\DMIS\HMH\AMIS\DueReports\ARScheduleReport.Rpt:This field name is not known.
03/24/10, 13:38:16, 4, 0, D:\DMIS\HMH\AMIS\DueReports\ARScheduleReport.Rpt:This field name is not known.
03/24/10, 13:38:46, 4, 0, D:\DMIS\HMH\AMIS\DueReports\ARScheduleReport.Rpt:This field name is not known.
03/24/10, 13:38:46, 4, 0, D:\DMIS\HMH\AMIS\DueReports\ARScheduleReport.Rpt:This field name is not known.
03/24/10, 13:39:05, 4, 0, D:\DMIS\HMH\AMIS\DueReports\ARScheduleReport.Rpt:The remaining text does not appear to be part of the formula.
03/24/10, 13:39:05, 4, 0, D:\DMIS\HMH\AMIS\DueReports\ARScheduleReport.Rpt:The remaining text does not appear to be part of the formula.
03/24/10, 13:39:32, 4, 0, D:\DMIS\HMH\AMIS\DueReports\ARScheduleReport.Rpt:This field name is not known.
03/24/10, 13:39:32, 4, 0, D:\DMIS\HMH\AMIS\DueReports\ARScheduleReport.Rpt:This field name is not known.
03/24/10, 13:41:01, 4, 0, D:\DMIS\HMH\AMIS\DueReports\ARScheduleReport.Rpt:This field name is not known.
03/24/10, 13:41:01, 4, 0, D:\DMIS\HMH\AMIS\DueReports\ARScheduleReport.Rpt:This field name is not known.
03/24/10, 13:43:04, 4, 0, D:\DMIS\HMH\AMIS\DueReports\ARScheduleReport.Rpt:This field name is not known.
03/24/10, 13:43:04, 4, 0, D:\DMIS\HMH\AMIS\DueReports\ARScheduleReport.Rpt:This field name is not known.
03/24/10, 13:43:06, 4, 0, D:\DMIS\HMH\AMIS\DueReports\ARScheduleReport.Rpt:This field name is not known.
03/24/10, 13:43:06, 4, 0, D:\DMIS\HMH\AMIS\DueReports\ARScheduleReport.Rpt:This field name is not known.
03/24/10, 13:46:34, 4, 0, D:\DMIS\HMH\AMIS\DueReports\ARScheduleReport.Rpt:This field name is not known.
03/24/10, 13:46:34, 4, 0, D:\DMIS\HMH\AMIS\DueReports\ARScheduleReport.Rpt:This field name is not known.
03/24/10, 13:47:28, 4, 0, D:\DMIS\HMH\AMIS\DueReports\ARScheduleReport.Rpt:This field name is not known.
03/24/10, 13:47:28, 4, 0, D:\DMIS\HMH\AMIS\DueReports\ARScheduleReport.Rpt:This field name is not known.
03/24/10, 14:18:39, 4, 0, D:\DMIS\HMH\AMIS\DueReports\GroupARScheduleReport.Rpt:This field name is not known.
03/24/10, 14:18:39, 4, 0, D:\DMIS\HMH\AMIS\DueReports\GroupARScheduleReport.Rpt:This field name is not known.
3/24/2010, 2:43:27 PM, 4, 0, D:\DMIS\HMH\AMIS\DueReports\ARAGINGREPORT.Rpt:A date-time is required here.
3/24/2010, 2:43:27 PM, 4, 0, D:\DMIS\HMH\AMIS\DueReports\ARAGINGREPORT.Rpt:A date-time is required here.
3/24/2010, 2:45:07 PM, 4, 0, D:\DMIS\HMH\AMIS\DueReports\ARAGINGREPORT.Rpt:A date-time is required here.
3/24/2010, 2:45:07 PM, 4, 0, D:\DMIS\HMH\AMIS\DueReports\ARAGINGREPORT.Rpt:A date-time is required here.
3/24/2010, 2:45:15 PM, 4, 0, D:\DMIS\HMH\AMIS\DueReports\ARAGINGREPORT.Rpt:A date-time is required here.
3/24/2010, 2:45:15 PM, 4, 0, D:\DMIS\HMH\AMIS\DueReports\ARAGINGREPORT.Rpt:A date-time is required here.
3/24/2010, 2:45:37 PM, 4, 0, D:\DMIS\HMH\AMIS\DueReports\ARScheduleReport.Rpt:A date-time is required here.
3/24/2010, 2:45:37 PM, 4, 0, D:\DMIS\HMH\AMIS\DueReports\ARScheduleReport.Rpt:A date-time is required here.
3/24/2010, 2:45:39 PM, 4, 0, D:\DMIS\HMH\AMIS\DueReports\ARScheduleReport.Rpt:A date-time is required here.
3/24/2010, 2:45:39 PM, 4, 0, D:\DMIS\HMH\AMIS\DueReports\ARScheduleReport.Rpt:A date-time is required here.
3/24/2010, 2:45:42 PM, 4, 0, D:\DMIS\HMH\AMIS\DueReports\GroupARScheduleReport.Rpt:A date-time is required here.
3/24/2010, 2:45:42 PM, 4, 0, D:\DMIS\HMH\AMIS\DueReports\GroupARScheduleReport.Rpt:A date-time is required here.
3/24/2010, 2:45:45 PM, 4, 0, D:\DMIS\HMH\AMIS\DueReports\ARScheduleReport.Rpt:A date-time is required here.
3/24/2010, 2:45:45 PM, 4, 0, D:\DMIS\HMH\AMIS\DueReports\ARScheduleReport.Rpt:A date-time is required here.
3/24/2010, 2:45:49 PM, 4, 0, D:\DMIS\HMH\AMIS\DueReports\GroupARScheduleReport.Rpt:A date-time is required here.
3/24/2010, 2:45:49 PM, 4, 0, D:\DMIS\HMH\AMIS\DueReports\GroupARScheduleReport.Rpt:A date-time is required here.
3/25/2010, 12:04:02 AM, 4, 0, D:\DMIS\HAI\REPORTS\AMIS\DueReports\GroupARScheduleReport.Rpt:Error detected by database DLL.
3/25/2010, 12:04:31 AM, 4, 0, D:\DMIS\HAI\REPORTS\AMIS\DueReports\GroupARScheduleReport.Rpt:Error detected by database DLL.
04/05/10, 16:50:00, 4, 0, D:\DMIS\HAI\REPORTS\AMIS\DueReports\ARScheduleReport.Rpt:A number, currency amount, boolean, date, time, date-time, or string is expected here.
04/05/10, 16:50:00, 4, 0, D:\DMIS\HAI\REPORTS\AMIS\DueReports\ARScheduleReport.Rpt:A number, currency amount, boolean, date, time, date-time, or string is expected here.
04/12/10, 02:05:37, 4, 0, D:\DMIS\HAI\REPORTS\AMIS\DueReports\ARAGINGREPORT.Rpt:This field name is not known.
04/12/10, 02:05:38, 4, 0, D:\DMIS\HAI\REPORTS\AMIS\DueReports\ARAGINGREPORT.Rpt:This field name is not known.
4/19/2010, 10:47:42 AM, 4, 0, :Invalid directory.
4/19/2010, 10:47:42 AM, 4, 0, :Invalid directory.
04/19/10, 11:41:00, 4, 0, :File not found.
04/19/10, 11:41:00, 4, 0, :File not found.
04/20/10, 10:31:58, 4, 0, :File not found.
04/20/10, 10:32:32, 4, 0, :File not found.
04/20/10, 10:32:32, 4, 0, :File not found.
04/20/10, 10:33:49, 4, 0, D:\DMIS\HMH\AMIS\FinancialStatement\FinancialStatements\BalanceSheet.rpt:The summary / running total field could not be created.
04/22/10, 23:50:21, 4, 0, D:\DMIS\HAI\REPORTS\AMIS\DueReports\ARAGINGREPORT.Rpt:The remaining text does not appear to be part of the formula.
04/22/10, 23:50:24, 4, 0, D:\DMIS\HAI\REPORTS\AMIS\DueReports\ARAGINGREPORT.Rpt:The remaining text does not appear to be part of the formula.
04/22/10, 23:50:34, 4, 0, D:\DMIS\HAI\REPORTS\AMIS\DueReports\ARAGINGREPORT.Rpt:The remaining text does not appear to be part of the formula.
04/22/10, 23:50:35, 4, 0, D:\DMIS\HAI\REPORTS\AMIS\DueReports\ARAGINGREPORT.Rpt:The remaining text does not appear to be part of the formula.
04/22/10, 23:51:15, 4, 0, D:\DMIS\HAI\REPORTS\AMIS\DueReports\ARAGINGREPORT.Rpt:The remaining text does not appear to be part of the formula.
04/22/10, 23:51:17, 4, 0, D:\DMIS\HAI\REPORTS\AMIS\DueReports\ARAGINGREPORT.Rpt:The remaining text does not appear to be part of the formula.
04/22/10, 23:51:23, 4, 0, D:\DMIS\HAI\REPORTS\AMIS\DueReports\ARAGINGREPORT.Rpt:The remaining text does not appear to be part of the formula.
04/22/10, 23:51:25, 4, 0, D:\DMIS\HAI\REPORTS\AMIS\DueReports\ARAGINGREPORT.Rpt:The remaining text does not appear to be part of the formula.
04/24/10, 10:58:34, 4, 0, D:\DMIS\HAI\REPORTS\AMIS\DueReports\AP_ScheduleReport.Rpt:Error detected by database DLL.
04/24/10, 10:59:19, 4, 0, D:\DMIS\HGC\AMIS\DueReports\AP_ScheduleReport.Rpt:This field name is not known.
04/24/10, 10:59:19, 4, 0, D:\DMIS\HGC\AMIS\DueReports\AP_ScheduleReport.Rpt:This field name is not known.
04/24/10, 11:00:09, 4, 0, D:\DMIS\HGC\AMIS\DueReports\AP_ScheduleReport.Rpt:This field name is not known.
04/24/10, 11:00:09, 4, 0, D:\DMIS\HGC\AMIS\DueReports\AP_ScheduleReport.Rpt:This field name is not known.
04/24/10, 11:00:17, 4, 0, D:\DMIS\HGC\AMIS\DueReports\AP_ScheduleReport.Rpt:This field name is not known.
04/24/10, 11:00:17, 4, 0, D:\DMIS\HGC\AMIS\DueReports\AP_ScheduleReport.Rpt:This field name is not known.
4/26/2010, 12:46:50 AM, 4, 0, :File not found.
4/26/2010, 12:46:51 AM, 4, 0, D:\DMIS\HAI\REPORTS\AMIS\FinancialStatement\TrialBalanceForWorkSheets.rpt:This field name is not known.
4/26/2010, 12:47:07 AM, 4, 0, :File not found.
4/26/2010, 12:47:07 AM, 4, 0, D:\DMIS\HAI\REPORTS\AMIS\FinancialStatement\TrialBalanceForWorkSheets.rpt:This field name is not known.
4/26/2010, 12:47:24 AM, 4, 0, :File not found.
4/26/2010, 12:47:25 AM, 4, 0, D:\DMIS\HAI\REPORTS\AMIS\FinancialStatement\TrialBalanceForWorkSheets.rpt:This field name is not known.
4/26/2010, 12:48:55 AM, 4, 0, :File not found.
4/26/2010, 12:48:55 AM, 4, 0, D:\DMIS\HAI\REPORTS\AMIS\FinancialStatement\TrialBalanceForWorkSheets.rpt:This field name is not known.
4/26/2010, 12:51:39 AM, 4, 0, :File not found.
4/26/2010, 12:52:18 AM, 4, 0, D:\DMIS\HAI\REPORTS\AMIS\FinancialStatement\TrialBalanceForWorkSheets.rpt:This field name is not known.
4/26/2010, 12:52:26 AM, 4, 0, D:\DMIS\HAI\REPORTS\AMIS\FinancialStatement\TrialBalanceForWorkSheets.rpt:This field name is not known.
4/26/2010, 12:53:05 AM, 4, 0, D:\DMIS\HAI\REPORTS\AMIS\FinancialStatement\TrialBalanceForWorkSheets.rpt:This field name is not known.
4/26/2010, 12:55:19 AM, 4, 0, D:\DMIS\HAI\REPORTS\AMIS\FinancialStatement\TrialBalanceForWorkSheets.rpt:This field name is not known.
4/26/2010, 12:55:35 AM, 4, 0, :File not found.
4/26/2010, 12:55:36 AM, 4, 0, D:\DMIS\HAI\REPORTS\AMIS\FinancialStatement\TrialBalanceForWorkSheets.rpt:This field name is not known.
4/26/2010, 12:56:04 AM, 4, 0, :File not found.
4/26/2010, 12:56:05 AM, 4, 0, D:\DMIS\HAI\REPORTS\AMIS\FinancialStatement\TrialBalanceForWorkSheets.rpt:The remaining text does not appear to be part of the formula.
4/26/2010, 12:56:33 AM, 4, 0, :File not found.
4/26/2010, 12:56:33 AM, 4, 0, D:\DMIS\HAI\REPORTS\AMIS\FinancialStatement\TrialBalanceForWorkSheets.rpt:The remaining text does not appear to be part of the formula.
4/26/2010, 12:58:05 AM, 4, 0, :File not found.
4/26/2010, 12:58:06 AM, 4, 0, D:\DMIS\HAI\REPORTS\AMIS\FinancialStatement\TrialBalanceForWorkSheets.rpt:This field name is not known.
4/26/2010, 12:59:54 AM, 4, 0, :File not found.
4/26/2010, 1:03:46 AM, 4, 0, :File not found.
4/26/2010, 1:03:46 AM, 4, 0, D:\DMIS\HAI\REPORTS\AMIS\FinancialStatement\TrialBalanceForWorkSheets.rpt:This field name is not known.
4/26/2010, 1:04:28 AM, 4, 0, :File not found.
4/26/2010, 1:04:28 AM, 4, 0, D:\DMIS\HAI\REPORTS\AMIS\FinancialStatement\TrialBalanceForWorkSheets.rpt:This field name is not known.
4/26/2010, 1:05:35 AM, 4, 0, :File not found.
4/26/2010, 1:06:31 AM, 4, 0, D:\DMIS\HAI\REPORTS\AMIS\FinancialStatement\TrialBalanceForWorkSheets.rpt:This field name is not known.
4/26/2010, 1:07:07 AM, 4, 0, :File not found.
4/26/2010, 1:07:09 AM, 4, 0, D:\DMIS\HAI\REPORTS\AMIS\FinancialStatement\TrialBalanceForWorkSheets.rpt:This field name is not known.
4/26/2010, 1:07:09 AM, 4, 0, D:\DMIS\HAI\REPORTS\AMIS\FinancialStatement\TrialBalanceForWorkSheets.rpt:This field name is not known.
4/26/2010, 1:08:30 AM, 4, 0, :File not found.
4/26/2010, 1:08:48 AM, 4, 0, :File not found.
4/26/2010, 1:09:07 AM, 4, 0, D:\DMIS\HAI\REPORTS\AMIS\FinancialStatement\TrialBalanceForWorkSheets.rpt:This field name is not known.
4/26/2010, 1:09:07 AM, 4, 0, D:\DMIS\HAI\REPORTS\AMIS\FinancialStatement\TrialBalanceForWorkSheets.rpt:This field name is not known.
4/26/2010, 1:09:24 AM, 4, 0, :File not found.
4/26/2010, 1:09:58 AM, 4, 0, D:\DMIS\HAI\REPORTS\AMIS\FinancialStatement\TrialBalanceForWorkSheets.rpt:This field name is not known.
4/26/2010, 1:09:58 AM, 4, 0, D:\DMIS\HAI\REPORTS\AMIS\FinancialStatement\TrialBalanceForWorkSheets.rpt:This field name is not known.
4/26/2010, 1:10:33 AM, 4, 0, :File not found.
4/26/2010, 1:11:42 AM, 4, 0, :File not found.
4/27/2010, 4:06:24 PM, 4, 0, D:\DMIS\HAI\REPORTS\AMIS\Vouchers\GeneralJournal.rpt:There are too many characters in this string.
4/27/2010, 4:06:24 PM, 4, 0, D:\DMIS\HAI\REPORTS\AMIS\Vouchers\GeneralJournal.rpt:There are too many characters in this string.
4/27/2010, 4:08:43 PM, 4, 0, D:\DMIS\HAI\REPORTS\AMIS\Vouchers\GeneralJournal.rpt:The matching ' for this string is missing.
4/27/2010, 4:08:43 PM, 4, 0, D:\DMIS\HAI\REPORTS\AMIS\Vouchers\GeneralJournal.rpt:The matching ' for this string is missing.
4/27/2010, 4:13:19 PM, 4, 0, D:\DMIS\HAI\REPORTS\AMIS\Vouchers\GeneralJournal.rpt:The matching ' for this string is missing.
4/27/2010, 4:13:19 PM, 4, 0, D:\DMIS\HAI\REPORTS\AMIS\Vouchers\GeneralJournal.rpt:The matching ' for this string is missing.
4/27/2010, 4:13:40 PM, 4, 0, D:\DMIS\HAI\REPORTS\AMIS\Vouchers\GeneralJournal.rpt:The matching ' for this string is missing.
4/27/2010, 4:13:40 PM, 4, 0, D:\DMIS\HAI\REPORTS\AMIS\Vouchers\GeneralJournal.rpt:The matching ' for this string is missing.
4/27/2010, 4:20:24 PM, 4, 0, D:\DMIS\HAI\REPORTS\AMIS\Vouchers\GeneralJournal.rpt:There are too many characters in this string.
4/27/2010, 4:20:24 PM, 4, 0, D:\DMIS\HAI\REPORTS\AMIS\Vouchers\GeneralJournal.rpt:There are too many characters in this string.
4/27/2010, 4:22:12 PM, 4, 0, D:\DMIS\HAI\REPORTS\AMIS\Vouchers\GeneralJournal.rpt:There are too many characters in this string.
4/27/2010, 4:22:12 PM, 4, 0, D:\DMIS\HAI\REPORTS\AMIS\Vouchers\GeneralJournal.rpt:There are too many characters in this string.
4/27/2010, 4:27:48 PM, 4, 0, D:\DMIS\HAI\REPORTS\AMIS\Vouchers\GeneralJournal.rpt:There are too many characters in this string.
4/27/2010, 4:27:48 PM, 4, 0, D:\DMIS\HAI\REPORTS\AMIS\Vouchers\GeneralJournal.rpt:There are too many characters in this string.
4/27/2010, 4:40:15 PM, 4, 0, D:\DMIS\HAI\REPORTS\AMIS\Vouchers\GeneralJournal.rpt:The matching ' for this string is missing.
4/27/2010, 4:40:15 PM, 4, 0, D:\DMIS\HAI\REPORTS\AMIS\Vouchers\GeneralJournal.rpt:The matching ' for this string is missing.
4/27/2010, 4:41:14 PM, 4, 0, D:\DMIS\HAI\REPORTS\AMIS\Vouchers\GeneralJournal.rpt:The matching ' for this string is missing.
4/27/2010, 4:41:14 PM, 4, 0, D:\DMIS\HAI\REPORTS\AMIS\Vouchers\GeneralJournal.rpt:The matching ' for this string is missing.
4/27/2010, 4:45:50 PM, 4, 0, D:\DMIS\HAI\REPORTS\AMIS\Vouchers\GeneralJournal.rpt:There are too many characters in this string.
4/27/2010, 4:45:50 PM, 4, 0, D:\DMIS\HAI\REPORTS\AMIS\Vouchers\GeneralJournal.rpt:There are too many characters in this string.
05/07/10, 09:33:17, 4, 0, D:\DMIS\HAI\REPORTS\AMIS\FinancialStatement\FinancialStatements\BalanceSheet.rpt:The summary / running total field could not be created.
6/1/2010, 11:02:15 AM, 4, 0, :File not found.
6/1/2010, 11:02:16 AM, 4, 0, :File not found.
6/1/2010, 11:02:39 AM, 4, 0, :File not found.
6/1/2010, 11:02:39 AM, 4, 0, :File not found.
6/1/2010, 11:04:30 AM, 4, 0, :File not found.
6/1/2010, 11:54:20 AM, 4, 0, :File not found.
6/1/2010, 11:58:36 AM, 4, 0, :File not found.
6/1/2010, 12:04:14 PM, 4, 0, D:\DMIS\HGC\AMIS\FinancialStatement\FinancialStatements\BalanceSheet.rpt:The summary / running total field could not be created.
6/7/2010, 12:57:53 PM, 4, 0, D:\DMIS\HCI\AMIS\FinancialStatement\TrialBalanceOfBalances.rpt:Server has not yet been opened.
6/10/2010, 3:59:41 PM, 4, 0, D:\DMIS\HMH\AMIS\Ledgers\AccountGeneralLedger.Rpt:Server has not yet been opened.
06/18/10, 13:58:24, 4, 0, :Dos error.
06/18/10, 13:58:24, 4, 0, :Dos error.
06/18/10, 13:58:36, 4, 0, :Dos error.
06/18/10, 13:58:36, 4, 0, :Dos error.
06/18/10, 13:58:38, 4, 0, :Dos error.
06/18/10, 13:58:38, 4, 0, :Dos error.
06/18/10, 13:58:54, 4, 0, :Dos error.
06/18/10, 13:58:54, 4, 0, :Dos error.
06/18/10, 13:58:55, 4, 0, :Dos error.
06/18/10, 13:58:55, 4, 0, :Dos error.
06/18/10, 13:59:20, 4, 0, :Dos error.
06/18/10, 13:59:25, 4, 0, :Dos error.
06/18/10, 14:00:17, 4, 0, :Dos error.
6/23/2010, 10:17:25 AM, 4, 0, D:\DMIS\HCI\AMIS\Summary\GJSummary.rpt:

This group section cannot be printed because its condition field is nonexistent or invalid.  Format the section to choose another condition field.
06/26/10, 11:49:36, 4, 0, :File not found.
06/26/10, 11:49:42, 4, 0, :File not found.
06/26/10, 12:06:20, 4, 0, D:\DMIS\HCI\AMIS\Journals\GJJournals.rpt:This field name is not known.
06/26/10, 12:06:20, 4, 0, D:\DMIS\HCI\AMIS\Journals\GJJournals.rpt:This field name is not known.
06/26/10, 12:13:42, 4, 0, D:\DMIS\HCI\AMIS\Journals\GJJournals.rpt:

This group section cannot be printed because its condition field is nonexistent or invalid.  Format the section to choose another condition field.
06/26/10, 13:26:59, 4, 0, D:\DMIS\HCI\AMIS\Journals\GJJournals.rpt:This field name is not known.
06/26/10, 13:26:59, 4, 0, D:\DMIS\HCI\AMIS\Journals\GJJournals.rpt:This field name is not known.
06/26/10, 14:09:07, 4, 0, :File not found.
06/26/10, 14:09:07, 4, 0, :File not found.
06/26/10, 14:20:13, 4, 0, D:\DMIS\HCI\AMIS\Journals\ExportableJournal\GJEJournals.rpt:This field name is not known.
06/26/10, 14:20:13, 4, 0, D:\DMIS\HCI\AMIS\Journals\ExportableJournal\GJEJournals.rpt:This field name is not known.
06/26/10, 14:20:57, 4, 0, D:\DMIS\HCI\AMIS\Journals\ExportableJournal\GJEJournals.rpt:

This group section cannot be printed because its condition field is nonexistent or invalid.  Format the section to choose another condition field.
07/16/10, 09:51:05, 4, 0, :File not found.
07/16/10, 09:53:20, 4, 0, :File not found.
07/16/10, 09:54:39, 4, 0, D:\DMIS\HAI\REPORTS\AMIS\Journals\GrossProfit.rpt:This field name is not known.
07/16/10, 09:54:39, 4, 0, D:\DMIS\HAI\REPORTS\AMIS\Journals\GrossProfit.rpt:This field name is not known.
07/16/10, 09:55:24, 4, 0, D:\DMIS\HAI\REPORTS\AMIS\Journals\GrossProfit.rpt:This field name is not known.
07/16/10, 09:55:24, 4, 0, D:\DMIS\HAI\REPORTS\AMIS\Journals\GrossProfit.rpt:This field name is not known.
07/16/10, 09:56:10, 4, 0, D:\DMIS\HAI\REPORTS\AMIS\Journals\GrossProfit.rpt:This field name is not known.
07/16/10, 09:56:10, 4, 0, D:\DMIS\HAI\REPORTS\AMIS\Journals\GrossProfit.rpt:This field name is not known.
07/16/10, 09:58:19, 4, 0, D:\DMIS\HAI\REPORTS\AMIS\Journals\GrossProfit.rpt:This field name is not known.
07/16/10, 09:58:19, 4, 0, D:\DMIS\HAI\REPORTS\AMIS\Journals\GrossProfit.rpt:This field name is not known.
07/16/10, 09:58:48, 4, 0, D:\DMIS\HAI\REPORTS\AMIS\Journals\GrossProfit.rpt:This field name is not known.
07/16/10, 09:58:48, 4, 0, D:\DMIS\HAI\REPORTS\AMIS\Journals\GrossProfit.rpt:This field name is not known.
07/16/10, 10:01:32, 4, 0, D:\DMIS\HAI\REPORTS\AMIS\Journals\GrossProfit.rpt:This field name is not known.
07/16/10, 10:01:32, 4, 0, D:\DMIS\HAI\REPORTS\AMIS\Journals\GrossProfit.rpt:This field name is not known.
07/16/10, 11:54:52, 4, 0, D:\DMIS\HAI\REPORTS\AMIS\Journals\GrossProfit.rpt:This field name is not known.
07/16/10, 11:54:52, 4, 0, D:\DMIS\HAI\REPORTS\AMIS\Journals\GrossProfit.rpt:This field name is not known.
07/16/10, 11:55:30, 4, 0, D:\DMIS\HAI\REPORTS\AMIS\Journals\GrossProfit.rpt:This field name is not known.
07/16/10, 11:55:30, 4, 0, D:\DMIS\HAI\REPORTS\AMIS\Journals\GrossProfit.rpt:This field name is not known.
07/16/10, 11:56:10, 4, 0, D:\DMIS\HAI\REPORTS\AMIS\Journals\GrossProfit.rpt:This field name is not known.
07/16/10, 11:56:10, 4, 0, D:\DMIS\HAI\REPORTS\AMIS\Journals\GrossProfit.rpt:This field name is not known.
07/16/10, 11:58:14, 4, 0, D:\DMIS\HAI\REPORTS\AMIS\Journals\GrossProfit.rpt:This field name is not known.
07/16/10, 11:58:14, 4, 0, D:\DMIS\HAI\REPORTS\AMIS\Journals\GrossProfit.rpt:This field name is not known.
07/16/10, 11:59:01, 4, 0, D:\DMIS\HAI\REPORTS\AMIS\Journals\GrossProfit.rpt:This field name is not known.
07/16/10, 11:59:01, 4, 0, D:\DMIS\HAI\REPORTS\AMIS\Journals\GrossProfit.rpt:This field name is not known.
07/16/10, 11:59:51, 4, 0, D:\DMIS\HAI\REPORTS\AMIS\Journals\GrossProfit.rpt:This field name is not known.
07/16/10, 11:59:51, 4, 0, D:\DMIS\HAI\REPORTS\AMIS\Journals\GrossProfit.rpt:This field name is not known.
07/16/10, 12:01:48, 4, 0, D:\DMIS\HAI\REPORTS\AMIS\Journals\GrossProfit.rpt:This field name is not known.
07/16/10, 12:01:48, 4, 0, D:\DMIS\HAI\REPORTS\AMIS\Journals\GrossProfit.rpt:This field name is not known.
07/16/10, 12:03:11, 4, 0, D:\DMIS\HAI\REPORTS\AMIS\Journals\GrossProfit.rpt:This field name is not known.
07/16/10, 12:03:11, 4, 0, D:\DMIS\HAI\REPORTS\AMIS\Journals\GrossProfit.rpt:This field name is not known.
07/16/10, 12:04:04, 4, 0, D:\DMIS\HAI\REPORTS\AMIS\Journals\GrossProfit.rpt:This field name is not known.
07/16/10, 12:04:04, 4, 0, D:\DMIS\HAI\REPORTS\AMIS\Journals\GrossProfit.rpt:This field name is not known.
07/16/10, 12:04:46, 4, 0, D:\DMIS\HAI\REPORTS\AMIS\Journals\GrossProfit.rpt:This field name is not known.
07/16/10, 12:04:46, 4, 0, D:\DMIS\HAI\REPORTS\AMIS\Journals\GrossProfit.rpt:This field name is not known.
07/16/10, 12:05:11, 4, 0, D:\DMIS\HAI\REPORTS\AMIS\Journals\GrossProfit.rpt:The remaining text does not appear to be part of the formula.
07/16/10, 12:05:11, 4, 0, D:\DMIS\HAI\REPORTS\AMIS\Journals\GrossProfit.rpt:The remaining text does not appear to be part of the formula.
07/16/10, 12:05:48, 4, 0, D:\DMIS\HAI\REPORTS\AMIS\Journals\GrossProfit.rpt:This field name is not known.
07/16/10, 12:05:48, 4, 0, D:\DMIS\HAI\REPORTS\AMIS\Journals\GrossProfit.rpt:This field name is not known.
07/16/10, 12:10:29, 4, 0, D:\DMIS\HAI\REPORTS\AMIS\Journals\GrossProfit.rpt:This field name is not known.
07/16/10, 12:10:29, 4, 0, D:\DMIS\HAI\REPORTS\AMIS\Journals\GrossProfit.rpt:This field name is not known.
7/22/2010, 12:53:53 AM, 4, 0, :File not found.
7/22/2010, 12:53:53 AM, 4, 0, :File not found.
8/13/2010, 10:46:13 AM, 4, 0, D:\DMIS\HGC\AMIS\Ledgers\AccountGeneralLedger.Rpt:Page Header plus Page Footer is too large for the page.
