4/28/2009, 10:56:44 PM, 4, 0, \\SERVER\DMIS\PROVINCE\HPI\REPORTS\HRMS\Leave Summary.rpt:This field name is not known.
4/28/2009, 10:56:44 PM, 4, 0, \\SERVER\DMIS\PROVINCE\HPI\REPORTS\HRMS\Leave Summary.rpt:This field name is not known.
4/28/2009, 10:56:46 PM, 4, 0, \\SERVER\DMIS\PROVINCE\HPI\REPORTS\HRMS\Leave Summary.rpt:This field name is not known.
4/28/2009, 10:56:46 PM, 4, 0, \\SERVER\DMIS\PROVINCE\HPI\REPORTS\HRMS\Leave Summary.rpt:This field name is not known.
4/28/2009, 10:56:50 PM, 4, 0, \\SERVER\DMIS\PROVINCE\HPI\REPORTS\HRMS\Leave Summary.rpt:This field name is not known.
4/28/2009, 10:56:50 PM, 4, 0, \\SERVER\DMIS\PROVINCE\HPI\REPORTS\HRMS\Leave Summary.rpt:This field name is not known.
05/04/09, 09:38:45, 4, 0, \\SERVER\DMIS\PROVINCE\HCI\REPORTS\HRMS\Leave Summary.rpt:This field name is not known.
05/04/09, 09:38:45, 4, 0, \\SERVER\DMIS\PROVINCE\HCI\REPORTS\HRMS\Leave Summary.rpt:This field name is not known.
05/04/09, 11:20:40, 4, 0, \\SERVER\DMIS\PROVINCE\HPI\REPORTS\HRMS\Leave Summary.rpt:This field name is not known.
05/04/09, 11:20:40, 4, 0, \\SERVER\DMIS\PROVINCE\HPI\REPORTS\HRMS\Leave Summary.rpt:This field name is not known.
05/04/09, 17:54:16, 4, 0, \\SERVER\DMIS\PROVINCE\HPI\REPORTS\HRMS\Leave Summary.rpt:Error detected by database DLL.
05/05/09, 14:52:05, 4, 0, D:\PROVINCE\HPI\REPORTS\HRMS\Leave Summary.rpt:Error detected by database DLL.
5/11/2009, 10:12:57 AM, 4, 0, :Dos error.
5/11/2009, 10:12:57 AM, 4, 0, :Dos error.
5/11/2009, 10:14:12 AM, 4, 0, :Dos error.
5/11/2009, 10:14:16 AM, 4, 0, :Dos error.
5/11/2009, 2:37:59 PM, 4, 0, \\SERVER\DMIS\PROVINCE\HPI\REPORTS\HRMS\Leave Summary.rpt:Page Header plus Page Footer is too large for the page.
05/18/09, 09:16:23, 4, 0, \\SERVER\DMIS\MANILA\HGC\REPORTS\HRMS\Leave Summary.rpt:This field name is not known.
05/18/09, 09:16:23, 4, 0, \\SERVER\DMIS\MANILA\HGC\REPORTS\HRMS\Leave Summary.rpt:This field name is not known.
02/07/10, 06:18:12, 4, 0, \\SERVER\DMIS\PROVINCE\HPI\REPORTS\HRMS\Loan Balance.rpt:The remaining text does not appear to be part of the formula.
02/07/10, 06:18:12, 4, 0, \\SERVER\DMIS\PROVINCE\HPI\REPORTS\HRMS\Loan Balance.rpt:The remaining text does not appear to be part of the formula.
2/7/2010, 6:59:56 AM, 4, 0, \\SERVER\DMIS\PROVINCE\HPI\REPORTS\HRMS\Loan Balance.rpt:The remaining text does not appear to be part of the formula.
2/7/2010, 6:59:56 AM, 4, 0, \\SERVER\DMIS\PROVINCE\HPI\REPORTS\HRMS\Loan Balance.rpt:The remaining text does not appear to be part of the formula.
2/7/2010, 7:18:05 AM, 4, 0, \\SERVER\DMIS\PROVINCE\HPI\REPORTS\HRMS\Loan Balance.rpt:The remaining text does not appear to be part of the formula.
2/7/2010, 7:18:05 AM, 4, 0, \\SERVER\DMIS\PROVINCE\HPI\REPORTS\HRMS\Loan Balance.rpt:The remaining text does not appear to be part of the formula.
2/7/2010, 7:20:01 AM, 4, 0, \\SERVER\DMIS\PROVINCE\HPI\REPORTS\HRMS\Loan Balance.rpt:The remaining text does not appear to be part of the formula.
2/7/2010, 7:20:01 AM, 4, 0, \\SERVER\DMIS\PROVINCE\HPI\REPORTS\HRMS\Loan Balance.rpt:The remaining text does not appear to be part of the formula.
2/7/2010, 7:22:14 AM, 4, 0, \\SERVER\DMIS\PROVINCE\HPI\REPORTS\HRMS\Loan Balance.rpt:The remaining text does not appear to be part of the formula.
2/7/2010, 7:22:14 AM, 4, 0, \\SERVER\DMIS\PROVINCE\HPI\REPORTS\HRMS\Loan Balance.rpt:The remaining text does not appear to be part of the formula.
2/7/2010, 7:22:52 AM, 4, 0, \\SERVER\DMIS\PROVINCE\HPI\REPORTS\HRMS\Loan Balance.rpt:The remaining text does not appear to be part of the formula.
2/7/2010, 7:22:52 AM, 4, 0, \\SERVER\DMIS\PROVINCE\HPI\REPORTS\HRMS\Loan Balance.rpt:The remaining text does not appear to be part of the formula.
2/7/2010, 7:24:30 AM, 4, 0, \\SERVER\DMIS\PROVINCE\HPI\REPORTS\HRMS\Loan Balance.rpt:The remaining text does not appear to be part of the formula.
2/7/2010, 7:24:31 AM, 4, 0, \\SERVER\DMIS\PROVINCE\HPI\REPORTS\HRMS\Loan Balance.rpt:The remaining text does not appear to be part of the formula.
2/7/2010, 7:25:12 AM, 4, 0, \\SERVER\DMIS\PROVINCE\HPI\REPORTS\HRMS\Loan Balance.rpt:The remaining text does not appear to be part of the formula.
2/7/2010, 7:25:12 AM, 4, 0, \\SERVER\DMIS\PROVINCE\HPI\REPORTS\HRMS\Loan Balance.rpt:The remaining text does not appear to be part of the formula.
2/7/2010, 7:26:22 AM, 4, 0, \\SERVER\DMIS\PROVINCE\HPI\REPORTS\HRMS\Loan Balance.rpt:The remaining text does not appear to be part of the formula.
2/7/2010, 7:26:22 AM, 4, 0, \\SERVER\DMIS\PROVINCE\HPI\REPORTS\HRMS\Loan Balance.rpt:The remaining text does not appear to be part of the formula.
2/7/2010, 7:28:41 AM, 4, 0, \\SERVER\DMIS\PROVINCE\HPI\REPORTS\HRMS\Loan Balance.rpt:The remaining text does not appear to be part of the formula.
2/7/2010, 7:28:41 AM, 4, 0, \\SERVER\DMIS\PROVINCE\HPI\REPORTS\HRMS\Loan Balance.rpt:The remaining text does not appear to be part of the formula.
2/7/2010, 7:32:51 AM, 4, 0, \\SERVER\DMIS\PROVINCE\HPI\REPORTS\HRMS\Loan Balance.rpt:The remaining text does not appear to be part of the formula.
2/7/2010, 7:32:51 AM, 4, 0, \\SERVER\DMIS\PROVINCE\HPI\REPORTS\HRMS\Loan Balance.rpt:The remaining text does not appear to be part of the formula.
2/7/2010, 7:37:56 AM, 4, 0, \\SERVER\DMIS\PROVINCE\HPI\REPORTS\HRMS\Loan Balance.rpt:The remaining text does not appear to be part of the formula.
2/7/2010, 7:37:56 AM, 4, 0, \\SERVER\DMIS\PROVINCE\HPI\REPORTS\HRMS\Loan Balance.rpt:The remaining text does not appear to be part of the formula.
2/7/2010, 7:38:54 AM, 4, 0, \\SERVER\DMIS\PROVINCE\HPI\REPORTS\HRMS\Loan Balance.rpt:The remaining text does not appear to be part of the formula.
2/7/2010, 7:38:54 AM, 4, 0, \\SERVER\DMIS\PROVINCE\HPI\REPORTS\HRMS\Loan Balance.rpt:The remaining text does not appear to be part of the formula.
2/7/2010, 7:38:57 AM, 4, 0, \\SERVER\DMIS\PROVINCE\HPI\REPORTS\HRMS\Loan Balance.rpt:The remaining text does not appear to be part of the formula.
2/7/2010, 7:38:57 AM, 4, 0, \\SERVER\DMIS\PROVINCE\HPI\REPORTS\HRMS\Loan Balance.rpt:The remaining text does not appear to be part of the formula.
2/7/2010, 7:39:37 AM, 4, 0, \\SERVER\DMIS\PROVINCE\HPI\REPORTS\HRMS\Loan Balance.rpt:The remaining text does not appear to be part of the formula.
2/7/2010, 7:39:37 AM, 4, 0, \\SERVER\DMIS\PROVINCE\HPI\REPORTS\HRMS\Loan Balance.rpt:The remaining text does not appear to be part of the formula.
2/7/2010, 7:42:24 AM, 4, 0, \\SERVER\DMIS\PROVINCE\HPI\REPORTS\HRMS\Loan Balance.rpt:The remaining text does not appear to be part of the formula.
2/7/2010, 7:42:24 AM, 4, 0, \\SERVER\DMIS\PROVINCE\HPI\REPORTS\HRMS\Loan Balance.rpt:The remaining text does not appear to be part of the formula.
02/07/10, 13:28:37, 4, 0, \\SERVER\DMIS\PROVINCE\HPI\REPORTS\HRMS\Loan Balance.rpt:The remaining text does not appear to be part of the formula.
02/07/10, 13:28:37, 4, 0, \\SERVER\DMIS\PROVINCE\HPI\REPORTS\HRMS\Loan Balance.rpt:The remaining text does not appear to be part of the formula.
11/09/10, 13:13:53, 4, 0, D:\MANILA\HAI\REPORTS\HRMS\DEDUCTIONS.rpt:The remaining text does not appear to be part of the formula.
11/09/10, 13:13:53, 4, 0, D:\MANILA\HAI\REPORTS\HRMS\DEDUCTIONS.rpt:The remaining text does not appear to be part of the formula.
11/09/10, 13:35:37, 4, 0, D:\MANILA\HAI\REPORTS\HRMS\DEDUCTIONS.rpt:A string is required here.
11/09/10, 13:35:38, 4, 0, D:\MANILA\HAI\REPORTS\HRMS\DEDUCTIONS.rpt:A string is required here.
11/09/10, 13:53:16, 4, 0, :File not found.
11/09/10, 13:53:16, 4, 0, :File not found.
11/09/10, 13:53:18, 4, 0, :File not found.
