03/02/11, 10:17:13, 4, 0, D:\DMIS\HGC\AMIS\Vouchers\GeneralJournal.rpt:The remaining text does not appear to be part of the formula.
03/02/11, 10:18:18, 4, 0, D:\DMIS\HGC\AMIS\Vouchers\GeneralJournal.rpt:The remaining text does not appear to be part of the formula.
3/3/2011, 10:40:22 AM, 4, 0, :Invalid directory.
3/3/2011, 10:40:22 AM, 4, 0, :Invalid directory.
3/3/2011, 12:10:17 PM, 4, 0, :File not found.
3/3/2011, 12:10:17 PM, 4, 0, :File not found.
3/3/2011, 12:10:40 PM, 4, 0, :File not found.
3/3/2011, 12:10:40 PM, 4, 0, :File not found.
3/3/2011, 12:11:19 PM, 4, 0, D:\DMIS\HMH\SMIS\Customer_ENTRYDATE.rpt:The remaining text does not appear to be part of the formula.
3/3/2011, 12:11:19 PM, 4, 0, D:\DMIS\HMH\SMIS\Customer_ENTRYDATE.rpt:The remaining text does not appear to be part of the formula.
3/3/2011, 12:34:09 PM, 4, 0, D:\DMIS\HMH\SMIS\Customer_ENTRYDATE.rpt:The remaining text does not appear to be part of the formula.
3/3/2011, 12:34:09 PM, 4, 0, D:\DMIS\HMH\SMIS\Customer_ENTRYDATE.rpt:The remaining text does not appear to be part of the formula.
3/3/2011, 12:36:13 PM, 4, 0, D:\DMIS\HMH\SMIS\Customer_ENTRYDATE.rpt:This field name is not known.
3/3/2011, 12:36:13 PM, 4, 0, D:\DMIS\HMH\SMIS\Customer_ENTRYDATE.rpt:This field name is not known.
3/3/2011, 12:36:44 PM, 4, 0, D:\DMIS\HMH\SMIS\Customer_ENTRYDATE.rpt:This field name is not known.
3/3/2011, 12:36:44 PM, 4, 0, D:\DMIS\HMH\SMIS\Customer_ENTRYDATE.rpt:This field name is not known.
3/3/2011, 12:37:54 PM, 4, 0, D:\DMIS\HMH\SMIS\Customer_ENTRYDATE.rpt:This field name is not known.
3/3/2011, 12:37:54 PM, 4, 0, D:\DMIS\HMH\SMIS\Customer_ENTRYDATE.rpt:This field name is not known.
3/3/2011, 12:39:34 PM, 4, 0, D:\DMIS\HMH\SMIS\Customer_ENTRYDATE.rpt:A date is required here.
3/3/2011, 12:39:34 PM, 4, 0, D:\DMIS\HMH\SMIS\Customer_ENTRYDATE.rpt:A date is required here.
3/3/2011, 12:41:08 PM, 4, 0, D:\DMIS\HMH\SMIS\Customer_ENTRYDATE.rpt:A date is required here.
3/3/2011, 12:41:08 PM, 4, 0, D:\DMIS\HMH\SMIS\Customer_ENTRYDATE.rpt:A date is required here.
3/3/2011, 12:41:42 PM, 4, 0, D:\DMIS\HMH\SMIS\Customer_ENTRYDATE.rpt:This date time literal was not understood.
3/3/2011, 12:41:42 PM, 4, 0, D:\DMIS\HMH\SMIS\Customer_ENTRYDATE.rpt:This date time literal was not understood.
3/3/2011, 12:43:45 PM, 4, 0, D:\DMIS\HMH\SMIS\Customer_ENTRYDATE.rpt:A date is required here.
3/3/2011, 12:43:45 PM, 4, 0, D:\DMIS\HMH\SMIS\Customer_ENTRYDATE.rpt:A date is required here.
3/3/2011, 12:44:08 PM, 4, 0, D:\DMIS\HMH\SMIS\Customer_ENTRYDATE.rpt:A date is required here.
3/3/2011, 12:44:08 PM, 4, 0, D:\DMIS\HMH\SMIS\Customer_ENTRYDATE.rpt:A date is required here.
3/3/2011, 12:50:58 PM, 4, 0, D:\DMIS\HMH\SMIS\Customer_ENTRYDATE.rpt:Dates must be between year 1 and year 9999.
3/3/2011, 12:50:58 PM, 4, 0, D:\DMIS\HMH\SMIS\Customer_ENTRYDATE.rpt:Dates must be between year 1 and year 9999.
3/3/2011, 12:51:30 PM, 4, 0, D:\DMIS\HMH\SMIS\Customer_ENTRYDATE.rpt:Dates must be between year 1 and year 9999.
3/3/2011, 12:51:30 PM, 4, 0, D:\DMIS\HMH\SMIS\Customer_ENTRYDATE.rpt:Dates must be between year 1 and year 9999.
3/3/2011, 12:56:37 PM, 4, 0, D:\DMIS\HMH\SMIS\Customer_ENTRYDATE.rpt:A number, currency amount, boolean, date, time, date-time, or string is expected here.
3/3/2011, 12:56:37 PM, 4, 0, D:\DMIS\HMH\SMIS\Customer_ENTRYDATE.rpt:A number, currency amount, boolean, date, time, date-time, or string is expected here.
3/3/2011, 1:01:39 PM, 4, 0, D:\DMIS\HMH\SMIS\Customer_ENTRYDATE.rpt:This date time literal was not understood.
3/3/2011, 1:01:39 PM, 4, 0, D:\DMIS\HMH\SMIS\Customer_ENTRYDATE.rpt:This date time literal was not understood.
3/3/2011, 1:02:21 PM, 4, 0, D:\DMIS\HMH\SMIS\Customer_ENTRYDATE.rpt:A date is required here.
3/3/2011, 1:02:21 PM, 4, 0, D:\DMIS\HMH\SMIS\Customer_ENTRYDATE.rpt:A date is required here.
3/3/2011, 1:02:40 PM, 4, 0, D:\DMIS\HMH\SMIS\Customer_ENTRYDATE.rpt:This date time literal was not understood.
3/3/2011, 1:02:40 PM, 4, 0, D:\DMIS\HMH\SMIS\Customer_ENTRYDATE.rpt:This date time literal was not understood.
3/3/2011, 1:02:56 PM, 4, 0, D:\DMIS\HMH\SMIS\Customer_ENTRYDATE.rpt:A date is required here.
3/3/2011, 1:02:56 PM, 4, 0, D:\DMIS\HMH\SMIS\Customer_ENTRYDATE.rpt:A date is required here.
03/09/11, 11:26:28, 4, 0, D:\DMIS\HMH\AMIS\FinancialStatement\FinancialStatements\BalanceSheet.rpt:The summary / running total field could not be created.
03/09/11, 11:28:32, 4, 0, D:\DMIS\HMH\AMIS\FinancialStatement\FinancialStatements\BalanceSheet.rpt:The summary / running total field could not be created.
03/11/11, 11:49:01, 4, 0, :Dos error.
03/11/11, 11:49:02, 4, 0, :Dos error.
03/11/11, 11:50:00, 4, 0, :Dos error.
03/11/11, 11:50:00, 4, 0, :Dos error.
03/22/11, 09:26:25, 4, 0, :File not found.
03/22/11, 09:26:25, 4, 0, :File not found.
4/13/2011, 9:36:26 AM, 4, 0, :Dos error.
4/13/2011, 9:36:26 AM, 4, 0, :Dos error.
4/13/2011, 9:36:40 AM, 4, 0, :Dos error.
4/13/2011, 9:36:40 AM, 4, 0, :Dos error.
4/13/2011, 9:39:12 AM, 4, 0, :Dos error.
4/18/2011, 8:34:50 PM, 4, 0, \\Dgidmissvr\DMIS 2.0\REPORTS\AMIS\FinancialStatement\FinancialStatements\BalanceSheet.rpt:The summary / running total field could not be created.
04/19/11, 14:19:40, 4, 0, :Dos error.
04/19/11, 14:19:40, 4, 0, :Dos error.
04/19/11, 14:19:44, 4, 0, :Dos error.
04/19/11, 14:19:44, 4, 0, :Dos error.
04/19/11, 16:40:55, 4, 0, :Dos error.
04/19/11, 16:40:55, 4, 0, :Dos error.
4/27/2011, 5:10:35 PM, 4, 0, \\Dgidmissvr\DMIS 2.0\REPORTS\AMIS\FinancialStatement\FinancialStatements\BalanceSheet.rpt:The summary / running total field could not be created.
4/27/2011, 5:10:52 PM, 4, 0, \\Dgidmissvr\DMIS 2.0\REPORTS\AMIS\FinancialStatement\FinancialStatements\BalanceSheet.rpt:The summary / running total field could not be created.
4/27/2011, 5:10:59 PM, 4, 0, \\Dgidmissvr\DMIS 2.0\REPORTS\AMIS\FinancialStatement\FinancialStatements\BalanceSheet.rpt:The summary / running total field could not be created.
4/27/2011, 5:48:29 PM, 4, 0, \\Dgidmissvr\DMIS 2.0\REPORTS\AMIS\FinancialStatement\FinancialStatements\BalanceSheet.rpt:The summary / running total field could not be created.
4/27/2011, 5:52:37 PM, 4, 0, \\Dgidmissvr\DMIS 2.0\REPORTS\AMIS\FinancialStatement\FinancialStatements\BalanceSheet.rpt:The summary / running total field could not be created.
04/28/11, 09:42:01, 4, 0, :Dos error.
04/28/11, 09:42:01, 4, 0, :Dos error.
4/28/2011, 10:39:12 AM, 4, 0, D:\DMIS\DGI\REPORTS\AMIS\FinancialStatement\FinancialStatements\BalanceSheet.rpt:The summary / running total field could not be created.
5/3/2011, 10:09:16 AM, 4, 0, D:\DMIS\DGI\REPORTS\AMIS\FinancialStatement\FinancialStatements\BalanceSheet.rpt:The summary / running total field could not be created.
5/3/2011, 10:10:29 AM, 4, 0, D:\DMIS\DGI\REPORTS\AMIS\FinancialStatement\FinancialStatements\BalanceSheet.rpt:The summary / running total field could not be created.
5/3/2011, 10:11:11 AM, 4, 0, D:\DMIS\DGI\REPORTS\AMIS\FinancialStatement\FinancialStatements\BalanceSheet.rpt:The summary / running total field could not be created.
5/3/2011, 1:31:17 PM, 4, 0, D:\DMIS\DGI\REPORTS\AMIS\FinancialStatement\FinancialStatements\BalanceSheet.rpt:The summary / running total field could not be created.
5/3/2011, 1:37:21 PM, 4, 0, D:\DMIS\DGI\REPORTS\AMIS\FinancialStatement\FinancialStatements\BalanceSheet.rpt:The summary / running total field could not be created.
5/3/2011, 1:38:16 PM, 4, 0, D:\DMIS\DGI\REPORTS\AMIS\FinancialStatement\FinancialStatements\BalanceSheet.rpt:The summary / running total field could not be created.
5/3/2011, 1:54:39 PM, 4, 0, D:\DMIS\DGI\REPORTS\AMIS\FinancialStatement\FinancialStatements\BalanceSheet.rpt:The summary / running total field could not be created.
5/3/2011, 2:03:01 PM, 4, 0, D:\DMIS\DGI\REPORTS\AMIS\FinancialStatement\FinancialStatements\BalanceSheet.rpt:The summary / running total field could not be created.
05/18/11, 10:21:47, 4, 0, :File not found.
05/18/11, 10:21:47, 4, 0, :File not found.
05/18/11, 10:22:25, 4, 0, :File not found.
6/28/2011, 5:41:11 PM, 4, 0, D:\DMIS\DGI\REPORTS\AMIS\FinancialStatement\FinancialStatements\BalanceSheet.rpt:The summary / running total field could not be created.
07/07/11, 14:30:32, 4, 0, D:\DMIS\HGC\AMIS\FinancialStatement\FinancialStatements\BalanceSheet.rpt:The summary / running total field could not be created.
07/07/11, 14:34:19, 4, 0, D:\DMIS\HGC\AMIS\FinancialStatement\FinancialStatements\BalanceSheet.rpt:The summary / running total field could not be created.
07/07/11, 14:35:12, 4, 0, D:\DMIS\HGC\AMIS\FinancialStatement\FinancialStatements\BalanceSheet.rpt:The summary / running total field could not be created.
7/19/2011, 10:41:30 PM, 4, 0, D:\DMIS\HCA\REPORTS\AMIS\FinancialStatement\FinancialStatements\ScheduleOfAdminAndSellingExpensesCurrent.rpt:A string is required here.
7/19/2011, 10:41:30 PM, 4, 0, D:\DMIS\HCA\REPORTS\AMIS\FinancialStatement\FinancialStatements\ScheduleOfAdminAndSellingExpensesCurrent.rpt:A string is required here.
7/19/2011, 10:42:14 PM, 4, 0, D:\DMIS\HCA\REPORTS\AMIS\FinancialStatement\FinancialStatements\ScheduleOfAdminAndSellingExpensesCurrent.rpt:A string is required here.
7/19/2011, 10:42:14 PM, 4, 0, D:\DMIS\HCA\REPORTS\AMIS\FinancialStatement\FinancialStatements\ScheduleOfAdminAndSellingExpensesCurrent.rpt:A string is required here.
7/19/2011, 10:42:59 PM, 4, 0, D:\DMIS\HCA\REPORTS\AMIS\FinancialStatement\FinancialStatements\ScheduleOfAdminAndSellingExpensesCurrent.rpt:A string is required here.
7/19/2011, 10:42:59 PM, 4, 0, D:\DMIS\HCA\REPORTS\AMIS\FinancialStatement\FinancialStatements\ScheduleOfAdminAndSellingExpensesCurrent.rpt:A string is required here.
7/19/2011, 10:43:58 PM, 4, 0, D:\DMIS\HCA\REPORTS\AMIS\FinancialStatement\FinancialStatements\ScheduleOfAdminAndSellingExpensesCurrent.rpt:A string is required here.
7/19/2011, 10:44:10 PM, 4, 0, D:\DMIS\HCA\REPORTS\AMIS\FinancialStatement\FinancialStatements\ScheduleOfAdminAndSellingExpensesCurrent.rpt:A string is required here.
7/19/2011, 10:44:16 PM, 4, 0, D:\DMIS\HCA\REPORTS\AMIS\FinancialStatement\FinancialStatements\ScheduleOfAdminAndSellingExpensesCurrent.rpt:A string is required here.
7/19/2011, 10:44:45 PM, 4, 0, D:\DMIS\HCA\REPORTS\AMIS\FinancialStatement\FinancialStatements\ScheduleOfAdminAndSellingExpensesCurrent.rpt:A string is required here.
7/19/2011, 10:45:23 PM, 4, 0, D:\DMIS\HCA\REPORTS\AMIS\FinancialStatement\FinancialStatements\ScheduleOfAdminAndSellingExpensesCurrent.rpt:A string is required here.
7/19/2011, 10:46:05 PM, 4, 0, D:\DMIS\HCA\REPORTS\AMIS\FinancialStatement\FinancialStatements\ScheduleOfAdminAndSellingExpensesCurrent.rpt:A string is required here.
7/19/2011, 10:46:33 PM, 4, 0, D:\DMIS\HCA\REPORTS\AMIS\FinancialStatement\FinancialStatements\ScheduleOfAdminAndSellingExpensesCurrent.rpt:A string is required here.
7/19/2011, 10:54:09 PM, 4, 0, D:\DMIS\HCA\REPORTS\AMIS\FinancialStatement\FinancialStatements\BalanceSheet.rpt:The summary / running total field could not be created.
7/19/2011, 11:05:46 PM, 4, 0, D:\DMIS\HCA\REPORTS\AMIS\FinancialStatement\FinancialStatements\BalanceSheet.rpt:The summary / running total field could not be created.
7/20/2011, 12:16:10 AM, 4, 0, D:\DMIS\HCA\REPORTS\AMIS\FinancialStatement\FinancialStatements\BalanceSheet.rpt:The summary / running total field could not be created.
7/20/2011, 12:17:05 AM, 4, 0, D:\DMIS\HCA\REPORTS\AMIS\FinancialStatement\FinancialStatements\BalanceSheet.rpt:The summary / running total field could not be created.
7/20/2011, 12:21:30 AM, 4, 0, D:\DMIS\HCA\REPORTS\AMIS\FinancialStatement\FinancialStatements\BalanceSheet.rpt:The summary / running total field could not be created.
7/20/2011, 12:42:28 AM, 4, 0, D:\DMIS\HCA\REPORTS\AMIS\FinancialStatement\FinancialStatements\BalanceSheet.rpt:The summary / running total field could not be created.
07/20/11, 08:59:34, 4, 0, :File not found.
07/20/11, 08:59:34, 4, 0, :File not found.
07/20/11, 09:00:32, 4, 0, D:\DMIS\HCA\REPORTS\AMIS\FinancialStatement\FinancialStatements\BalanceSheet.rpt:The summary / running total field could not be created.
07/20/11, 10:10:30, 4, 0, D:\DMIS\HCA\REPORTS\AMIS\FinancialStatement\FinancialStatements\IncomeStatements.rpt:This field name is not known.
07/20/11, 10:10:30, 4, 0, D:\DMIS\HCA\REPORTS\AMIS\FinancialStatement\FinancialStatements\IncomeStatements.rpt:This field name is not known.
07/20/11, 10:10:45, 4, 0, D:\DMIS\HCA\REPORTS\AMIS\FinancialStatement\FinancialStatements\IncomeStatements.rpt:This field name is not known.
07/20/11, 10:10:45, 4, 0, D:\DMIS\HCA\REPORTS\AMIS\FinancialStatement\FinancialStatements\IncomeStatements.rpt:The remaining text does not appear to be part of the formula.
07/20/11, 10:11:16, 4, 0, D:\DMIS\HCA\REPORTS\AMIS\FinancialStatement\FinancialStatements\IncomeStatements.rpt:This field name is not known.
07/20/11, 10:11:17, 4, 0, D:\DMIS\HCA\REPORTS\AMIS\FinancialStatement\FinancialStatements\IncomeStatements.rpt:This field name is not known.
07/20/11, 10:11:35, 4, 0, D:\DMIS\HCA\REPORTS\AMIS\FinancialStatement\FinancialStatements\IncomeStatements.rpt:A date is required here.
07/20/11, 10:11:35, 4, 0, D:\DMIS\HCA\REPORTS\AMIS\FinancialStatement\FinancialStatements\IncomeStatements.rpt:A date is required here.
07/20/11, 10:11:48, 4, 0, D:\DMIS\HCA\REPORTS\AMIS\FinancialStatement\FinancialStatements\IncomeStatements.rpt:A date is required here.
07/20/11, 10:11:48, 4, 0, D:\DMIS\HCA\REPORTS\AMIS\FinancialStatement\FinancialStatements\IncomeStatements.rpt:A date is required here.
07/20/11, 10:12:08, 4, 0, D:\DMIS\HCA\REPORTS\AMIS\FinancialStatement\FinancialStatements\IncomeStatements.rpt:

This group section cannot be printed because its condition field is nonexistent or invalid.  Format the section to choose another condition field.
07/20/11, 11:01:20, 4, 0, D:\DMIS\HCA\REPORTS\AMIS\FinancialStatement\FinancialStatements\IncomeStatements.rpt:The remaining text does not appear to be part of the formula.
07/20/11, 11:01:22, 4, 0, D:\DMIS\HCA\REPORTS\AMIS\FinancialStatement\FinancialStatements\IncomeStatements.rpt:The remaining text does not appear to be part of the formula.
07/20/11, 11:09:07, 4, 0, D:\DMIS\HCA\REPORTS\AMIS\FinancialStatement\FinancialStatements\IncomeStatements.rpt:The remaining text does not appear to be part of the formula.
07/20/11, 11:09:08, 4, 0, D:\DMIS\HCA\REPORTS\AMIS\FinancialStatement\FinancialStatements\IncomeStatements.rpt:The remaining text does not appear to be part of the formula.
07/20/11, 11:09:36, 4, 0, D:\DMIS\HCA\REPORTS\AMIS\FinancialStatement\FinancialStatements\IncomeStatements.rpt:The remaining text does not appear to be part of the formula.
07/20/11, 11:09:38, 4, 0, D:\DMIS\HCA\REPORTS\AMIS\FinancialStatement\FinancialStatements\IncomeStatements.rpt:The remaining text does not appear to be part of the formula.
07/20/11, 11:09:50, 4, 0, D:\DMIS\HCA\REPORTS\AMIS\FinancialStatement\FinancialStatements\IncomeStatements.rpt:The remaining text does not appear to be part of the formula.
07/20/11, 11:09:51, 4, 0, D:\DMIS\HCA\REPORTS\AMIS\FinancialStatement\FinancialStatements\IncomeStatements.rpt:The remaining text does not appear to be part of the formula.
07/20/11, 11:10:07, 4, 0, D:\DMIS\HCA\REPORTS\AMIS\FinancialStatement\FinancialStatements\IncomeStatements.rpt:The remaining text does not appear to be part of the formula.
07/20/11, 11:10:08, 4, 0, D:\DMIS\HCA\REPORTS\AMIS\FinancialStatement\FinancialStatements\IncomeStatements.rpt:The remaining text does not appear to be part of the formula.
07/20/11, 11:12:26, 4, 0, D:\DMIS\HCA\REPORTS\AMIS\FinancialStatement\FinancialStatements\IncomeStatements.rpt:The remaining text does not appear to be part of the formula.
07/20/11, 11:12:27, 4, 0, D:\DMIS\HCA\REPORTS\AMIS\FinancialStatement\FinancialStatements\IncomeStatements.rpt:The remaining text does not appear to be part of the formula.
07/20/11, 11:13:09, 4, 0, D:\DMIS\HCA\REPORTS\AMIS\FinancialStatement\FinancialStatements\IncomeStatements.rpt:The remaining text does not appear to be part of the formula.
07/20/11, 11:13:10, 4, 0, D:\DMIS\HCA\REPORTS\AMIS\FinancialStatement\FinancialStatements\IncomeStatements.rpt:The remaining text does not appear to be part of the formula.
07/20/11, 11:13:28, 4, 0, D:\DMIS\HCA\REPORTS\AMIS\FinancialStatement\FinancialStatements\IncomeStatements.rpt:The remaining text does not appear to be part of the formula.
07/20/11, 11:13:32, 4, 0, D:\DMIS\HCA\REPORTS\AMIS\FinancialStatement\FinancialStatements\IncomeStatements.rpt:The remaining text does not appear to be part of the formula.
07/20/11, 11:43:43, 4, 0, D:\DMIS\HCA\REPORTS\AMIS\FinancialStatement\FinancialStatements\IncomeStatements.rpt:Error detected by database DLL.
07/20/11, 11:45:30, 4, 0, D:\DMIS\HCA\REPORTS\AMIS\FinancialStatement\FinancialStatements\IncomeStatements.rpt:Error detected by database DLL.
07/20/11, 12:23:12, 4, 0, D:\DMIS\HCA\REPORTS\AMIS\FinancialStatement\FinancialStatements\IncomeStatements.rpt:The remaining text does not appear to be part of the formula.
07/20/11, 12:23:14, 4, 0, D:\DMIS\HCA\REPORTS\AMIS\FinancialStatement\FinancialStatements\IncomeStatements.rpt:The remaining text does not appear to be part of the formula.
7/21/2011, 12:33:05 AM, 4, 0, D:\DMIS\HCA\REPORTS\AMIS\FinancialStatement\FinancialStatements\BalanceSheet.rpt:The summary / running total field could not be created.
7/21/2011, 12:43:51 AM, 4, 0, D:\DMIS\HCA\REPORTS\AMIS\FinancialStatement\FinancialStatements\BalanceSheet.rpt:The summary / running total field could not be created.
7/21/2011, 12:46:06 AM, 4, 0, D:\DMIS\HCA\REPORTS\AMIS\FinancialStatement\FinancialStatements\BalanceSheet.rpt:The summary / running total field could not be created.
7/21/2011, 12:50:06 AM, 4, 0, D:\DMIS\HCA\REPORTS\AMIS\FinancialStatement\FinancialStatements\BalanceSheet.rpt:The summary / running total field could not be created.
7/21/2011, 12:50:27 AM, 4, 0, D:\DMIS\HCA\REPORTS\AMIS\FinancialStatement\FinancialStatements\BalanceSheet.rpt:The summary / running total field could not be created.
7/21/2011, 12:51:40 AM, 4, 0, D:\DMIS\HCA\REPORTS\AMIS\FinancialStatement\FinancialStatements\BalanceSheet.rpt:The summary / running total field could not be created.
7/21/2011, 1:00:45 AM, 4, 0, D:\DMIS\HCA\REPORTS\AMIS\FinancialStatement\FinancialStatements\BalanceSheet.rpt:The summary / running total field could not be created.
07/21/11, 10:03:00, 4, 0, :File not found.
07/21/11, 10:03:00, 4, 0, :File not found.
07/21/11, 10:06:25, 4, 0, D:\DMIS\HCA\REPORTS\AMIS\FinancialStatement\FinancialStatements\BalanceSheet.rpt:The summary / running total field could not be created.
7/22/2011, 10:44:48 AM, 4, 0, \\Dmisserver\DMIS\REPORTS\AMIS\FinancialStatement\FinancialStatements\BalanceSheet.rpt:The summary / running total field could not be created.
7/22/2011, 10:45:05 AM, 4, 0, \\Dmisserver\DMIS\REPORTS\AMIS\FinancialStatement\FinancialStatements\IncomeStatements.rpt:The remaining text does not appear to be part of the formula.
7/22/2011, 10:45:13 AM, 4, 0, \\Dmisserver\DMIS\REPORTS\AMIS\FinancialStatement\FinancialStatements\IncomeStatements.rpt:The remaining text does not appear to be part of the formula.
7/22/2011, 10:46:00 AM, 4, 0, D:\DMIS\HCA\REPORTS\AMIS\FinancialStatement\FinancialStatements\IncomeStatements.rpt:The remaining text does not appear to be part of the formula.
7/22/2011, 10:46:05 AM, 4, 0, D:\DMIS\HCA\REPORTS\AMIS\FinancialStatement\FinancialStatements\IncomeStatements.rpt:The remaining text does not appear to be part of the formula.
7/22/2011, 10:46:48 AM, 4, 0, D:\DMIS\HCA\REPORTS\AMIS\FinancialStatement\FinancialStatements\IncomeStatements.rpt:The remaining text does not appear to be part of the formula.
7/22/2011, 10:46:54 AM, 4, 0, D:\DMIS\HCA\REPORTS\AMIS\FinancialStatement\FinancialStatements\IncomeStatements.rpt:The remaining text does not appear to be part of the formula.
07/26/11, 10:54:13, 4, 0, D:\DMIS\HMH\AMIS\FinancialStatement\FinancialStatements\BalanceSheet.rpt:The summary / running total field could not be created.
07/26/11, 10:55:17, 4, 0, D:\DMIS\HMH\AMIS\FinancialStatement\FinancialStatements\BalanceSheet.rpt:The summary / running total field could not be created.
07/26/11, 10:56:19, 4, 0, D:\DMIS\HMH\AMIS\FinancialStatement\FinancialStatements\BalanceSheet.rpt:The summary / running total field could not be created.
07/26/11, 10:57:19, 4, 0, D:\DMIS\HMH\AMIS\FinancialStatement\FinancialStatements\BalanceSheet.rpt:The summary / running total field could not be created.
07/26/11, 10:58:05, 4, 0, D:\DMIS\HMH\AMIS\FinancialStatement\FinancialStatements\BalanceSheet.rpt:The summary / running total field could not be created.
07/26/11, 10:58:16, 4, 0, D:\DMIS\HMH\AMIS\FinancialStatement\FinancialStatements\BalanceSheet.rpt:The summary / running total field could not be created.
07/26/11, 11:01:22, 4, 0, D:\DMIS\HCA\REPORTS\AMIS\FinancialStatement\FinancialStatements\BalanceSheet.rpt:The summary / running total field could not be created.
07/26/11, 11:03:31, 4, 0, D:\DMIS\HCA\REPORTS\AMIS\FinancialStatement\FinancialStatements\BalanceSheet.rpt:The summary / running total field could not be created.
07/26/11, 11:06:21, 4, 0, D:\DMIS\HCA\REPORTS\AMIS\FinancialStatement\FinancialStatements\BalanceSheet.rpt:The summary / running total field could not be created.
07/26/11, 11:10:10, 4, 0, D:\DMIS\HCA\REPORTS\AMIS\FinancialStatement\FinancialStatements\BalanceSheet.rpt:The summary / running total field could not be created.
07/26/11, 11:11:06, 4, 0, D:\DMIS\HCA\REPORTS\AMIS\FinancialStatement\FinancialStatements\BalanceSheet.rpt:The summary / running total field could not be created.
07/26/11, 11:12:10, 4, 0, D:\DMIS\HCA\REPORTS\AMIS\FinancialStatement\FinancialStatements\BalanceSheet.rpt:The summary / running total field could not be created.
07/26/11, 11:16:38, 4, 0, D:\DMIS\HCA\REPORTS\AMIS\FinancialStatement\FinancialStatements\BalanceSheet.rpt:The summary / running total field could not be created.
7/26/2011, 11:19:34 AM, 4, 0, D:\DMIS\HCA\REPORTS\AMIS\FinancialStatement\FinancialStatements\ScheduleOfSellingExpensesCurrent.rpt:The summary / running total field could not be created.
7/26/2011, 11:19:34 AM, 4, 0, D:\DMIS\HCA\REPORTS\AMIS\FinancialStatement\FinancialStatements\ScheduleOfSellingExpensesCurrent.rpt:The summary / running total field could not be created.
07/28/11, 10:42:53, 4, 0, D:\DMIS\DGI\REPORTS\AMIS\FinancialStatement\FinancialStatements\BalanceSheet.rpt:The summary / running total field could not be created.
08/01/11, 12:20:26, 4, 0, D:\DMIS\DGI\REPORTS\AMIS\FinancialStatement\FinancialStatements\BalanceSheet.rpt:The summary / running total field could not be created.
08/01/11, 12:21:29, 4, 0, D:\DMIS\DGI\REPORTS\AMIS\FinancialStatement\FinancialStatements\BalanceSheet.rpt:The summary / running total field could not be created.
