01/20/10, 15:34:45, 4, 0, \\SERVER\DMIS\MANILA\HAI\REPORTS\PMIS\printparts.rpt:Server has not yet been opened.
01/20/10, 15:35:01, 4, 0, \\server\DMIS\MANILA\HAI\REPORTS\AMIS\Files\Suppliers.rpt:Server has not yet been opened.
3/14/2010, 5:50:45 PM, 4, 0, :File not found.
3/14/2010, 5:50:45 PM, 4, 0, :File not found.
3/14/2010, 5:51:56 PM, 4, 0, :File not found.
3/14/2010, 5:51:56 PM, 4, 0, :File not found.
3/14/2010, 5:52:10 PM, 4, 0, :File not found.
3/14/2010, 5:52:20 PM, 4, 0, :File not found.
3/14/2010, 5:52:20 PM, 4, 0, :File not found.
3/14/2010, 6:02:44 PM, 4, 0, :File not found.
3/14/2010, 6:02:44 PM, 4, 0, :File not found.
3/14/2010, 6:16:38 PM, 4, 0, :File not found.
3/14/2010, 6:16:38 PM, 4, 0, :File not found.
1/26/2011, 7:43:44 PM, 4, 0, D:\MANILA\MITSU\PMIS\CHG.RPT:A number, currency amount, boolean, date, time, date-time, or string is expected here.
1/26/2011, 7:43:44 PM, 4, 0, D:\MANILA\MITSU\PMIS\CHG.RPT:A number, currency amount, boolean, date, time, date-time, or string is expected here.
1/26/2011, 7:45:25 PM, 4, 0, D:\MANILA\MITSU\PMIS\CHG.RPT:A number, currency amount, boolean, date, time, date-time, or string is expected here.
1/26/2011, 7:45:25 PM, 4, 0, D:\MANILA\MITSU\PMIS\CHG.RPT:A number, currency amount, boolean, date, time, date-time, or string is expected here.
1/26/2011, 7:48:23 PM, 4, 0, D:\MANILA\MITSU\PMIS\CHG.RPT:A number, currency amount, boolean, date, time, date-time, or string is expected here.
1/26/2011, 7:48:23 PM, 4, 0, D:\MANILA\MITSU\PMIS\CHG.RPT:A number, currency amount, boolean, date, time, date-time, or string is expected here.
2/29/2012, 1:24:14 PM, 4, 0, D:\MANILA\HPC\REPORTS\PMIS\PO_Hist.RPT:This field name is not known.
2/29/2012, 1:24:15 PM, 4, 0, D:\MANILA\HPC\REPORTS\PMIS\PO_Hist.RPT:This field name is not known.
2/29/2012, 1:24:33 PM, 4, 0, D:\MANILA\HPC\REPORTS\PMIS\PO_Hist.RPT:This field name is not known.
2/29/2012, 1:24:33 PM, 4, 0, D:\MANILA\HPC\REPORTS\PMIS\PO_Hist.RPT:This field name is not known.
3/18/2011, 1:50:15 PM, 4, 0, D:\MANILA\HCI\PMIS\printunservedboth.rpt:The matching ' for this string is missing.
3/18/2011, 2:45:03 PM, 4, 0, D:\MANILA\HCI\PMIS\printunservedboth.rpt:The remaining text does not appear to be part of the formula.
3/18/2011, 2:51:20 PM, 4, 0, D:\MANILA\HCI\PMIS\printunservedboth.rpt:The remaining text does not appear to be part of the formula.
3/21/2011, 10:19:04 AM, 4, 0, D:\MANILA\HCI\PMIS\printunservedboth.rpt:The remaining text does not appear to be part of the formula.
3/22/2011, 11:32:06 AM, 4, 0, :File not found.
3/22/2011, 11:32:06 AM, 4, 0, :File not found.
3/22/2011, 11:32:37 AM, 4, 0, :File not found.
3/25/2011, 3:57:30 PM, 4, 0, :File not found.
3/25/2011, 3:57:30 PM, 4, 0, :File not found.
3/28/2011, 10:04:25 AM, 4, 0, :File not found.
3/28/2011, 10:04:25 AM, 4, 0, :File not found.
3/28/2011, 10:05:42 AM, 4, 0, :File not found.
3/28/2011, 11:46:02 AM, 4, 0, :File not found.
3/28/2011, 11:46:02 AM, 4, 0, :File not found.
04/11/11, 12:48:30, 4, 0, D:\MANILA\HGC\REPORTS\PMIS\PO_Hist.RPT:This field name is not known.
04/11/11, 12:48:30, 4, 0, D:\MANILA\HGC\REPORTS\PMIS\PO_Hist.RPT:This field name is not known.
04/11/11, 12:48:46, 4, 0, D:\MANILA\HGC\REPORTS\PMIS\PO_Hist.RPT:This field name is not known.
04/11/11, 12:48:46, 4, 0, D:\MANILA\HGC\REPORTS\PMIS\PO_Hist.RPT:This field name is not known.
04/11/11, 12:53:32, 4, 0, D:\MANILA\HGC\REPORTS\PMIS\PO_Hist.RPT:This field name is not known.
04/11/11, 12:53:32, 4, 0, D:\MANILA\HGC\REPORTS\PMIS\PO_Hist.RPT:This field name is not known.
04/11/11, 12:54:35, 4, 0, D:\MANILA\HGC\REPORTS\PMIS\PO_Hist.RPT:This field name is not known.
04/11/11, 12:54:35, 4, 0, D:\MANILA\HGC\REPORTS\PMIS\PO_Hist.RPT:This field name is not known.
04/11/11, 12:55:16, 4, 0, D:\MANILA\HGC\REPORTS\PMIS\PO_Hist.RPT:This field name is not known.
04/11/11, 12:55:16, 4, 0, D:\MANILA\HGC\REPORTS\PMIS\PO_Hist.RPT:This field name is not known.
05/27/11, 10:53:02, 4, 0, \\NSISERVER\DMIS\MANILA\HGC\REPORTS\PMIS\PO_Hist.rpt:This field name is not known.
05/27/11, 10:53:02, 4, 0, \\NSISERVER\DMIS\MANILA\HGC\REPORTS\PMIS\PO_Hist.rpt:This field name is not known.
05/27/11, 10:55:21, 4, 0, \\NSISERVER\DMIS\MANILA\HGC\REPORTS\PMIS\PO_Hist.rpt:This field name is not known.
05/27/11, 10:55:21, 4, 0, \\NSISERVER\DMIS\MANILA\HGC\REPORTS\PMIS\PO_Hist.rpt:This field name is not known.
05/27/11, 10:55:34, 4, 0, \\NSISERVER\DMIS\MANILA\HGC\REPORTS\PMIS\PO_Hist.rpt:This field name is not known.
05/27/11, 10:55:34, 4, 0, \\NSISERVER\DMIS\MANILA\HGC\REPORTS\PMIS\PO_Hist.rpt:This field name is not known.
05/27/11, 10:55:46, 4, 0, \\NSISERVER\DMIS\MANILA\HGC\REPORTS\PMIS\PO_Hist.rpt:This field name is not known.
05/27/11, 10:55:46, 4, 0, \\NSISERVER\DMIS\MANILA\HGC\REPORTS\PMIS\PO_Hist.rpt:This field name is not known.
05/27/11, 10:58:09, 4, 0, \\NSISERVER\DMIS\MANILA\HGC\REPORTS\PMIS\PO_Hist.rpt:This field name is not known.
05/27/11, 10:58:09, 4, 0, \\NSISERVER\DMIS\MANILA\HGC\REPORTS\PMIS\PO_Hist.rpt:This field name is not known.
05/27/11, 11:00:30, 4, 0, D:\DIAMOND\REPORTS\PMIS\PO_Hist.rpt:The remaining text does not appear to be part of the formula.
05/27/11, 11:00:30, 4, 0, D:\DIAMOND\REPORTS\PMIS\PO_Hist.rpt:The remaining text does not appear to be part of the formula.
6/9/2011, 3:39:02 PM, 4, 0, \\NSISERVER\MITSUBISHI DMIS\REPORTS\PMIS\PO.RPT:Error starting print job. Please check your printer or network connection.
6/9/2011, 3:41:03 PM, 4, 0, \\NSISERVER\MITSUBISHI DMIS\REPORTS\PMIS\PO.RPT:Error starting print job. Please check your printer or network connection.
12/2/2011, 11:27:51 AM, 4, 0, \\NSISERVER\MITSUBISHI DMIS\REPORTS\PMIS\PO_Hist.rpt:This field name is not known.
12/2/2011, 11:27:51 AM, 4, 0, \\NSISERVER\MITSUBISHI DMIS\REPORTS\PMIS\PO_Hist.rpt:This field name is not known.
12/2/2011, 11:31:53 AM, 4, 0, \\NSISERVER\MITSUBISHI DMIS\REPORTS\PMIS\PO_Hist.rpt:This field name is not known.
12/2/2011, 11:31:53 AM, 4, 0, \\NSISERVER\MITSUBISHI DMIS\REPORTS\PMIS\PO_Hist.rpt:This field name is not known.
12/2/2011, 11:36:01 AM, 4, 0, \\NSISERVER\MITSUBISHI DMIS\REPORTS\PMIS\PO_Hist.rpt:Server has not yet been opened.
12/2/2011, 11:36:10 AM, 4, 0, \\NSISERVER\MITSUBISHI DMIS\REPORTS\PMIS\PO_Hist.rpt:Server has not yet been opened.
2/17/2012, 10:48:21 AM, 4, 0, :Dos error.
2/17/2012, 10:48:21 AM, 4, 0, :Dos error.
2/17/2012, 11:34:18 AM, 4, 0, D:\MITZU\REPORTS\PMIS\stock2_2.rpt:The file is in use by another application.
5/3/2012, 1:29:34 PM, 4, 0, \\NSISERVER\MITSUBISHI DMIS\REPORTS\JABEZ\REPORTS\PMIS\stock1.rpt:Error detected by database DLL.
06/08/12, 10:38:22, 4, 0, \\NSISERVER\MITSUBISHI DMIS\REPORTS\DSSC\REPORTS\PMIS\PO_Hist.RPT:This field name is not known.
06/08/12, 10:38:22, 4, 0, \\NSISERVER\MITSUBISHI DMIS\REPORTS\DSSC\REPORTS\PMIS\PO_Hist.RPT:This field name is not known.
06/08/12, 10:47:03, 4, 0, \\NSISERVER\MITSUBISHI DMIS\REPORTS\DSSC\REPORTS\PMIS\PO_Hist.RPT:This field name is not known.
06/08/12, 10:47:03, 4, 0, \\NSISERVER\MITSUBISHI DMIS\REPORTS\DSSC\REPORTS\PMIS\PO_Hist.RPT:This field name is not known.
12/05/12, 11:54:34, 4, 0, D:\DMIS\REPORTS\PMIS\CSH.RPT:Error detected by database DLL.
01/10/13, 13:56:19, 4, 0, D:\FRESH DMIS\DMIS\REPORTS\HMH\REPORTS\PMIS\CSH.RPT:This field name is not known.
01/10/13, 13:56:19, 4, 0, D:\FRESH DMIS\DMIS\REPORTS\HMH\REPORTS\PMIS\CSH.RPT:This field name is not known.
01/10/13, 13:56:55, 4, 0, D:\FRESH DMIS\DMIS\REPORTS\HMH\REPORTS\PMIS\CSH.RPT:This field name is not known.
01/10/13, 13:56:55, 4, 0, D:\FRESH DMIS\DMIS\REPORTS\HMH\REPORTS\PMIS\CSH.RPT:This field name is not known.
01/10/13, 14:02:58, 4, 0, D:\FRESH DMIS\DMIS\REPORTS\HMH\REPORTS\PMIS\CSH.RPT:This field name is not known.
01/10/13, 14:02:58, 4, 0, D:\FRESH DMIS\DMIS\REPORTS\HMH\REPORTS\PMIS\CSH.RPT:This field name is not known.
5/22/2014, 11:24:51 AM, 4, 0, :Dos error.
5/22/2014, 11:24:51 AM, 4, 0, :Dos error.
5/22/2014, 11:28:04 AM, 4, 0, :Dos error.
06/03/14, 13:16:50, 4, 0, \\NSISERVER\MITSUBISHI DMIS\REPORTS\DGI\REPORTS\PMIS\stock2.rpt:Error detected by database DLL.
6/5/2014, 5:13:29 PM, 4, 0, :Invalid directory.
6/5/2014, 5:13:29 PM, 4, 0, :Invalid directory.
6/5/2014, 5:13:31 PM, 4, 0, :Invalid directory.
6/5/2014, 5:13:31 PM, 4, 0, :Invalid directory.
6/5/2014, 5:15:22 PM, 4, 0, :File not found.
6/5/2014, 5:15:22 PM, 4, 0, :File not found.
9/4/2015, 1:47:43 PM, 4, 0, C:\REPORTS\HNE\REPORTS\PMIS\rrmat.rpt:Server has not yet been opened.
11/09/15, 17:33:44, 4, 0, D:\REPORTS\JMC\REPORTS\PMIS\RIV_InProcess.rpt:A date is required here.
11/09/15, 17:33:44, 4, 0, D:\REPORTS\JMC\REPORTS\PMIS\RIV_InProcess.rpt:A date is required here.
11/09/15, 17:34:38, 4, 0, D:\REPORTS\JMC\REPORTS\PMIS\RIV_InProcess.rpt:A date is required here.
11/09/15, 17:34:38, 4, 0, D:\REPORTS\JMC\REPORTS\PMIS\RIV_InProcess.rpt:A date is required here.
11/09/15, 17:44:59, 4, 0, D:\REPORTS\JMC\REPORTS\PMIS\RIV_InProcess.rpt:A date is required here.
11/09/15, 17:44:59, 4, 0, D:\REPORTS\JMC\REPORTS\PMIS\RIV_InProcess.rpt:A date is required here.
11/11/15, 09:40:22, 4, 0, D:\REPORTS\PMIS\RIV_InProcess.rpt:This field name is not known.
11/11/15, 09:40:22, 4, 0, D:\REPORTS\PMIS\RIV_InProcess.rpt:This field name is not known.
11/11/15, 09:40:50, 4, 0, D:\REPORTS\PMIS\RIV_InProcess.rpt:This field name is not known.
11/11/15, 09:40:50, 4, 0, D:\REPORTS\PMIS\RIV_InProcess.rpt:This field name is not known.
11/11/15, 09:41:13, 4, 0, D:\REPORTS\PMIS\RIV_InProcess.rpt:A string is required here.
11/11/15, 09:41:13, 4, 0, D:\REPORTS\PMIS\RIV_InProcess.rpt:A string is required here.
11/11/15, 09:41:23, 4, 0, D:\REPORTS\PMIS\RIV_InProcess.rpt:A number, currency amount, boolean, date, time, date-time, or string is expected here.
11/11/15, 09:41:23, 4, 0, D:\REPORTS\PMIS\RIV_InProcess.rpt:A number, currency amount, boolean, date, time, date-time, or string is expected here.
11/11/15, 09:41:40, 4, 0, D:\REPORTS\PMIS\RIV_InProcess.rpt:A number, currency amount, boolean, date, time, date-time, or string is expected here.
11/11/15, 09:41:40, 4, 0, D:\REPORTS\PMIS\RIV_InProcess.rpt:A number, currency amount, boolean, date, time, date-time, or string is expected here.
11/11/2015, 9:49:38 AM, 4, 0, D:\REPORTS\PMIS\RIV_InProcess.rpt:This field name is not known.
11/11/2015, 9:49:38 AM, 4, 0, D:\REPORTS\PMIS\RIV_InProcess.rpt:This field name is not known.
11/11/2015, 9:51:30 AM, 4, 0, D:\REPORTS\PMIS\RIV_InProcess.rpt:The remaining text does not appear to be part of the formula.
11/11/2015, 9:51:30 AM, 4, 0, D:\REPORTS\PMIS\RIV_InProcess.rpt:The remaining text does not appear to be part of the formula.
11/11/2015, 9:52:02 AM, 4, 0, D:\REPORTS\PMIS\RIV_InProcess.rpt:The remaining text does not appear to be part of the formula.
11/11/2015, 9:52:02 AM, 4, 0, D:\REPORTS\PMIS\RIV_InProcess.rpt:The remaining text does not appear to be part of the formula.
11/11/2015, 9:52:27 AM, 4, 0, D:\REPORTS\PMIS\RIV_InProcess.rpt:The remaining text does not appear to be part of the formula.
11/11/2015, 9:52:27 AM, 4, 0, D:\REPORTS\PMIS\RIV_InProcess.rpt:The remaining text does not appear to be part of the formula.
11/11/2015, 9:53:10 AM, 4, 0, D:\REPORTS\PMIS\RIV_InProcess.rpt:A date is required here.
11/11/2015, 9:53:10 AM, 4, 0, D:\REPORTS\PMIS\RIV_InProcess.rpt:A date is required here.
11/11/2015, 9:53:26 AM, 4, 0, D:\REPORTS\PMIS\RIV_InProcess.rpt:A date is required here.
11/11/2015, 9:53:26 AM, 4, 0, D:\REPORTS\PMIS\RIV_InProcess.rpt:A date is required here.
11/11/2015, 9:54:14 AM, 4, 0, D:\REPORTS\PMIS\RIV_InProcess.rpt:A date is required here.
11/11/2015, 9:54:14 AM, 4, 0, D:\REPORTS\PMIS\RIV_InProcess.rpt:A date is required here.
11/11/2015, 9:55:06 AM, 4, 0, D:\REPORTS\PMIS\RIV_InProcess.rpt:A date is required here.
11/11/2015, 9:55:06 AM, 4, 0, D:\REPORTS\PMIS\RIV_InProcess.rpt:A date is required here.
11/11/2015, 9:55:48 AM, 4, 0, D:\REPORTS\PMIS\RIV_InProcess.rpt:A date is required here.
11/11/2015, 9:55:48 AM, 4, 0, D:\REPORTS\PMIS\RIV_InProcess.rpt:A date is required here.
11/11/2015, 10:51:54 AM, 4, 0, D:\REPORTS\PMIS\RIV_InProcess.rpt:The remaining text does not appear to be part of the formula.
11/11/2015, 10:51:54 AM, 4, 0, D:\REPORTS\PMIS\RIV_InProcess.rpt:The remaining text does not appear to be part of the formula.
11/11/2015, 10:52:05 AM, 4, 0, D:\REPORTS\PMIS\RIV_InProcess.rpt:The remaining text does not appear to be part of the formula.
11/11/2015, 10:52:05 AM, 4, 0, D:\REPORTS\PMIS\RIV_InProcess.rpt:The remaining text does not appear to be part of the formula.
11/11/2015, 10:55:32 AM, 4, 0, D:\REPORTS\PMIS\RIV_InProcess.rpt:The ) is missing.
11/11/2015, 10:55:32 AM, 4, 0, D:\REPORTS\PMIS\RIV_InProcess.rpt:The ) is missing.
11/11/2015, 10:56:33 AM, 4, 0, D:\REPORTS\PMIS\RIV_InProcess.rpt:The ) is missing.
11/11/2015, 10:56:33 AM, 4, 0, D:\REPORTS\PMIS\RIV_InProcess.rpt:The ) is missing.
11/12/15, 11:12:38, 4, 0, D:\REPORTS\PMIS\RIV_InProcess.rpt:This field name is not known.
11/12/15, 11:12:52, 4, 0, D:\REPORTS\PMIS\RIV_InProcess.rpt:This field name is not known.
08/12/16, 16:41:48, 4, 0, D:\REPORTS\JMC\REPORTS\PMIS\RequisitionSlip_Parts_OTC.rpt:Server has not yet been opened.
08/12/16, 16:41:51, 4, 0, D:\REPORTS\JMC\REPORTS\PMIS\RequisitionSlip_Parts_OTC.rpt:Server has not yet been opened.
